[10.017s] Invoking command in '/home/raspi-earth/project_ws/src/launch_project': PYTHONPATH=/home/raspi-earth/project_ws/build/launch_project/prefix_override:/usr/lib/python3/dist-packages/colcon_core/task/python/colcon_distutils_commands:/home/raspi-earth/project_ws/install/launch_project/lib/python3.11/site-packages:${PYTHONPATH} /usr/bin/python3 -W ignore:setup.py install is deprecated -W ignore:easy_install command is deprecated setup.py egg_info --egg-base ../../build/launch_project build --build-base /home/raspi-earth/project_ws/build/launch_project/build install --record /home/raspi-earth/project_ws/build/launch_project/install.log --single-version-externally-managed install_data
[12.624s] running egg_info
[12.765s] writing ../../build/launch_project/launch_project.egg-info/PKG-INFO
[12.765s] writing dependency_links to ../../build/launch_project/launch_project.egg-info/dependency_links.txt
[12.766s] writing requirements to ../../build/launch_project/launch_project.egg-info/requires.txt
[12.766s] writing top-level names to ../../build/launch_project/launch_project.egg-info/top_level.txt
[12.914s] reading manifest file '../../build/launch_project/launch_project.egg-info/SOURCES.txt'
[12.914s] adding license file 'LICENSE'
[12.916s] writing manifest file '../../build/launch_project/launch_project.egg-info/SOURCES.txt'
[12.916s] running build
[12.916s] running build_py
[12.917s] running install
[12.934s] running install_lib
[13.108s] running install_data
[13.116s] running install_egg_info
[13.300s] removing '/home/raspi-earth/project_ws/install/launch_project/lib/python3.11/site-packages/launch_project-0.0.0-py3.11.egg-info' (and everything under it)
[13.305s] Copying ../../build/launch_project/launch_project.egg-info to /home/raspi-earth/project_ws/install/launch_project/lib/python3.11/site-packages/launch_project-0.0.0-py3.11.egg-info
[13.305s] running install_scripts
[13.571s] writing list of installed files to '/home/raspi-earth/project_ws/build/launch_project/install.log'
[13.771s] Invoked command in '/home/raspi-earth/project_ws/src/launch_project' returned '0': PYTHONPATH=/home/raspi-earth/project_ws/build/launch_project/prefix_override:/usr/lib/python3/dist-packages/colcon_core/task/python/colcon_distutils_commands:/home/raspi-earth/project_ws/install/launch_project/lib/python3.11/site-packages:${PYTHONPATH} /usr/bin/python3 -W ignore:setup.py install is deprecated -W ignore:easy_install command is deprecated setup.py egg_info --egg-base ../../build/launch_project build --build-base /home/raspi-earth/project_ws/build/launch_project/build install --record /home/raspi-earth/project_ws/build/launch_project/install.log --single-version-externally-managed install_data
