[6.646s] Invoking command in '/home/raspi-earth/project_ws/src/motor_control': PYTHONPATH=/home/raspi-earth/project_ws/build/motor_control/prefix_override:/usr/lib/python3/dist-packages/colcon_core/task/python/colcon_distutils_commands:/home/raspi-earth/project_ws/install/motor_control/lib/python3.11/site-packages:${PYTHONPATH} /usr/bin/python3 -W ignore:setup.py install is deprecated -W ignore:easy_install command is deprecated setup.py egg_info --egg-base ../../build/motor_control build --build-base /home/raspi-earth/project_ws/build/motor_control/build install --record /home/raspi-earth/project_ws/build/motor_control/install.log --single-version-externally-managed install_data
[8.171s] running egg_info
[8.240s] writing ../../build/motor_control/motor_control.egg-info/PKG-INFO
[8.250s] writing dependency_links to ../../build/motor_control/motor_control.egg-info/dependency_links.txt
[8.250s] writing entry points to ../../build/motor_control/motor_control.egg-info/entry_points.txt
[8.254s] writing requirements to ../../build/motor_control/motor_control.egg-info/requires.txt
[8.255s] writing top-level names to ../../build/motor_control/motor_control.egg-info/top_level.txt
[8.442s] reading manifest file '../../build/motor_control/motor_control.egg-info/SOURCES.txt'
[8.443s] adding license file 'LICENSE'
[8.444s] writing manifest file '../../build/motor_control/motor_control.egg-info/SOURCES.txt'
[8.445s] running build
[8.445s] running build_py
[8.448s] running install
[8.460s] running install_lib
[8.560s] running install_data
[8.562s] running install_egg_info
[8.676s] removing '/home/raspi-earth/project_ws/install/motor_control/lib/python3.11/site-packages/motor_control-0.0.0-py3.11.egg-info' (and everything under it)
[8.682s] Copying ../../build/motor_control/motor_control.egg-info to /home/raspi-earth/project_ws/install/motor_control/lib/python3.11/site-packages/motor_control-0.0.0-py3.11.egg-info
[8.682s] running install_scripts
[9.034s] Installing servodrive script to /home/raspi-earth/project_ws/install/motor_control/lib/motor_control
[9.034s] Installing stepmotor1 script to /home/raspi-earth/project_ws/install/motor_control/lib/motor_control
[9.035s] Installing stepmotor2 script to /home/raspi-earth/project_ws/install/motor_control/lib/motor_control
[9.035s] Installing stepmotor3 script to /home/raspi-earth/project_ws/install/motor_control/lib/motor_control
[9.035s] writing list of installed files to '/home/raspi-earth/project_ws/build/motor_control/install.log'
[9.214s] Invoked command in '/home/raspi-earth/project_ws/src/motor_control' returned '0': PYTHONPATH=/home/raspi-earth/project_ws/build/motor_control/prefix_override:/usr/lib/python3/dist-packages/colcon_core/task/python/colcon_distutils_commands:/home/raspi-earth/project_ws/install/motor_control/lib/python3.11/site-packages:${PYTHONPATH} /usr/bin/python3 -W ignore:setup.py install is deprecated -W ignore:easy_install command is deprecated setup.py egg_info --egg-base ../../build/motor_control build --build-base /home/raspi-earth/project_ws/build/motor_control/build install --record /home/raspi-earth/project_ws/build/motor_control/install.log --single-version-externally-managed install_data
