[7.462s] Invoking command in '/home/raspi-earth/project_ws/src/launch_project': PYTHONPATH=/home/raspi-earth/project_ws/build/launch_project/prefix_override:/usr/lib/python3/dist-packages/colcon_core/task/python/colcon_distutils_commands:/home/raspi-earth/project_ws/install/launch_project/lib/python3.11/site-packages:${PYTHONPATH} /usr/bin/python3 -W ignore:setup.py install is deprecated -W ignore:easy_install command is deprecated setup.py egg_info --egg-base ../../build/launch_project build --build-base /home/raspi-earth/project_ws/build/launch_project/build install --record /home/raspi-earth/project_ws/build/launch_project/install.log --single-version-externally-managed install_data
[9.069s] running egg_info
[9.111s] writing ../../build/launch_project/launch_project.egg-info/PKG-INFO
[9.113s] writing dependency_links to ../../build/launch_project/launch_project.egg-info/dependency_links.txt
[9.116s] writing requirements to ../../build/launch_project/launch_project.egg-info/requires.txt
[9.117s] writing top-level names to ../../build/launch_project/launch_project.egg-info/top_level.txt
[9.248s] reading manifest file '../../build/launch_project/launch_project.egg-info/SOURCES.txt'
[9.250s] adding license file 'LICENSE'
[9.255s] writing manifest file '../../build/launch_project/launch_project.egg-info/SOURCES.txt'
[9.256s] running build
[9.258s] running build_py
[9.260s] running install
[9.276s] running install_lib
[9.324s] running install_data
[9.325s] running install_egg_info
[9.482s] removing '/home/raspi-earth/project_ws/install/launch_project/lib/python3.11/site-packages/launch_project-0.0.0-py3.11.egg-info' (and everything under it)
[9.487s] Copying ../../build/launch_project/launch_project.egg-info to /home/raspi-earth/project_ws/install/launch_project/lib/python3.11/site-packages/launch_project-0.0.0-py3.11.egg-info
[9.488s] running install_scripts
[9.768s] writing list of installed files to '/home/raspi-earth/project_ws/build/launch_project/install.log'
[9.996s] Invoked command in '/home/raspi-earth/project_ws/src/launch_project' returned '0': PYTHONPATH=/home/raspi-earth/project_ws/build/launch_project/prefix_override:/usr/lib/python3/dist-packages/colcon_core/task/python/colcon_distutils_commands:/home/raspi-earth/project_ws/install/launch_project/lib/python3.11/site-packages:${PYTHONPATH} /usr/bin/python3 -W ignore:setup.py install is deprecated -W ignore:easy_install command is deprecated setup.py egg_info --egg-base ../../build/launch_project build --build-base /home/raspi-earth/project_ws/build/launch_project/build install --record /home/raspi-earth/project_ws/build/launch_project/install.log --single-version-externally-managed install_data
