[5.900s] Invoking command in '/home/raspi-earth/project_ws/src/processor_unit': PYTHONPATH=/home/raspi-earth/project_ws/build/processor_unit/prefix_override:/usr/lib/python3/dist-packages/colcon_core/task/python/colcon_distutils_commands:/home/raspi-earth/project_ws/install/processor_unit/lib/python3.11/site-packages:${PYTHONPATH} /usr/bin/python3 -W ignore:setup.py install is deprecated -W ignore:easy_install command is deprecated setup.py egg_info --egg-base ../../build/processor_unit build --build-base /home/raspi-earth/project_ws/build/processor_unit/build install --record /home/raspi-earth/project_ws/build/processor_unit/install.log --single-version-externally-managed install_data
[7.034s] running egg_info
[7.073s] writing ../../build/processor_unit/processor_unit.egg-info/PKG-INFO
[7.074s] writing dependency_links to ../../build/processor_unit/processor_unit.egg-info/dependency_links.txt
[7.077s] writing requirements to ../../build/processor_unit/processor_unit.egg-info/requires.txt
[7.077s] writing top-level names to ../../build/processor_unit/processor_unit.egg-info/top_level.txt
[7.201s] reading manifest file '../../build/processor_unit/processor_unit.egg-info/SOURCES.txt'
[7.201s] adding license file 'LICENSE'
[7.201s] writing manifest file '../../build/processor_unit/processor_unit.egg-info/SOURCES.txt'
[7.201s] running build
[7.201s] running build_py
[7.201s] running install
[7.217s] running install_lib
[7.262s] running install_data
[7.262s] running install_egg_info
[7.378s] removing '/home/raspi-earth/project_ws/install/processor_unit/lib/python3.11/site-packages/processor_unit-0.0.0-py3.11.egg-info' (and everything under it)
[7.378s] Copying ../../build/processor_unit/processor_unit.egg-info to /home/raspi-earth/project_ws/install/processor_unit/lib/python3.11/site-packages/processor_unit-0.0.0-py3.11.egg-info
[7.380s] running install_scripts
[7.629s] writing list of installed files to '/home/raspi-earth/project_ws/build/processor_unit/install.log'
[7.794s] Invoked command in '/home/raspi-earth/project_ws/src/processor_unit' returned '0': PYTHONPATH=/home/raspi-earth/project_ws/build/processor_unit/prefix_override:/usr/lib/python3/dist-packages/colcon_core/task/python/colcon_distutils_commands:/home/raspi-earth/project_ws/install/processor_unit/lib/python3.11/site-packages:${PYTHONPATH} /usr/bin/python3 -W ignore:setup.py install is deprecated -W ignore:easy_install command is deprecated setup.py egg_info --egg-base ../../build/processor_unit build --build-base /home/raspi-earth/project_ws/build/processor_unit/build install --record /home/raspi-earth/project_ws/build/processor_unit/install.log --single-version-externally-managed install_data
