[6.433s] Invoking command in '/home/raspi-earth/project_ws/src/processor_unit': PYTHONPATH=/home/raspi-earth/project_ws/build/processor_unit/prefix_override:/usr/lib/python3/dist-packages/colcon_core/task/python/colcon_distutils_commands:/home/raspi-earth/project_ws/install/processor_unit/lib/python3.11/site-packages:${PYTHONPATH} /usr/bin/python3 -W ignore:setup.py install is deprecated -W ignore:easy_install command is deprecated setup.py egg_info --egg-base ../../build/processor_unit build --build-base /home/raspi-earth/project_ws/build/processor_unit/build install --record /home/raspi-earth/project_ws/build/processor_unit/install.log --single-version-externally-managed install_data
[7.918s] running egg_info
[7.979s] writing ../../build/processor_unit/processor_unit.egg-info/PKG-INFO
[7.980s] writing dependency_links to ../../build/processor_unit/processor_unit.egg-info/dependency_links.txt
[7.981s] writing entry points to ../../build/processor_unit/processor_unit.egg-info/entry_points.txt
[7.981s] writing requirements to ../../build/processor_unit/processor_unit.egg-info/requires.txt
[7.982s] writing top-level names to ../../build/processor_unit/processor_unit.egg-info/top_level.txt
[8.143s] reading manifest file '../../build/processor_unit/processor_unit.egg-info/SOURCES.txt'
[8.148s] adding license file 'LICENSE'
[8.148s] writing manifest file '../../build/processor_unit/processor_unit.egg-info/SOURCES.txt'
[8.148s] running build
[8.148s] running build_py
[8.148s] running install
[8.157s] running install_lib
[8.203s] running install_data
[8.203s] running install_egg_info
[8.352s] removing '/home/raspi-earth/project_ws/install/processor_unit/lib/python3.11/site-packages/processor_unit-0.0.0-py3.11.egg-info' (and everything under it)
[8.352s] Copying ../../build/processor_unit/processor_unit.egg-info to /home/raspi-earth/project_ws/install/processor_unit/lib/python3.11/site-packages/processor_unit-0.0.0-py3.11.egg-info
[8.354s] running install_scripts
[8.599s] Installing main_processor script to /home/raspi-earth/project_ws/install/processor_unit/lib/processor_unit
[8.599s] writing list of installed files to '/home/raspi-earth/project_ws/build/processor_unit/install.log'
[8.837s] Invoked command in '/home/raspi-earth/project_ws/src/processor_unit' returned '0': PYTHONPATH=/home/raspi-earth/project_ws/build/processor_unit/prefix_override:/usr/lib/python3/dist-packages/colcon_core/task/python/colcon_distutils_commands:/home/raspi-earth/project_ws/install/processor_unit/lib/python3.11/site-packages:${PYTHONPATH} /usr/bin/python3 -W ignore:setup.py install is deprecated -W ignore:easy_install command is deprecated setup.py egg_info --egg-base ../../build/processor_unit build --build-base /home/raspi-earth/project_ws/build/processor_unit/build install --record /home/raspi-earth/project_ws/build/processor_unit/install.log --single-version-externally-managed install_data
