[7.736s] Invoking command in '/home/raspi-earth/project_ws/src/launch_project': PYTHONPATH=/home/raspi-earth/project_ws/build/launch_project/prefix_override:/usr/lib/python3/dist-packages/colcon_core/task/python/colcon_distutils_commands:/home/raspi-earth/project_ws/install/launch_project/lib/python3.11/site-packages:${PYTHONPATH} /usr/bin/python3 -W ignore:setup.py install is deprecated -W ignore:easy_install command is deprecated setup.py egg_info --egg-base ../../build/launch_project build --build-base /home/raspi-earth/project_ws/build/launch_project/build install --record /home/raspi-earth/project_ws/build/launch_project/install.log --single-version-externally-managed install_data
[9.386s] running egg_info
[9.446s] writing ../../build/launch_project/launch_project.egg-info/PKG-INFO
[9.447s] writing dependency_links to ../../build/launch_project/launch_project.egg-info/dependency_links.txt
[9.451s] writing requirements to ../../build/launch_project/launch_project.egg-info/requires.txt
[9.452s] writing top-level names to ../../build/launch_project/launch_project.egg-info/top_level.txt
[9.597s] reading manifest file '../../build/launch_project/launch_project.egg-info/SOURCES.txt'
[9.598s] adding license file 'LICENSE'
[9.599s] writing manifest file '../../build/launch_project/launch_project.egg-info/SOURCES.txt'
[9.599s] running build
[9.601s] running build_py
[9.605s] running install
[9.612s] running install_lib
[9.710s] running install_data
[9.710s] running install_egg_info
[9.847s] removing '/home/raspi-earth/project_ws/install/launch_project/lib/python3.11/site-packages/launch_project-0.0.0-py3.11.egg-info' (and everything under it)
[9.852s] Copying ../../build/launch_project/launch_project.egg-info to /home/raspi-earth/project_ws/install/launch_project/lib/python3.11/site-packages/launch_project-0.0.0-py3.11.egg-info
[9.858s] running install_scripts
[10.200s] writing list of installed files to '/home/raspi-earth/project_ws/build/launch_project/install.log'
[10.377s] Invoked command in '/home/raspi-earth/project_ws/src/launch_project' returned '0': PYTHONPATH=/home/raspi-earth/project_ws/build/launch_project/prefix_override:/usr/lib/python3/dist-packages/colcon_core/task/python/colcon_distutils_commands:/home/raspi-earth/project_ws/install/launch_project/lib/python3.11/site-packages:${PYTHONPATH} /usr/bin/python3 -W ignore:setup.py install is deprecated -W ignore:easy_install command is deprecated setup.py egg_info --egg-base ../../build/launch_project build --build-base /home/raspi-earth/project_ws/build/launch_project/build install --record /home/raspi-earth/project_ws/build/launch_project/install.log --single-version-externally-managed install_data
