[9.372s] Invoking command in '/home/raspi-earth/project_ws/src/processor_unit': PYTHONPATH=/home/raspi-earth/project_ws/build/processor_unit/prefix_override:/usr/lib/python3/dist-packages/colcon_core/task/python/colcon_distutils_commands:/home/raspi-earth/project_ws/install/processor_unit/lib/python3.11/site-packages:${PYTHONPATH} /usr/bin/python3 -W ignore:setup.py install is deprecated -W ignore:easy_install command is deprecated setup.py egg_info --egg-base ../../build/processor_unit build --build-base /home/raspi-earth/project_ws/build/processor_unit/build install --record /home/raspi-earth/project_ws/build/processor_unit/install.log --single-version-externally-managed install_data
[12.043s] running egg_info
[12.090s] writing ../../build/processor_unit/processor_unit.egg-info/PKG-INFO
[12.092s] writing dependency_links to ../../build/processor_unit/processor_unit.egg-info/dependency_links.txt
[12.095s] writing entry points to ../../build/processor_unit/processor_unit.egg-info/entry_points.txt
[12.096s] writing requirements to ../../build/processor_unit/processor_unit.egg-info/requires.txt
[12.098s] writing top-level names to ../../build/processor_unit/processor_unit.egg-info/top_level.txt
[12.316s] reading manifest file '../../build/processor_unit/processor_unit.egg-info/SOURCES.txt'
[12.316s] adding license file 'LICENSE'
[12.316s] writing manifest file '../../build/processor_unit/processor_unit.egg-info/SOURCES.txt'
[12.323s] running build
[12.323s] running build_py
[12.323s] copying processor_unit/test.py -> /home/raspi-earth/project_ws/build/processor_unit/build/lib/processor_unit
[12.323s] running install
[12.353s] running install_lib
[12.446s] copying /home/raspi-earth/project_ws/build/processor_unit/build/lib/processor_unit/test.py -> /home/raspi-earth/project_ws/install/processor_unit/lib/python3.11/site-packages/processor_unit
[12.451s] byte-compiling /home/raspi-earth/project_ws/install/processor_unit/lib/python3.11/site-packages/processor_unit/test.py to test.cpython-311.pyc
[12.453s] running install_data
[12.454s] running install_egg_info
[12.637s] removing '/home/raspi-earth/project_ws/install/processor_unit/lib/python3.11/site-packages/processor_unit-0.0.0-py3.11.egg-info' (and everything under it)
[12.642s] Copying ../../build/processor_unit/processor_unit.egg-info to /home/raspi-earth/project_ws/install/processor_unit/lib/python3.11/site-packages/processor_unit-0.0.0-py3.11.egg-info
[12.646s] running install_scripts
[13.012s] Installing main_processor script to /home/raspi-earth/project_ws/install/processor_unit/lib/processor_unit
[13.013s] Installing test script to /home/raspi-earth/project_ws/install/processor_unit/lib/processor_unit
[13.014s] Installing test1 script to /home/raspi-earth/project_ws/install/processor_unit/lib/processor_unit
[13.015s] writing list of installed files to '/home/raspi-earth/project_ws/build/processor_unit/install.log'
[13.217s] Invoked command in '/home/raspi-earth/project_ws/src/processor_unit' returned '0': PYTHONPATH=/home/raspi-earth/project_ws/build/processor_unit/prefix_override:/usr/lib/python3/dist-packages/colcon_core/task/python/colcon_distutils_commands:/home/raspi-earth/project_ws/install/processor_unit/lib/python3.11/site-packages:${PYTHONPATH} /usr/bin/python3 -W ignore:setup.py install is deprecated -W ignore:easy_install command is deprecated setup.py egg_info --egg-base ../../build/processor_unit build --build-base /home/raspi-earth/project_ws/build/processor_unit/build install --record /home/raspi-earth/project_ws/build/processor_unit/install.log --single-version-externally-managed install_data
