[7.320s] Invoking command in '/home/raspi-earth/project_ws/src/processor_unit': PYTHONPATH=/home/raspi-earth/project_ws/build/processor_unit/prefix_override:/usr/lib/python3/dist-packages/colcon_core/task/python/colcon_distutils_commands:/home/raspi-earth/project_ws/install/processor_unit/lib/python3.11/site-packages:${PYTHONPATH} /usr/bin/python3 -W ignore:setup.py install is deprecated -W ignore:easy_install command is deprecated setup.py egg_info --egg-base ../../build/processor_unit build --build-base /home/raspi-earth/project_ws/build/processor_unit/build install --record /home/raspi-earth/project_ws/build/processor_unit/install.log --single-version-externally-managed install_data
[8.866s] running egg_info
[8.902s] writing ../../build/processor_unit/processor_unit.egg-info/PKG-INFO
[8.903s] writing dependency_links to ../../build/processor_unit/processor_unit.egg-info/dependency_links.txt
[8.904s] writing entry points to ../../build/processor_unit/processor_unit.egg-info/entry_points.txt
[8.904s] writing requirements to ../../build/processor_unit/processor_unit.egg-info/requires.txt
[8.905s] writing top-level names to ../../build/processor_unit/processor_unit.egg-info/top_level.txt
[9.043s] reading manifest file '../../build/processor_unit/processor_unit.egg-info/SOURCES.txt'
[9.044s] adding license file 'LICENSE'
[9.045s] writing manifest file '../../build/processor_unit/processor_unit.egg-info/SOURCES.txt'
[9.047s] running build
[9.047s] running build_py
[9.047s] running install
[9.060s] running install_lib
[9.104s] running install_data
[9.104s] running install_egg_info
[9.257s] removing '/home/raspi-earth/project_ws/install/processor_unit/lib/python3.11/site-packages/processor_unit-0.0.0-py3.11.egg-info' (and everything under it)
[9.266s] Copying ../../build/processor_unit/processor_unit.egg-info to /home/raspi-earth/project_ws/install/processor_unit/lib/python3.11/site-packages/processor_unit-0.0.0-py3.11.egg-info
[9.266s] running install_scripts
[9.542s] Installing main_processor script to /home/raspi-earth/project_ws/install/processor_unit/lib/processor_unit
[9.542s] writing list of installed files to '/home/raspi-earth/project_ws/build/processor_unit/install.log'
[9.775s] Invoked command in '/home/raspi-earth/project_ws/src/processor_unit' returned '0': PYTHONPATH=/home/raspi-earth/project_ws/build/processor_unit/prefix_override:/usr/lib/python3/dist-packages/colcon_core/task/python/colcon_distutils_commands:/home/raspi-earth/project_ws/install/processor_unit/lib/python3.11/site-packages:${PYTHONPATH} /usr/bin/python3 -W ignore:setup.py install is deprecated -W ignore:easy_install command is deprecated setup.py egg_info --egg-base ../../build/processor_unit build --build-base /home/raspi-earth/project_ws/build/processor_unit/build install --record /home/raspi-earth/project_ws/build/processor_unit/install.log --single-version-externally-managed install_data
