[7.601s] Invoking command in '/home/raspi-earth/project_ws/src/processor_unit': PYTHONPATH=/home/raspi-earth/project_ws/build/processor_unit/prefix_override:/usr/lib/python3/dist-packages/colcon_core/task/python/colcon_distutils_commands:/home/raspi-earth/project_ws/install/processor_unit/lib/python3.11/site-packages:${PYTHONPATH} /usr/bin/python3 -W ignore:setup.py install is deprecated -W ignore:easy_install command is deprecated setup.py egg_info --egg-base ../../build/processor_unit build --build-base /home/raspi-earth/project_ws/build/processor_unit/build install --record /home/raspi-earth/project_ws/build/processor_unit/install.log --single-version-externally-managed install_data
[9.052s] running egg_info
[9.096s] writing ../../build/processor_unit/processor_unit.egg-info/PKG-INFO
[9.097s] writing dependency_links to ../../build/processor_unit/processor_unit.egg-info/dependency_links.txt
[9.099s] writing entry points to ../../build/processor_unit/processor_unit.egg-info/entry_points.txt
[9.100s] writing requirements to ../../build/processor_unit/processor_unit.egg-info/requires.txt
[9.101s] writing top-level names to ../../build/processor_unit/processor_unit.egg-info/top_level.txt
[9.256s] reading manifest file '../../build/processor_unit/processor_unit.egg-info/SOURCES.txt'
[9.258s] adding license file 'LICENSE'
[9.259s] writing manifest file '../../build/processor_unit/processor_unit.egg-info/SOURCES.txt'
[9.260s] running build
[9.261s] running build_py
[9.262s] running install
[9.277s] running install_lib
[9.354s] running install_data
[9.354s] running install_egg_info
[9.506s] removing '/home/raspi-earth/project_ws/install/processor_unit/lib/python3.11/site-packages/processor_unit-0.0.0-py3.11.egg-info' (and everything under it)
[9.514s] Copying ../../build/processor_unit/processor_unit.egg-info to /home/raspi-earth/project_ws/install/processor_unit/lib/python3.11/site-packages/processor_unit-0.0.0-py3.11.egg-info
[9.519s] running install_scripts
[9.877s] Installing main_processor script to /home/raspi-earth/project_ws/install/processor_unit/lib/processor_unit
[9.877s] writing list of installed files to '/home/raspi-earth/project_ws/build/processor_unit/install.log'
[10.039s] Invoked command in '/home/raspi-earth/project_ws/src/processor_unit' returned '0': PYTHONPATH=/home/raspi-earth/project_ws/build/processor_unit/prefix_override:/usr/lib/python3/dist-packages/colcon_core/task/python/colcon_distutils_commands:/home/raspi-earth/project_ws/install/processor_unit/lib/python3.11/site-packages:${PYTHONPATH} /usr/bin/python3 -W ignore:setup.py install is deprecated -W ignore:easy_install command is deprecated setup.py egg_info --egg-base ../../build/processor_unit build --build-base /home/raspi-earth/project_ws/build/processor_unit/build install --record /home/raspi-earth/project_ws/build/processor_unit/install.log --single-version-externally-managed install_data
