[6.535s] Invoking command in '/home/raspi-earth/project_ws/build/launch_project': PYTHONPATH=/home/raspi-earth/project_ws/build/launch_project/prefix_override:/usr/lib/python3/dist-packages/colcon_core/task/python/colcon_distutils_commands:/home/raspi-earth/project_ws/install/launch_project/lib/python3.11/site-packages:${PYTHONPATH} /usr/bin/python3 -W ignore:setup.py install is deprecated -W ignore:easy_install command is deprecated setup.py develop --uninstall --editable --build-directory /home/raspi-earth/project_ws/build/launch_project/build
[7.992s] running develop
[8.604s] Removing /home/raspi-earth/project_ws/install/launch_project/lib/python3.11/site-packages/launch-project.egg-link (link to .)
[8.842s] Invoked command in '/home/raspi-earth/project_ws/build/launch_project' returned '0': PYTHONPATH=/home/raspi-earth/project_ws/build/launch_project/prefix_override:/usr/lib/python3/dist-packages/colcon_core/task/python/colcon_distutils_commands:/home/raspi-earth/project_ws/install/launch_project/lib/python3.11/site-packages:${PYTHONPATH} /usr/bin/python3 -W ignore:setup.py install is deprecated -W ignore:easy_install command is deprecated setup.py develop --uninstall --editable --build-directory /home/raspi-earth/project_ws/build/launch_project/build
[8.849s] Invoking command in '/home/raspi-earth/project_ws/src/launch_project': PYTHONPATH=/home/raspi-earth/project_ws/build/launch_project/prefix_override:/usr/lib/python3/dist-packages/colcon_core/task/python/colcon_distutils_commands:/home/raspi-earth/project_ws/install/launch_project/lib/python3.11/site-packages:${PYTHONPATH} /usr/bin/python3 -W ignore:setup.py install is deprecated -W ignore:easy_install command is deprecated setup.py egg_info --egg-base ../../build/launch_project build --build-base /home/raspi-earth/project_ws/build/launch_project/build install --record /home/raspi-earth/project_ws/build/launch_project/install.log --single-version-externally-managed install_data --force
[10.371s] running egg_info
[10.457s] writing ../../build/launch_project/launch_project.egg-info/PKG-INFO
[10.457s] writing dependency_links to ../../build/launch_project/launch_project.egg-info/dependency_links.txt
[10.459s] writing requirements to ../../build/launch_project/launch_project.egg-info/requires.txt
[10.461s] writing top-level names to ../../build/launch_project/launch_project.egg-info/top_level.txt
[10.547s] reading manifest file '../../build/launch_project/launch_project.egg-info/SOURCES.txt'
[10.547s] adding license file 'LICENSE'
[10.548s] writing manifest file '../../build/launch_project/launch_project.egg-info/SOURCES.txt'
[10.548s] running build
[10.549s] running build_py
[10.549s] running install
[10.561s] running install_lib
[10.650s] copying /home/raspi-earth/project_ws/build/launch_project/build/lib/launch_project/__init__.py -> /home/raspi-earth/project_ws/install/launch_project/lib/python3.11/site-packages/launch_project
[10.657s] byte-compiling /home/raspi-earth/project_ws/install/launch_project/lib/python3.11/site-packages/launch_project/__init__.py to __init__.cpython-311.pyc
[10.658s] running install_data
[10.658s] copying resource/launch_project -> /home/raspi-earth/project_ws/install/launch_project/share/ament_index/resource_index/packages
[10.659s] copying package.xml -> /home/raspi-earth/project_ws/install/launch_project/share/launch_project
[10.659s] copying launch/launch_project.py -> /home/raspi-earth/project_ws/install/launch_project/share/launch_project/launch
[10.660s] running install_egg_info
[10.790s] Copying ../../build/launch_project/launch_project.egg-info to /home/raspi-earth/project_ws/install/launch_project/lib/python3.11/site-packages/launch_project-0.0.0-py3.11.egg-info
[10.799s] running install_scripts
[11.087s] writing list of installed files to '/home/raspi-earth/project_ws/build/launch_project/install.log'
[11.314s] Invoked command in '/home/raspi-earth/project_ws/src/launch_project' returned '0': PYTHONPATH=/home/raspi-earth/project_ws/build/launch_project/prefix_override:/usr/lib/python3/dist-packages/colcon_core/task/python/colcon_distutils_commands:/home/raspi-earth/project_ws/install/launch_project/lib/python3.11/site-packages:${PYTHONPATH} /usr/bin/python3 -W ignore:setup.py install is deprecated -W ignore:easy_install command is deprecated setup.py egg_info --egg-base ../../build/launch_project build --build-base /home/raspi-earth/project_ws/build/launch_project/build install --record /home/raspi-earth/project_ws/build/launch_project/install.log --single-version-externally-managed install_data --force
