[8.916s] Invoking command in '/home/raspi-earth/project_ws/src/launch_project': PYTHONPATH=/home/raspi-earth/project_ws/build/launch_project/prefix_override:/usr/lib/python3/dist-packages/colcon_core/task/python/colcon_distutils_commands:/home/raspi-earth/project_ws/install/launch_project/lib/python3.11/site-packages:${PYTHONPATH} /usr/bin/python3 -W ignore:setup.py install is deprecated -W ignore:easy_install command is deprecated setup.py egg_info --egg-base ../../build/launch_project build --build-base /home/raspi-earth/project_ws/build/launch_project/build install --record /home/raspi-earth/project_ws/build/launch_project/install.log --single-version-externally-managed install_data
[10.968s] running egg_info
[11.034s] writing ../../build/launch_project/launch_project.egg-info/PKG-INFO
[11.034s] writing dependency_links to ../../build/launch_project/launch_project.egg-info/dependency_links.txt
[11.039s] writing requirements to ../../build/launch_project/launch_project.egg-info/requires.txt
[11.040s] writing top-level names to ../../build/launch_project/launch_project.egg-info/top_level.txt
[11.218s] reading manifest file '../../build/launch_project/launch_project.egg-info/SOURCES.txt'
[11.220s] adding license file 'LICENSE'
[11.220s] writing manifest file '../../build/launch_project/launch_project.egg-info/SOURCES.txt'
[11.223s] running build
[11.223s] running build_py
[11.225s] running install
[11.252s] running install_lib
[11.340s] running install_data
[11.340s] running install_egg_info
[11.487s] removing '/home/raspi-earth/project_ws/install/launch_project/lib/python3.11/site-packages/launch_project-0.0.0-py3.11.egg-info' (and everything under it)
[11.488s] Copying ../../build/launch_project/launch_project.egg-info to /home/raspi-earth/project_ws/install/launch_project/lib/python3.11/site-packages/launch_project-0.0.0-py3.11.egg-info
[11.488s] running install_scripts
[11.859s] writing list of installed files to '/home/raspi-earth/project_ws/build/launch_project/install.log'
[12.334s] Invoked command in '/home/raspi-earth/project_ws/src/launch_project' returned '0': PYTHONPATH=/home/raspi-earth/project_ws/build/launch_project/prefix_override:/usr/lib/python3/dist-packages/colcon_core/task/python/colcon_distutils_commands:/home/raspi-earth/project_ws/install/launch_project/lib/python3.11/site-packages:${PYTHONPATH} /usr/bin/python3 -W ignore:setup.py install is deprecated -W ignore:easy_install command is deprecated setup.py egg_info --egg-base ../../build/launch_project build --build-base /home/raspi-earth/project_ws/build/launch_project/build install --record /home/raspi-earth/project_ws/build/launch_project/install.log --single-version-externally-managed install_data
