[4.567s] Invoking command in '/home/raspi-earth/project_ws/src/motor_control': PYTHONPATH=/home/raspi-earth/project_ws/build/motor_control/prefix_override:/usr/lib/python3/dist-packages/colcon_core/task/python/colcon_distutils_commands:/home/raspi-earth/project_ws/install/motor_control/lib/python3.11/site-packages:${PYTHONPATH} /usr/bin/python3 -W ignore:setup.py install is deprecated -W ignore:easy_install command is deprecated setup.py egg_info --egg-base ../../build/motor_control build --build-base /home/raspi-earth/project_ws/build/motor_control/build install --record /home/raspi-earth/project_ws/build/motor_control/install.log --single-version-externally-managed install_data
[5.534s] running egg_info
[5.569s] writing ../../build/motor_control/motor_control.egg-info/PKG-INFO
[5.569s] writing dependency_links to ../../build/motor_control/motor_control.egg-info/dependency_links.txt
[5.571s] writing entry points to ../../build/motor_control/motor_control.egg-info/entry_points.txt
[5.571s] writing requirements to ../../build/motor_control/motor_control.egg-info/requires.txt
[5.572s] writing top-level names to ../../build/motor_control/motor_control.egg-info/top_level.txt
[5.651s] reading manifest file '../../build/motor_control/motor_control.egg-info/SOURCES.txt'
[5.651s] adding license file 'LICENSE'
[5.652s] writing manifest file '../../build/motor_control/motor_control.egg-info/SOURCES.txt'
[5.652s] running build
[5.653s] running build_py
[5.653s] running install
[5.664s] running install_lib
[5.708s] running install_data
[5.708s] running install_egg_info
[5.826s] removing '/home/raspi-earth/project_ws/install/motor_control/lib/python3.11/site-packages/motor_control-0.0.0-py3.11.egg-info' (and everything under it)
[5.826s] Copying ../../build/motor_control/motor_control.egg-info to /home/raspi-earth/project_ws/install/motor_control/lib/python3.11/site-packages/motor_control-0.0.0-py3.11.egg-info
[5.831s] running install_scripts
[5.986s] Installing servodrive script to /home/raspi-earth/project_ws/install/motor_control/lib/motor_control
[5.986s] Installing stepmotor1 script to /home/raspi-earth/project_ws/install/motor_control/lib/motor_control
[5.988s] Installing stepmotor2 script to /home/raspi-earth/project_ws/install/motor_control/lib/motor_control
[5.988s] Installing stepmotor3 script to /home/raspi-earth/project_ws/install/motor_control/lib/motor_control
[5.990s] writing list of installed files to '/home/raspi-earth/project_ws/build/motor_control/install.log'
[6.177s] Invoked command in '/home/raspi-earth/project_ws/src/motor_control' returned '0': PYTHONPATH=/home/raspi-earth/project_ws/build/motor_control/prefix_override:/usr/lib/python3/dist-packages/colcon_core/task/python/colcon_distutils_commands:/home/raspi-earth/project_ws/install/motor_control/lib/python3.11/site-packages:${PYTHONPATH} /usr/bin/python3 -W ignore:setup.py install is deprecated -W ignore:easy_install command is deprecated setup.py egg_info --egg-base ../../build/motor_control build --build-base /home/raspi-earth/project_ws/build/motor_control/build install --record /home/raspi-earth/project_ws/build/motor_control/install.log --single-version-externally-managed install_data
