[11.418s] Invoking command in '/home/raspi-earth/project_ws/src/processor_unit': PYTHONPATH=/home/raspi-earth/project_ws/build/processor_unit/prefix_override:/usr/lib/python3/dist-packages/colcon_core/task/python/colcon_distutils_commands:/home/raspi-earth/project_ws/install/processor_unit/lib/python3.11/site-packages:${PYTHONPATH} /usr/bin/python3 -W ignore:setup.py install is deprecated -W ignore:easy_install command is deprecated setup.py egg_info --egg-base ../../build/processor_unit build --build-base /home/raspi-earth/project_ws/build/processor_unit/build install --record /home/raspi-earth/project_ws/build/processor_unit/install.log --single-version-externally-managed install_data
[14.425s] running egg_info
[14.586s] writing ../../build/processor_unit/processor_unit.egg-info/PKG-INFO
[14.586s] writing dependency_links to ../../build/processor_unit/processor_unit.egg-info/dependency_links.txt
[14.587s] writing entry points to ../../build/processor_unit/processor_unit.egg-info/entry_points.txt
[14.588s] writing requirements to ../../build/processor_unit/processor_unit.egg-info/requires.txt
[14.588s] writing top-level names to ../../build/processor_unit/processor_unit.egg-info/top_level.txt
[14.702s] reading manifest file '../../build/processor_unit/processor_unit.egg-info/SOURCES.txt'
[14.703s] adding license file 'LICENSE'
[14.705s] writing manifest file '../../build/processor_unit/processor_unit.egg-info/SOURCES.txt'
[14.706s] running build
[14.706s] running build_py
[14.707s] copying processor_unit/test1.py -> /home/raspi-earth/project_ws/build/processor_unit/build/lib/processor_unit
[14.709s] running install
[14.729s] running install_lib
[14.835s] copying /home/raspi-earth/project_ws/build/processor_unit/build/lib/processor_unit/test1.py -> /home/raspi-earth/project_ws/install/processor_unit/lib/python3.11/site-packages/processor_unit
[14.838s] byte-compiling /home/raspi-earth/project_ws/install/processor_unit/lib/python3.11/site-packages/processor_unit/test1.py to test1.cpython-311.pyc
[14.840s] running install_data
[14.840s] running install_egg_info
[14.965s] removing '/home/raspi-earth/project_ws/install/processor_unit/lib/python3.11/site-packages/processor_unit-0.0.0-py3.11.egg-info' (and everything under it)
[14.968s] Copying ../../build/processor_unit/processor_unit.egg-info to /home/raspi-earth/project_ws/install/processor_unit/lib/python3.11/site-packages/processor_unit-0.0.0-py3.11.egg-info
[14.969s] running install_scripts
[15.228s] Installing main_processor script to /home/raspi-earth/project_ws/install/processor_unit/lib/processor_unit
[15.229s] Installing test script to /home/raspi-earth/project_ws/install/processor_unit/lib/processor_unit
[15.233s] Installing test1 script to /home/raspi-earth/project_ws/install/processor_unit/lib/processor_unit
[15.233s] writing list of installed files to '/home/raspi-earth/project_ws/build/processor_unit/install.log'
[15.420s] Invoked command in '/home/raspi-earth/project_ws/src/processor_unit' returned '0': PYTHONPATH=/home/raspi-earth/project_ws/build/processor_unit/prefix_override:/usr/lib/python3/dist-packages/colcon_core/task/python/colcon_distutils_commands:/home/raspi-earth/project_ws/install/processor_unit/lib/python3.11/site-packages:${PYTHONPATH} /usr/bin/python3 -W ignore:setup.py install is deprecated -W ignore:easy_install command is deprecated setup.py egg_info --egg-base ../../build/processor_unit build --build-base /home/raspi-earth/project_ws/build/processor_unit/build install --record /home/raspi-earth/project_ws/build/processor_unit/install.log --single-version-externally-managed install_data
