[6.446s] Invoking command in '/home/raspi-earth/project_ws/src/processor_unit': PYTHONPATH=/home/raspi-earth/project_ws/build/processor_unit/prefix_override:/usr/lib/python3/dist-packages/colcon_core/task/python/colcon_distutils_commands:/home/raspi-earth/project_ws/install/processor_unit/lib/python3.11/site-packages:${PYTHONPATH} /usr/bin/python3 -W ignore:setup.py install is deprecated -W ignore:easy_install command is deprecated setup.py egg_info --egg-base ../../build/processor_unit build --build-base /home/raspi-earth/project_ws/build/processor_unit/build install --record /home/raspi-earth/project_ws/build/processor_unit/install.log --single-version-externally-managed install_data
[7.917s] running egg_info
[7.974s] writing ../../build/processor_unit/processor_unit.egg-info/PKG-INFO
[7.975s] writing dependency_links to ../../build/processor_unit/processor_unit.egg-info/dependency_links.txt
[7.975s] writing entry points to ../../build/processor_unit/processor_unit.egg-info/entry_points.txt
[7.976s] writing requirements to ../../build/processor_unit/processor_unit.egg-info/requires.txt
[7.976s] writing top-level names to ../../build/processor_unit/processor_unit.egg-info/top_level.txt
[8.089s] reading manifest file '../../build/processor_unit/processor_unit.egg-info/SOURCES.txt'
[8.091s] adding license file 'LICENSE'
[8.091s] writing manifest file '../../build/processor_unit/processor_unit.egg-info/SOURCES.txt'
[8.092s] running build
[8.092s] running build_py
[8.092s] running install
[8.106s] running install_lib
[8.166s] running install_data
[8.171s] running install_egg_info
[8.314s] removing '/home/raspi-earth/project_ws/install/processor_unit/lib/python3.11/site-packages/processor_unit-0.0.0-py3.11.egg-info' (and everything under it)
[8.315s] Copying ../../build/processor_unit/processor_unit.egg-info to /home/raspi-earth/project_ws/install/processor_unit/lib/python3.11/site-packages/processor_unit-0.0.0-py3.11.egg-info
[8.316s] running install_scripts
[8.544s] Installing main_processor script to /home/raspi-earth/project_ws/install/processor_unit/lib/processor_unit
[8.545s] writing list of installed files to '/home/raspi-earth/project_ws/build/processor_unit/install.log'
[8.776s] Invoked command in '/home/raspi-earth/project_ws/src/processor_unit' returned '0': PYTHONPATH=/home/raspi-earth/project_ws/build/processor_unit/prefix_override:/usr/lib/python3/dist-packages/colcon_core/task/python/colcon_distutils_commands:/home/raspi-earth/project_ws/install/processor_unit/lib/python3.11/site-packages:${PYTHONPATH} /usr/bin/python3 -W ignore:setup.py install is deprecated -W ignore:easy_install command is deprecated setup.py egg_info --egg-base ../../build/processor_unit build --build-base /home/raspi-earth/project_ws/build/processor_unit/build install --record /home/raspi-earth/project_ws/build/processor_unit/install.log --single-version-externally-managed install_data
