running egg_info
creating ../../build/encoder_unit/encoder_unit.egg-info
writing ../../build/encoder_unit/encoder_unit.egg-info/PKG-INFO
writing dependency_links to ../../build/encoder_unit/encoder_unit.egg-info/dependency_links.txt
writing requirements to ../../build/encoder_unit/encoder_unit.egg-info/requires.txt
writing top-level names to ../../build/encoder_unit/encoder_unit.egg-info/top_level.txt
writing manifest file '../../build/encoder_unit/encoder_unit.egg-info/SOURCES.txt'
reading manifest file '../../build/encoder_unit/encoder_unit.egg-info/SOURCES.txt'
adding license file 'LICENSE'
writing manifest file '../../build/encoder_unit/encoder_unit.egg-info/SOURCES.txt'
running build
running build_py
creating /home/raspi-earth/project_ws/build/encoder_unit/build
creating /home/raspi-earth/project_ws/build/encoder_unit/build/lib
creating /home/raspi-earth/project_ws/build/encoder_unit/build/lib/encoder_unit
copying encoder_unit/__init__.py -> /home/raspi-earth/project_ws/build/encoder_unit/build/lib/encoder_unit
running install
running install_lib
creating /home/raspi-earth/project_ws/install/encoder_unit/lib/python3.11/site-packages/encoder_unit
copying /home/raspi-earth/project_ws/build/encoder_unit/build/lib/encoder_unit/__init__.py -> /home/raspi-earth/project_ws/install/encoder_unit/lib/python3.11/site-packages/encoder_unit
byte-compiling /home/raspi-earth/project_ws/install/encoder_unit/lib/python3.11/site-packages/encoder_unit/__init__.py to __init__.cpython-311.pyc
running install_data
creating /home/raspi-earth/project_ws/install/encoder_unit/share/ament_index
creating /home/raspi-earth/project_ws/install/encoder_unit/share/ament_index/resource_index
creating /home/raspi-earth/project_ws/install/encoder_unit/share/ament_index/resource_index/packages
copying resource/encoder_unit -> /home/raspi-earth/project_ws/install/encoder_unit/share/ament_index/resource_index/packages
copying package.xml -> /home/raspi-earth/project_ws/install/encoder_unit/share/encoder_unit
running install_egg_info
Copying ../../build/encoder_unit/encoder_unit.egg-info to /home/raspi-earth/project_ws/install/encoder_unit/lib/python3.11/site-packages/encoder_unit-0.0.0-py3.11.egg-info
running install_scripts
writing list of installed files to '/home/raspi-earth/project_ws/build/encoder_unit/install.log'
