[4.803s] Invoking command in '/home/raspi-earth/project_ws/src/encoder_unit': PYTHONPATH=/home/raspi-earth/project_ws/build/encoder_unit/prefix_override:/usr/lib/python3/dist-packages/colcon_core/task/python/colcon_distutils_commands:/home/raspi-earth/project_ws/install/encoder_unit/lib/python3.11/site-packages:${PYTHONPATH} /usr/bin/python3 -W ignore:setup.py install is deprecated -W ignore:easy_install command is deprecated setup.py egg_info --egg-base ../../build/encoder_unit build --build-base /home/raspi-earth/project_ws/build/encoder_unit/build install --record /home/raspi-earth/project_ws/build/encoder_unit/install.log --single-version-externally-managed install_data
[5.780s] running egg_info
[5.780s] creating ../../build/encoder_unit/encoder_unit.egg-info
[5.818s] writing ../../build/encoder_unit/encoder_unit.egg-info/PKG-INFO
[5.818s] writing dependency_links to ../../build/encoder_unit/encoder_unit.egg-info/dependency_links.txt
[5.819s] writing requirements to ../../build/encoder_unit/encoder_unit.egg-info/requires.txt
[5.819s] writing top-level names to ../../build/encoder_unit/encoder_unit.egg-info/top_level.txt
[5.819s] writing manifest file '../../build/encoder_unit/encoder_unit.egg-info/SOURCES.txt'
[5.898s] reading manifest file '../../build/encoder_unit/encoder_unit.egg-info/SOURCES.txt'
[5.898s] adding license file 'LICENSE'
[5.899s] writing manifest file '../../build/encoder_unit/encoder_unit.egg-info/SOURCES.txt'
[5.899s] running build
[5.899s] running build_py
[5.899s] creating /home/raspi-earth/project_ws/build/encoder_unit/build
[5.900s] creating /home/raspi-earth/project_ws/build/encoder_unit/build/lib
[5.900s] creating /home/raspi-earth/project_ws/build/encoder_unit/build/lib/encoder_unit
[5.900s] copying encoder_unit/__init__.py -> /home/raspi-earth/project_ws/build/encoder_unit/build/lib/encoder_unit
[5.900s] running install
[5.912s] running install_lib
[5.951s] creating /home/raspi-earth/project_ws/install/encoder_unit/lib/python3.11/site-packages/encoder_unit
[5.951s] copying /home/raspi-earth/project_ws/build/encoder_unit/build/lib/encoder_unit/__init__.py -> /home/raspi-earth/project_ws/install/encoder_unit/lib/python3.11/site-packages/encoder_unit
[5.956s] byte-compiling /home/raspi-earth/project_ws/install/encoder_unit/lib/python3.11/site-packages/encoder_unit/__init__.py to __init__.cpython-311.pyc
[5.956s] running install_data
[5.957s] creating /home/raspi-earth/project_ws/install/encoder_unit/share/ament_index
[5.957s] creating /home/raspi-earth/project_ws/install/encoder_unit/share/ament_index/resource_index
[5.957s] creating /home/raspi-earth/project_ws/install/encoder_unit/share/ament_index/resource_index/packages
[5.957s] copying resource/encoder_unit -> /home/raspi-earth/project_ws/install/encoder_unit/share/ament_index/resource_index/packages
[5.957s] copying package.xml -> /home/raspi-earth/project_ws/install/encoder_unit/share/encoder_unit
[5.957s] running install_egg_info
[6.075s] Copying ../../build/encoder_unit/encoder_unit.egg-info to /home/raspi-earth/project_ws/install/encoder_unit/lib/python3.11/site-packages/encoder_unit-0.0.0-py3.11.egg-info
[6.076s] running install_scripts
[6.249s] writing list of installed files to '/home/raspi-earth/project_ws/build/encoder_unit/install.log'
[6.427s] Invoked command in '/home/raspi-earth/project_ws/src/encoder_unit' returned '0': PYTHONPATH=/home/raspi-earth/project_ws/build/encoder_unit/prefix_override:/usr/lib/python3/dist-packages/colcon_core/task/python/colcon_distutils_commands:/home/raspi-earth/project_ws/install/encoder_unit/lib/python3.11/site-packages:${PYTHONPATH} /usr/bin/python3 -W ignore:setup.py install is deprecated -W ignore:easy_install command is deprecated setup.py egg_info --egg-base ../../build/encoder_unit build --build-base /home/raspi-earth/project_ws/build/encoder_unit/build install --record /home/raspi-earth/project_ws/build/encoder_unit/install.log --single-version-externally-managed install_data
