[6.469s] Invoking command in '/home/raspi-earth/project_ws/src/processor_unit': PYTHONPATH=/home/raspi-earth/project_ws/build/processor_unit/prefix_override:/usr/lib/python3/dist-packages/colcon_core/task/python/colcon_distutils_commands:/home/raspi-earth/project_ws/install/processor_unit/lib/python3.11/site-packages:${PYTHONPATH} /usr/bin/python3 -W ignore:setup.py install is deprecated -W ignore:easy_install command is deprecated setup.py egg_info --egg-base ../../build/processor_unit build --build-base /home/raspi-earth/project_ws/build/processor_unit/build install --record /home/raspi-earth/project_ws/build/processor_unit/install.log --single-version-externally-managed install_data
[8.011s] running egg_info
[8.075s] writing ../../build/processor_unit/processor_unit.egg-info/PKG-INFO
[8.076s] writing dependency_links to ../../build/processor_unit/processor_unit.egg-info/dependency_links.txt
[8.078s] writing entry points to ../../build/processor_unit/processor_unit.egg-info/entry_points.txt
[8.078s] writing requirements to ../../build/processor_unit/processor_unit.egg-info/requires.txt
[8.079s] writing top-level names to ../../build/processor_unit/processor_unit.egg-info/top_level.txt
[8.168s] reading manifest file '../../build/processor_unit/processor_unit.egg-info/SOURCES.txt'
[8.169s] adding license file 'LICENSE'
[8.171s] writing manifest file '../../build/processor_unit/processor_unit.egg-info/SOURCES.txt'
[8.171s] running build
[8.172s] running build_py
[8.173s] running install
[8.200s] running install_lib
[8.301s] running install_data
[8.302s] running install_egg_info
[8.436s] removing '/home/raspi-earth/project_ws/install/processor_unit/lib/python3.11/site-packages/processor_unit-0.0.0-py3.11.egg-info' (and everything under it)
[8.436s] Copying ../../build/processor_unit/processor_unit.egg-info to /home/raspi-earth/project_ws/install/processor_unit/lib/python3.11/site-packages/processor_unit-0.0.0-py3.11.egg-info
[8.437s] running install_scripts
[8.745s] Installing main_processor script to /home/raspi-earth/project_ws/install/processor_unit/lib/processor_unit
[8.746s] writing list of installed files to '/home/raspi-earth/project_ws/build/processor_unit/install.log'
[8.953s] Invoked command in '/home/raspi-earth/project_ws/src/processor_unit' returned '0': PYTHONPATH=/home/raspi-earth/project_ws/build/processor_unit/prefix_override:/usr/lib/python3/dist-packages/colcon_core/task/python/colcon_distutils_commands:/home/raspi-earth/project_ws/install/processor_unit/lib/python3.11/site-packages:${PYTHONPATH} /usr/bin/python3 -W ignore:setup.py install is deprecated -W ignore:easy_install command is deprecated setup.py egg_info --egg-base ../../build/processor_unit build --build-base /home/raspi-earth/project_ws/build/processor_unit/build install --record /home/raspi-earth/project_ws/build/processor_unit/install.log --single-version-externally-managed install_data
