[6.369s] Invoking command in '/home/raspi-earth/project_ws/build/motor_control': PYTHONPATH=/home/raspi-earth/project_ws/build/motor_control/prefix_override:/usr/lib/python3/dist-packages/colcon_core/task/python/colcon_distutils_commands:/home/raspi-earth/project_ws/install/motor_control/lib/python3.11/site-packages:${PYTHONPATH} /usr/bin/python3 -W ignore:setup.py install is deprecated -W ignore:easy_install command is deprecated setup.py develop --editable --build-directory /home/raspi-earth/project_ws/build/motor_control/build --no-deps symlink_data --force
[7.845s] running develop
[8.619s] running egg_info
[8.685s] writing motor_control.egg-info/PKG-INFO
[8.685s] writing dependency_links to motor_control.egg-info/dependency_links.txt
[8.687s] writing entry points to motor_control.egg-info/entry_points.txt
[8.687s] writing requirements to motor_control.egg-info/requires.txt
[8.688s] writing top-level names to motor_control.egg-info/top_level.txt
[8.781s] reading manifest file 'motor_control.egg-info/SOURCES.txt'
[8.785s] writing manifest file 'motor_control.egg-info/SOURCES.txt'
[8.881s] running build_ext
[8.882s] Creating /home/raspi-earth/project_ws/install/motor_control/lib/python3.11/site-packages/motor-control.egg-link (link to .)
[8.882s] Installing joint1_node script to /home/raspi-earth/project_ws/install/motor_control/lib/motor_control
[8.883s] Installing joint2_node script to /home/raspi-earth/project_ws/install/motor_control/lib/motor_control
[8.883s] Installing joint3_node script to /home/raspi-earth/project_ws/install/motor_control/lib/motor_control
[8.883s] Installing servodrive script to /home/raspi-earth/project_ws/install/motor_control/lib/motor_control
[8.884s] Installing stepmotor1 script to /home/raspi-earth/project_ws/install/motor_control/lib/motor_control
[8.884s] Installing stepmotor2 script to /home/raspi-earth/project_ws/install/motor_control/lib/motor_control
[8.884s] Installing stepmotor3 script to /home/raspi-earth/project_ws/install/motor_control/lib/motor_control
[8.885s] 
[8.885s] Installed /home/raspi-earth/project_ws/build/motor_control
[8.885s] running symlink_data
[8.885s] symbolically linking /home/raspi-earth/project_ws/build/motor_control/resource/motor_control -> /home/raspi-earth/project_ws/install/motor_control/share/ament_index/resource_index/packages
[8.885s] symbolically linking /home/raspi-earth/project_ws/build/motor_control/package.xml -> /home/raspi-earth/project_ws/install/motor_control/share/motor_control
[9.157s] Invoked command in '/home/raspi-earth/project_ws/build/motor_control' returned '0': PYTHONPATH=/home/raspi-earth/project_ws/build/motor_control/prefix_override:/usr/lib/python3/dist-packages/colcon_core/task/python/colcon_distutils_commands:/home/raspi-earth/project_ws/install/motor_control/lib/python3.11/site-packages:${PYTHONPATH} /usr/bin/python3 -W ignore:setup.py install is deprecated -W ignore:easy_install command is deprecated setup.py develop --editable --build-directory /home/raspi-earth/project_ws/build/motor_control/build --no-deps symlink_data --force
