[5.908s] Invoking command in '/home/raspi-earth/project_ws/src/launch_project': PYTHONPATH=/home/raspi-earth/project_ws/build/launch_project/prefix_override:/usr/lib/python3/dist-packages/colcon_core/task/python/colcon_distutils_commands:/home/raspi-earth/project_ws/install/launch_project/lib/python3.11/site-packages:${PYTHONPATH} /usr/bin/python3 -W ignore:setup.py install is deprecated -W ignore:easy_install command is deprecated setup.py egg_info --egg-base ../../build/launch_project build --build-base /home/raspi-earth/project_ws/build/launch_project/build install --record /home/raspi-earth/project_ws/build/launch_project/install.log --single-version-externally-managed install_data
[6.995s] running egg_info
[6.996s] creating ../../build/launch_project/launch_project.egg-info
[7.033s] writing ../../build/launch_project/launch_project.egg-info/PKG-INFO
[7.033s] writing dependency_links to ../../build/launch_project/launch_project.egg-info/dependency_links.txt
[7.033s] writing requirements to ../../build/launch_project/launch_project.egg-info/requires.txt
[7.033s] writing top-level names to ../../build/launch_project/launch_project.egg-info/top_level.txt
[7.033s] writing manifest file '../../build/launch_project/launch_project.egg-info/SOURCES.txt'
[7.118s] reading manifest file '../../build/launch_project/launch_project.egg-info/SOURCES.txt'
[7.118s] adding license file 'LICENSE'
[7.120s] writing manifest file '../../build/launch_project/launch_project.egg-info/SOURCES.txt'
[7.120s] running build
[7.120s] running build_py
[7.120s] creating /home/raspi-earth/project_ws/build/launch_project/build
[7.120s] creating /home/raspi-earth/project_ws/build/launch_project/build/lib
[7.120s] creating /home/raspi-earth/project_ws/build/launch_project/build/lib/launch_project
[7.120s] copying launch_project/__init__.py -> /home/raspi-earth/project_ws/build/launch_project/build/lib/launch_project
[7.120s] copying launch_project/launch_project.py -> /home/raspi-earth/project_ws/build/launch_project/build/lib/launch_project
[7.121s] running install
[7.132s] running install_lib
[7.175s] creating /home/raspi-earth/project_ws/install/launch_project/lib/python3.11/site-packages/launch_project
[7.175s] copying /home/raspi-earth/project_ws/build/launch_project/build/lib/launch_project/__init__.py -> /home/raspi-earth/project_ws/install/launch_project/lib/python3.11/site-packages/launch_project
[7.175s] copying /home/raspi-earth/project_ws/build/launch_project/build/lib/launch_project/launch_project.py -> /home/raspi-earth/project_ws/install/launch_project/lib/python3.11/site-packages/launch_project
[7.179s] byte-compiling /home/raspi-earth/project_ws/install/launch_project/lib/python3.11/site-packages/launch_project/__init__.py to __init__.cpython-311.pyc
[7.179s] byte-compiling /home/raspi-earth/project_ws/install/launch_project/lib/python3.11/site-packages/launch_project/launch_project.py to launch_project.cpython-311.pyc
[7.180s] running install_data
[7.180s] creating /home/raspi-earth/project_ws/install/launch_project/share/ament_index
[7.184s] creating /home/raspi-earth/project_ws/install/launch_project/share/ament_index/resource_index
[7.184s] creating /home/raspi-earth/project_ws/install/launch_project/share/ament_index/resource_index/packages
[7.185s] copying resource/launch_project -> /home/raspi-earth/project_ws/install/launch_project/share/ament_index/resource_index/packages
[7.185s] copying package.xml -> /home/raspi-earth/project_ws/install/launch_project/share/launch_project
[7.185s] creating /home/raspi-earth/project_ws/install/launch_project/share/launch_project/launch
[7.185s] running install_egg_info
[7.295s] Copying ../../build/launch_project/launch_project.egg-info to /home/raspi-earth/project_ws/install/launch_project/lib/python3.11/site-packages/launch_project-0.0.0-py3.11.egg-info
[7.296s] running install_scripts
[7.491s] writing list of installed files to '/home/raspi-earth/project_ws/build/launch_project/install.log'
[7.687s] Invoked command in '/home/raspi-earth/project_ws/src/launch_project' returned '0': PYTHONPATH=/home/raspi-earth/project_ws/build/launch_project/prefix_override:/usr/lib/python3/dist-packages/colcon_core/task/python/colcon_distutils_commands:/home/raspi-earth/project_ws/install/launch_project/lib/python3.11/site-packages:${PYTHONPATH} /usr/bin/python3 -W ignore:setup.py install is deprecated -W ignore:easy_install command is deprecated setup.py egg_info --egg-base ../../build/launch_project build --build-base /home/raspi-earth/project_ws/build/launch_project/build install --record /home/raspi-earth/project_ws/build/launch_project/install.log --single-version-externally-managed install_data
