[7.384s] Invoking command in '/home/raspi-earth/project_ws/src/motor_control': PYTHONPATH=/home/raspi-earth/project_ws/build/motor_control/prefix_override:/usr/lib/python3/dist-packages/colcon_core/task/python/colcon_distutils_commands:/home/raspi-earth/project_ws/install/motor_control/lib/python3.11/site-packages:${PYTHONPATH} /usr/bin/python3 -W ignore:setup.py install is deprecated -W ignore:easy_install command is deprecated setup.py egg_info --egg-base ../../build/motor_control build --build-base /home/raspi-earth/project_ws/build/motor_control/build install --record /home/raspi-earth/project_ws/build/motor_control/install.log --single-version-externally-managed install_data
[8.881s] running egg_info
[8.926s] writing ../../build/motor_control/motor_control.egg-info/PKG-INFO
[8.927s] writing dependency_links to ../../build/motor_control/motor_control.egg-info/dependency_links.txt
[8.929s] writing entry points to ../../build/motor_control/motor_control.egg-info/entry_points.txt
[8.930s] writing requirements to ../../build/motor_control/motor_control.egg-info/requires.txt
[8.930s] writing top-level names to ../../build/motor_control/motor_control.egg-info/top_level.txt
[9.060s] reading manifest file '../../build/motor_control/motor_control.egg-info/SOURCES.txt'
[9.063s] adding license file 'LICENSE'
[9.069s] writing manifest file '../../build/motor_control/motor_control.egg-info/SOURCES.txt'
[9.069s] running build
[9.070s] running build_py
[9.070s] copying motor_control/joint1_node.py -> /home/raspi-earth/project_ws/build/motor_control/build/lib/motor_control
[9.070s] running install
[9.095s] running install_lib
[9.154s] copying /home/raspi-earth/project_ws/build/motor_control/build/lib/motor_control/joint1_node.py -> /home/raspi-earth/project_ws/install/motor_control/lib/python3.11/site-packages/motor_control
[9.159s] byte-compiling /home/raspi-earth/project_ws/install/motor_control/lib/python3.11/site-packages/motor_control/joint1_node.py to joint1_node.cpython-311.pyc
[9.165s]   File "/home/raspi-earth/project_ws/install/motor_control/lib/python3.11/site-packages/motor_control/joint1_node.py", line 43
[9.165s]         def __init__(self):
[9.165s]     ^
[9.165s] SyntaxError: invalid non-printable character U+00A0
[9.166s] 
[9.166s] running install_data
[9.166s] running install_egg_info
[9.329s] removing '/home/raspi-earth/project_ws/install/motor_control/lib/python3.11/site-packages/motor_control-0.0.0-py3.11.egg-info' (and everything under it)
[9.331s] Copying ../../build/motor_control/motor_control.egg-info to /home/raspi-earth/project_ws/install/motor_control/lib/python3.11/site-packages/motor_control-0.0.0-py3.11.egg-info
[9.346s] running install_scripts
[9.642s] Installing joint1_node script to /home/raspi-earth/project_ws/install/motor_control/lib/motor_control
[9.643s] Installing joint2_node script to /home/raspi-earth/project_ws/install/motor_control/lib/motor_control
[9.646s] Installing joint3_node script to /home/raspi-earth/project_ws/install/motor_control/lib/motor_control
[9.649s] Installing servodrive script to /home/raspi-earth/project_ws/install/motor_control/lib/motor_control
[9.653s] Installing stepmotor1 script to /home/raspi-earth/project_ws/install/motor_control/lib/motor_control
[9.653s] Installing stepmotor2 script to /home/raspi-earth/project_ws/install/motor_control/lib/motor_control
[9.653s] Installing stepmotor3 script to /home/raspi-earth/project_ws/install/motor_control/lib/motor_control
[9.657s] writing list of installed files to '/home/raspi-earth/project_ws/build/motor_control/install.log'
[9.897s] Invoked command in '/home/raspi-earth/project_ws/src/motor_control' returned '0': PYTHONPATH=/home/raspi-earth/project_ws/build/motor_control/prefix_override:/usr/lib/python3/dist-packages/colcon_core/task/python/colcon_distutils_commands:/home/raspi-earth/project_ws/install/motor_control/lib/python3.11/site-packages:${PYTHONPATH} /usr/bin/python3 -W ignore:setup.py install is deprecated -W ignore:easy_install command is deprecated setup.py egg_info --egg-base ../../build/motor_control build --build-base /home/raspi-earth/project_ws/build/motor_control/build install --record /home/raspi-earth/project_ws/build/motor_control/install.log --single-version-externally-managed install_data
