[4.608s] Invoking command in '/home/raspi-earth/project_ws/src/encoder_unit': PYTHONPATH=/home/raspi-earth/project_ws/build/encoder_unit/prefix_override:/usr/lib/python3/dist-packages/colcon_core/task/python/colcon_distutils_commands:/home/raspi-earth/project_ws/install/encoder_unit/lib/python3.11/site-packages:${PYTHONPATH} /usr/bin/python3 -W ignore:setup.py install is deprecated -W ignore:easy_install command is deprecated setup.py egg_info --egg-base ../../build/encoder_unit build --build-base /home/raspi-earth/project_ws/build/encoder_unit/build install --record /home/raspi-earth/project_ws/build/encoder_unit/install.log --single-version-externally-managed install_data
[5.589s] running egg_info
[5.626s] writing ../../build/encoder_unit/encoder_unit.egg-info/PKG-INFO
[5.627s] writing dependency_links to ../../build/encoder_unit/encoder_unit.egg-info/dependency_links.txt
[5.628s] writing entry points to ../../build/encoder_unit/encoder_unit.egg-info/entry_points.txt
[5.628s] writing requirements to ../../build/encoder_unit/encoder_unit.egg-info/requires.txt
[5.629s] writing top-level names to ../../build/encoder_unit/encoder_unit.egg-info/top_level.txt
[5.706s] reading manifest file '../../build/encoder_unit/encoder_unit.egg-info/SOURCES.txt'
[5.706s] adding license file 'LICENSE'
[5.707s] writing manifest file '../../build/encoder_unit/encoder_unit.egg-info/SOURCES.txt'
[5.707s] running build
[5.707s] running build_py
[5.707s] copying encoder_unit/as5600_5.py -> /home/raspi-earth/project_ws/build/encoder_unit/build/lib/encoder_unit
[5.708s] copying encoder_unit/limit_switch2.py -> /home/raspi-earth/project_ws/build/encoder_unit/build/lib/encoder_unit
[5.708s] copying encoder_unit/as5600_2.py -> /home/raspi-earth/project_ws/build/encoder_unit/build/lib/encoder_unit
[5.708s] copying encoder_unit/as5600_4.py -> /home/raspi-earth/project_ws/build/encoder_unit/build/lib/encoder_unit
[5.708s] copying encoder_unit/limit_switch3.py -> /home/raspi-earth/project_ws/build/encoder_unit/build/lib/encoder_unit
[5.708s] copying encoder_unit/limit_switch4.py -> /home/raspi-earth/project_ws/build/encoder_unit/build/lib/encoder_unit
[5.708s] copying encoder_unit/as5600_3.py -> /home/raspi-earth/project_ws/build/encoder_unit/build/lib/encoder_unit
[5.708s] copying encoder_unit/limit_switch5.py -> /home/raspi-earth/project_ws/build/encoder_unit/build/lib/encoder_unit
[5.709s] copying encoder_unit/as5600_1.py -> /home/raspi-earth/project_ws/build/encoder_unit/build/lib/encoder_unit
[5.709s] copying encoder_unit/limit_switch1.py -> /home/raspi-earth/project_ws/build/encoder_unit/build/lib/encoder_unit
[5.709s] running install
[5.720s] running install_lib
[5.761s] copying /home/raspi-earth/project_ws/build/encoder_unit/build/lib/encoder_unit/as5600_5.py -> /home/raspi-earth/project_ws/install/encoder_unit/lib/python3.11/site-packages/encoder_unit
[5.761s] copying /home/raspi-earth/project_ws/build/encoder_unit/build/lib/encoder_unit/limit_switch2.py -> /home/raspi-earth/project_ws/install/encoder_unit/lib/python3.11/site-packages/encoder_unit
[5.761s] copying /home/raspi-earth/project_ws/build/encoder_unit/build/lib/encoder_unit/as5600_2.py -> /home/raspi-earth/project_ws/install/encoder_unit/lib/python3.11/site-packages/encoder_unit
[5.762s] copying /home/raspi-earth/project_ws/build/encoder_unit/build/lib/encoder_unit/as5600_4.py -> /home/raspi-earth/project_ws/install/encoder_unit/lib/python3.11/site-packages/encoder_unit
[5.762s] copying /home/raspi-earth/project_ws/build/encoder_unit/build/lib/encoder_unit/limit_switch3.py -> /home/raspi-earth/project_ws/install/encoder_unit/lib/python3.11/site-packages/encoder_unit
[5.762s] copying /home/raspi-earth/project_ws/build/encoder_unit/build/lib/encoder_unit/limit_switch4.py -> /home/raspi-earth/project_ws/install/encoder_unit/lib/python3.11/site-packages/encoder_unit
[5.762s] copying /home/raspi-earth/project_ws/build/encoder_unit/build/lib/encoder_unit/as5600_3.py -> /home/raspi-earth/project_ws/install/encoder_unit/lib/python3.11/site-packages/encoder_unit
[5.763s] copying /home/raspi-earth/project_ws/build/encoder_unit/build/lib/encoder_unit/limit_switch5.py -> /home/raspi-earth/project_ws/install/encoder_unit/lib/python3.11/site-packages/encoder_unit
[5.763s] copying /home/raspi-earth/project_ws/build/encoder_unit/build/lib/encoder_unit/as5600_1.py -> /home/raspi-earth/project_ws/install/encoder_unit/lib/python3.11/site-packages/encoder_unit
[5.763s] copying /home/raspi-earth/project_ws/build/encoder_unit/build/lib/encoder_unit/limit_switch1.py -> /home/raspi-earth/project_ws/install/encoder_unit/lib/python3.11/site-packages/encoder_unit
[5.767s] byte-compiling /home/raspi-earth/project_ws/install/encoder_unit/lib/python3.11/site-packages/encoder_unit/as5600_5.py to as5600_5.cpython-311.pyc
[5.768s] byte-compiling /home/raspi-earth/project_ws/install/encoder_unit/lib/python3.11/site-packages/encoder_unit/limit_switch2.py to limit_switch2.cpython-311.pyc
[5.768s] byte-compiling /home/raspi-earth/project_ws/install/encoder_unit/lib/python3.11/site-packages/encoder_unit/as5600_2.py to as5600_2.cpython-311.pyc
[5.768s] byte-compiling /home/raspi-earth/project_ws/install/encoder_unit/lib/python3.11/site-packages/encoder_unit/as5600_4.py to as5600_4.cpython-311.pyc
[5.769s] byte-compiling /home/raspi-earth/project_ws/install/encoder_unit/lib/python3.11/site-packages/encoder_unit/limit_switch3.py to limit_switch3.cpython-311.pyc
[5.769s] byte-compiling /home/raspi-earth/project_ws/install/encoder_unit/lib/python3.11/site-packages/encoder_unit/limit_switch4.py to limit_switch4.cpython-311.pyc
[5.769s] byte-compiling /home/raspi-earth/project_ws/install/encoder_unit/lib/python3.11/site-packages/encoder_unit/as5600_3.py to as5600_3.cpython-311.pyc
[5.770s] byte-compiling /home/raspi-earth/project_ws/install/encoder_unit/lib/python3.11/site-packages/encoder_unit/limit_switch5.py to limit_switch5.cpython-311.pyc
[5.770s] byte-compiling /home/raspi-earth/project_ws/install/encoder_unit/lib/python3.11/site-packages/encoder_unit/as5600_1.py to as5600_1.cpython-311.pyc
[5.771s]   File "/home/raspi-earth/project_ws/install/encoder_unit/lib/python3.11/site-packages/encoder_unit/as5600_1.py", line 59
[5.771s]     return (hi << 😎 | lo
[5.771s]                   ^
[5.771s] SyntaxError: invalid character '😎' (U+1F60E)
[5.771s] 
[5.771s] byte-compiling /home/raspi-earth/project_ws/install/encoder_unit/lib/python3.11/site-packages/encoder_unit/limit_switch1.py to limit_switch1.cpython-311.pyc
[5.772s] running install_data
[5.772s] running install_egg_info
[5.884s] removing '/home/raspi-earth/project_ws/install/encoder_unit/lib/python3.11/site-packages/encoder_unit-0.0.0-py3.11.egg-info' (and everything under it)
[5.884s] Copying ../../build/encoder_unit/encoder_unit.egg-info to /home/raspi-earth/project_ws/install/encoder_unit/lib/python3.11/site-packages/encoder_unit-0.0.0-py3.11.egg-info
[5.885s] running install_scripts
[6.060s] Installing as5600_1 script to /home/raspi-earth/project_ws/install/encoder_unit/lib/encoder_unit
[6.060s] Installing as5600_2 script to /home/raspi-earth/project_ws/install/encoder_unit/lib/encoder_unit
[6.061s] Installing as5600_3 script to /home/raspi-earth/project_ws/install/encoder_unit/lib/encoder_unit
[6.061s] Installing as5600_4 script to /home/raspi-earth/project_ws/install/encoder_unit/lib/encoder_unit
[6.061s] Installing as5600_5 script to /home/raspi-earth/project_ws/install/encoder_unit/lib/encoder_unit
[6.061s] Installing limit_1 script to /home/raspi-earth/project_ws/install/encoder_unit/lib/encoder_unit
[6.061s] Installing limit_2 script to /home/raspi-earth/project_ws/install/encoder_unit/lib/encoder_unit
[6.062s] Installing limit_3 script to /home/raspi-earth/project_ws/install/encoder_unit/lib/encoder_unit
[6.062s] Installing limit_4 script to /home/raspi-earth/project_ws/install/encoder_unit/lib/encoder_unit
[6.062s] Installing limit_5 script to /home/raspi-earth/project_ws/install/encoder_unit/lib/encoder_unit
[6.063s] writing list of installed files to '/home/raspi-earth/project_ws/build/encoder_unit/install.log'
[6.241s] Invoked command in '/home/raspi-earth/project_ws/src/encoder_unit' returned '0': PYTHONPATH=/home/raspi-earth/project_ws/build/encoder_unit/prefix_override:/usr/lib/python3/dist-packages/colcon_core/task/python/colcon_distutils_commands:/home/raspi-earth/project_ws/install/encoder_unit/lib/python3.11/site-packages:${PYTHONPATH} /usr/bin/python3 -W ignore:setup.py install is deprecated -W ignore:easy_install command is deprecated setup.py egg_info --egg-base ../../build/encoder_unit build --build-base /home/raspi-earth/project_ws/build/encoder_unit/build install --record /home/raspi-earth/project_ws/build/encoder_unit/install.log --single-version-externally-managed install_data
