[5.689s] Invoking command in '/home/raspi-earth/project_ws/src/processor_unit': PYTHONPATH=/home/raspi-earth/project_ws/build/processor_unit/prefix_override:/usr/lib/python3/dist-packages/colcon_core/task/python/colcon_distutils_commands:/home/raspi-earth/project_ws/install/processor_unit/lib/python3.11/site-packages:${PYTHONPATH} /usr/bin/python3 -W ignore:setup.py install is deprecated -W ignore:easy_install command is deprecated setup.py egg_info --egg-base ../../build/processor_unit build --build-base /home/raspi-earth/project_ws/build/processor_unit/build install --record /home/raspi-earth/project_ws/build/processor_unit/install.log --single-version-externally-managed install_data
[6.798s] running egg_info
[6.836s] writing ../../build/processor_unit/processor_unit.egg-info/PKG-INFO
[6.837s] writing dependency_links to ../../build/processor_unit/processor_unit.egg-info/dependency_links.txt
[6.838s] writing requirements to ../../build/processor_unit/processor_unit.egg-info/requires.txt
[6.839s] writing top-level names to ../../build/processor_unit/processor_unit.egg-info/top_level.txt
[6.926s] reading manifest file '../../build/processor_unit/processor_unit.egg-info/SOURCES.txt'
[6.927s] adding license file 'LICENSE'
[6.928s] writing manifest file '../../build/processor_unit/processor_unit.egg-info/SOURCES.txt'
[6.928s] running build
[6.928s] running build_py
[6.929s] running install
[6.941s] running install_lib
[6.989s] running install_data
[6.998s] running install_egg_info
[7.116s] removing '/home/raspi-earth/project_ws/install/processor_unit/lib/python3.11/site-packages/processor_unit-0.0.0-py3.11.egg-info' (and everything under it)
[7.117s] Copying ../../build/processor_unit/processor_unit.egg-info to /home/raspi-earth/project_ws/install/processor_unit/lib/python3.11/site-packages/processor_unit-0.0.0-py3.11.egg-info
[7.118s] running install_scripts
[7.315s] writing list of installed files to '/home/raspi-earth/project_ws/build/processor_unit/install.log'
[7.515s] Invoked command in '/home/raspi-earth/project_ws/src/processor_unit' returned '0': PYTHONPATH=/home/raspi-earth/project_ws/build/processor_unit/prefix_override:/usr/lib/python3/dist-packages/colcon_core/task/python/colcon_distutils_commands:/home/raspi-earth/project_ws/install/processor_unit/lib/python3.11/site-packages:${PYTHONPATH} /usr/bin/python3 -W ignore:setup.py install is deprecated -W ignore:easy_install command is deprecated setup.py egg_info --egg-base ../../build/processor_unit build --build-base /home/raspi-earth/project_ws/build/processor_unit/build install --record /home/raspi-earth/project_ws/build/processor_unit/install.log --single-version-externally-managed install_data
