[7.146s] Invoking command in '/home/raspi-earth/project_ws/src/encoder_unit': PYTHONPATH=/home/raspi-earth/project_ws/build/encoder_unit/prefix_override:/usr/lib/python3/dist-packages/colcon_core/task/python/colcon_distutils_commands:/home/raspi-earth/project_ws/install/encoder_unit/lib/python3.11/site-packages:${PYTHONPATH} /usr/bin/python3 -W ignore:setup.py install is deprecated -W ignore:easy_install command is deprecated setup.py egg_info --egg-base ../../build/encoder_unit build --build-base /home/raspi-earth/project_ws/build/encoder_unit/build install --record /home/raspi-earth/project_ws/build/encoder_unit/install.log --single-version-externally-managed install_data
[8.558s] running egg_info
[8.635s] writing ../../build/encoder_unit/encoder_unit.egg-info/PKG-INFO
[8.637s] writing dependency_links to ../../build/encoder_unit/encoder_unit.egg-info/dependency_links.txt
[8.639s] writing entry points to ../../build/encoder_unit/encoder_unit.egg-info/entry_points.txt
[8.641s] writing requirements to ../../build/encoder_unit/encoder_unit.egg-info/requires.txt
[8.642s] writing top-level names to ../../build/encoder_unit/encoder_unit.egg-info/top_level.txt
[8.727s] reading manifest file '../../build/encoder_unit/encoder_unit.egg-info/SOURCES.txt'
[8.728s] adding license file 'LICENSE'
[8.728s] writing manifest file '../../build/encoder_unit/encoder_unit.egg-info/SOURCES.txt'
[8.728s] running build
[8.729s] running build_py
[8.730s] copying encoder_unit/limit_switch1.py -> /home/raspi-earth/project_ws/build/encoder_unit/build/lib/encoder_unit
[8.730s] running install
[8.742s] running install_lib
[8.828s] copying /home/raspi-earth/project_ws/build/encoder_unit/build/lib/encoder_unit/limit_switch1.py -> /home/raspi-earth/project_ws/install/encoder_unit/lib/python3.11/site-packages/encoder_unit
[8.835s] byte-compiling /home/raspi-earth/project_ws/install/encoder_unit/lib/python3.11/site-packages/encoder_unit/limit_switch1.py to limit_switch1.cpython-311.pyc
[8.836s] running install_data
[8.837s] running install_egg_info
[8.976s] removing '/home/raspi-earth/project_ws/install/encoder_unit/lib/python3.11/site-packages/encoder_unit-0.0.0-py3.11.egg-info' (and everything under it)
[8.976s] Copying ../../build/encoder_unit/encoder_unit.egg-info to /home/raspi-earth/project_ws/install/encoder_unit/lib/python3.11/site-packages/encoder_unit-0.0.0-py3.11.egg-info
[8.978s] running install_scripts
[9.249s] Installing as5600_1 script to /home/raspi-earth/project_ws/install/encoder_unit/lib/encoder_unit
[9.250s] Installing as5600_2 script to /home/raspi-earth/project_ws/install/encoder_unit/lib/encoder_unit
[9.251s] Installing as5600_3 script to /home/raspi-earth/project_ws/install/encoder_unit/lib/encoder_unit
[9.251s] Installing as5600_4 script to /home/raspi-earth/project_ws/install/encoder_unit/lib/encoder_unit
[9.253s] Installing as5600_5 script to /home/raspi-earth/project_ws/install/encoder_unit/lib/encoder_unit
[9.253s] Installing limit_1 script to /home/raspi-earth/project_ws/install/encoder_unit/lib/encoder_unit
[9.253s] Installing limit_2 script to /home/raspi-earth/project_ws/install/encoder_unit/lib/encoder_unit
[9.255s] Installing limit_3 script to /home/raspi-earth/project_ws/install/encoder_unit/lib/encoder_unit
[9.257s] Installing limit_4 script to /home/raspi-earth/project_ws/install/encoder_unit/lib/encoder_unit
[9.259s] Installing limit_5 script to /home/raspi-earth/project_ws/install/encoder_unit/lib/encoder_unit
[9.262s] writing list of installed files to '/home/raspi-earth/project_ws/build/encoder_unit/install.log'
[9.479s] Invoked command in '/home/raspi-earth/project_ws/src/encoder_unit' returned '0': PYTHONPATH=/home/raspi-earth/project_ws/build/encoder_unit/prefix_override:/usr/lib/python3/dist-packages/colcon_core/task/python/colcon_distutils_commands:/home/raspi-earth/project_ws/install/encoder_unit/lib/python3.11/site-packages:${PYTHONPATH} /usr/bin/python3 -W ignore:setup.py install is deprecated -W ignore:easy_install command is deprecated setup.py egg_info --egg-base ../../build/encoder_unit build --build-base /home/raspi-earth/project_ws/build/encoder_unit/build install --record /home/raspi-earth/project_ws/build/encoder_unit/install.log --single-version-externally-managed install_data
