[8.557s] Invoking command in '/home/raspi-earth/project_ws/src/motor_control': PYTHONPATH=/home/raspi-earth/project_ws/build/motor_control/prefix_override:/usr/lib/python3/dist-packages/colcon_core/task/python/colcon_distutils_commands:/home/raspi-earth/project_ws/install/motor_control/lib/python3.11/site-packages:${PYTHONPATH} /usr/bin/python3 -W ignore:setup.py install is deprecated -W ignore:easy_install command is deprecated setup.py egg_info --egg-base ../../build/motor_control build --build-base /home/raspi-earth/project_ws/build/motor_control/build install --record /home/raspi-earth/project_ws/build/motor_control/install.log --single-version-externally-managed install_data
[10.127s] running egg_info
[10.217s] writing ../../build/motor_control/motor_control.egg-info/PKG-INFO
[10.218s] writing dependency_links to ../../build/motor_control/motor_control.egg-info/dependency_links.txt
[10.219s] writing entry points to ../../build/motor_control/motor_control.egg-info/entry_points.txt
[10.220s] writing requirements to ../../build/motor_control/motor_control.egg-info/requires.txt
[10.220s] writing top-level names to ../../build/motor_control/motor_control.egg-info/top_level.txt
[10.317s] reading manifest file '../../build/motor_control/motor_control.egg-info/SOURCES.txt'
[10.318s] adding license file 'LICENSE'
[10.321s] writing manifest file '../../build/motor_control/motor_control.egg-info/SOURCES.txt'
[10.322s] running build
[10.322s] running build_py
[10.324s] copying motor_control/joint1_node.py -> /home/raspi-earth/project_ws/build/motor_control/build/lib/motor_control
[10.329s] running install
[10.355s] running install_lib
[10.435s] copying /home/raspi-earth/project_ws/build/motor_control/build/lib/motor_control/joint1_node.py -> /home/raspi-earth/project_ws/install/motor_control/lib/python3.11/site-packages/motor_control
[10.443s] byte-compiling /home/raspi-earth/project_ws/install/motor_control/lib/python3.11/site-packages/motor_control/joint1_node.py to joint1_node.cpython-311.pyc
[10.448s] running install_data
[10.450s] running install_egg_info
[10.650s] removing '/home/raspi-earth/project_ws/install/motor_control/lib/python3.11/site-packages/motor_control-0.0.0-py3.11.egg-info' (and everything under it)
[10.652s] Copying ../../build/motor_control/motor_control.egg-info to /home/raspi-earth/project_ws/install/motor_control/lib/python3.11/site-packages/motor_control-0.0.0-py3.11.egg-info
[10.657s] running install_scripts
[10.951s] Installing joint1_node script to /home/raspi-earth/project_ws/install/motor_control/lib/motor_control
[10.953s] Installing joint2_node script to /home/raspi-earth/project_ws/install/motor_control/lib/motor_control
[10.958s] Installing joint3_node script to /home/raspi-earth/project_ws/install/motor_control/lib/motor_control
[10.961s] Installing servodrive script to /home/raspi-earth/project_ws/install/motor_control/lib/motor_control
[10.962s] Installing stepmotor1 script to /home/raspi-earth/project_ws/install/motor_control/lib/motor_control
[10.971s] Installing stepmotor2 script to /home/raspi-earth/project_ws/install/motor_control/lib/motor_control
[10.973s] Installing stepmotor3 script to /home/raspi-earth/project_ws/install/motor_control/lib/motor_control
[10.977s] writing list of installed files to '/home/raspi-earth/project_ws/build/motor_control/install.log'
[11.255s] Invoked command in '/home/raspi-earth/project_ws/src/motor_control' returned '0': PYTHONPATH=/home/raspi-earth/project_ws/build/motor_control/prefix_override:/usr/lib/python3/dist-packages/colcon_core/task/python/colcon_distutils_commands:/home/raspi-earth/project_ws/install/motor_control/lib/python3.11/site-packages:${PYTHONPATH} /usr/bin/python3 -W ignore:setup.py install is deprecated -W ignore:easy_install command is deprecated setup.py egg_info --egg-base ../../build/motor_control build --build-base /home/raspi-earth/project_ws/build/motor_control/build install --record /home/raspi-earth/project_ws/build/motor_control/install.log --single-version-externally-managed install_data
