[5.848s] Invoking command in '/home/raspi-earth/project_ws/src/encoder_unit': PYTHONPATH=/home/raspi-earth/project_ws/build/encoder_unit/prefix_override:/usr/lib/python3/dist-packages/colcon_core/task/python/colcon_distutils_commands:/home/raspi-earth/project_ws/install/encoder_unit/lib/python3.11/site-packages:${PYTHONPATH} /usr/bin/python3 -W ignore:setup.py install is deprecated -W ignore:easy_install command is deprecated setup.py egg_info --egg-base ../../build/encoder_unit build --build-base /home/raspi-earth/project_ws/build/encoder_unit/build install --record /home/raspi-earth/project_ws/build/encoder_unit/install.log --single-version-externally-managed install_data
[7.023s] running egg_info
[7.053s] writing ../../build/encoder_unit/encoder_unit.egg-info/PKG-INFO
[7.054s] writing dependency_links to ../../build/encoder_unit/encoder_unit.egg-info/dependency_links.txt
[7.056s] writing entry points to ../../build/encoder_unit/encoder_unit.egg-info/entry_points.txt
[7.059s] writing requirements to ../../build/encoder_unit/encoder_unit.egg-info/requires.txt
[7.060s] writing top-level names to ../../build/encoder_unit/encoder_unit.egg-info/top_level.txt
[7.152s] reading manifest file '../../build/encoder_unit/encoder_unit.egg-info/SOURCES.txt'
[7.152s] adding license file 'LICENSE'
[7.153s] writing manifest file '../../build/encoder_unit/encoder_unit.egg-info/SOURCES.txt'
[7.155s] running build
[7.158s] running build_py
[7.158s] running install
[7.169s] running install_lib
[7.235s] running install_data
[7.235s] running install_egg_info
[7.369s] removing '/home/raspi-earth/project_ws/install/encoder_unit/lib/python3.11/site-packages/encoder_unit-0.0.0-py3.11.egg-info' (and everything under it)
[7.370s] Copying ../../build/encoder_unit/encoder_unit.egg-info to /home/raspi-earth/project_ws/install/encoder_unit/lib/python3.11/site-packages/encoder_unit-0.0.0-py3.11.egg-info
[7.371s] running install_scripts
[7.557s] Installing as5600_1 script to /home/raspi-earth/project_ws/install/encoder_unit/lib/encoder_unit
[7.558s] Installing as5600_2 script to /home/raspi-earth/project_ws/install/encoder_unit/lib/encoder_unit
[7.559s] Installing as5600_3 script to /home/raspi-earth/project_ws/install/encoder_unit/lib/encoder_unit
[7.559s] Installing as5600_4 script to /home/raspi-earth/project_ws/install/encoder_unit/lib/encoder_unit
[7.560s] Installing as5600_5 script to /home/raspi-earth/project_ws/install/encoder_unit/lib/encoder_unit
[7.561s] Installing limit_1 script to /home/raspi-earth/project_ws/install/encoder_unit/lib/encoder_unit
[7.564s] Installing limit_2 script to /home/raspi-earth/project_ws/install/encoder_unit/lib/encoder_unit
[7.564s] Installing limit_3 script to /home/raspi-earth/project_ws/install/encoder_unit/lib/encoder_unit
[7.565s] Installing limit_4 script to /home/raspi-earth/project_ws/install/encoder_unit/lib/encoder_unit
[7.566s] Installing limit_5 script to /home/raspi-earth/project_ws/install/encoder_unit/lib/encoder_unit
[7.567s] writing list of installed files to '/home/raspi-earth/project_ws/build/encoder_unit/install.log'
[7.811s] Invoked command in '/home/raspi-earth/project_ws/src/encoder_unit' returned '0': PYTHONPATH=/home/raspi-earth/project_ws/build/encoder_unit/prefix_override:/usr/lib/python3/dist-packages/colcon_core/task/python/colcon_distutils_commands:/home/raspi-earth/project_ws/install/encoder_unit/lib/python3.11/site-packages:${PYTHONPATH} /usr/bin/python3 -W ignore:setup.py install is deprecated -W ignore:easy_install command is deprecated setup.py egg_info --egg-base ../../build/encoder_unit build --build-base /home/raspi-earth/project_ws/build/encoder_unit/build install --record /home/raspi-earth/project_ws/build/encoder_unit/install.log --single-version-externally-managed install_data
