[11.595s] Invoking command in '/home/raspi-earth/project_ws/src/motor_control': PYTHONPATH=/home/raspi-earth/project_ws/build/motor_control/prefix_override:/usr/lib/python3/dist-packages/colcon_core/task/python/colcon_distutils_commands:/home/raspi-earth/project_ws/install/motor_control/lib/python3.11/site-packages:${PYTHONPATH} /usr/bin/python3 -W ignore:setup.py install is deprecated -W ignore:easy_install command is deprecated setup.py egg_info --egg-base ../../build/motor_control build --build-base /home/raspi-earth/project_ws/build/motor_control/build install --record /home/raspi-earth/project_ws/build/motor_control/install.log --single-version-externally-managed install_data
[13.851s] running egg_info
[13.949s] writing ../../build/motor_control/motor_control.egg-info/PKG-INFO
[13.949s] writing dependency_links to ../../build/motor_control/motor_control.egg-info/dependency_links.txt
[13.951s] writing entry points to ../../build/motor_control/motor_control.egg-info/entry_points.txt
[13.953s] writing requirements to ../../build/motor_control/motor_control.egg-info/requires.txt
[13.953s] writing top-level names to ../../build/motor_control/motor_control.egg-info/top_level.txt
[14.049s] reading manifest file '../../build/motor_control/motor_control.egg-info/SOURCES.txt'
[14.051s] adding license file 'LICENSE'
[14.052s] writing manifest file '../../build/motor_control/motor_control.egg-info/SOURCES.txt'
[14.052s] running build
[14.053s] running build_py
[14.053s] running install
[14.086s] running install_lib
[14.173s] running install_data
[14.173s] running install_egg_info
[14.337s] removing '/home/raspi-earth/project_ws/install/motor_control/lib/python3.11/site-packages/motor_control-0.0.0-py3.11.egg-info' (and everything under it)
[14.346s] Copying ../../build/motor_control/motor_control.egg-info to /home/raspi-earth/project_ws/install/motor_control/lib/python3.11/site-packages/motor_control-0.0.0-py3.11.egg-info
[14.346s] running install_scripts
[14.697s] Installing joint1_node script to /home/raspi-earth/project_ws/install/motor_control/lib/motor_control
[14.698s] Installing joint2_node script to /home/raspi-earth/project_ws/install/motor_control/lib/motor_control
[14.699s] Installing joint3_node script to /home/raspi-earth/project_ws/install/motor_control/lib/motor_control
[14.700s] Installing servodrive script to /home/raspi-earth/project_ws/install/motor_control/lib/motor_control
[14.702s] Installing stepmotor1 script to /home/raspi-earth/project_ws/install/motor_control/lib/motor_control
[14.703s] Installing stepmotor2 script to /home/raspi-earth/project_ws/install/motor_control/lib/motor_control
[14.705s] Installing stepmotor3 script to /home/raspi-earth/project_ws/install/motor_control/lib/motor_control
[14.706s] writing list of installed files to '/home/raspi-earth/project_ws/build/motor_control/install.log'
[14.933s] Invoked command in '/home/raspi-earth/project_ws/src/motor_control' returned '0': PYTHONPATH=/home/raspi-earth/project_ws/build/motor_control/prefix_override:/usr/lib/python3/dist-packages/colcon_core/task/python/colcon_distutils_commands:/home/raspi-earth/project_ws/install/motor_control/lib/python3.11/site-packages:${PYTHONPATH} /usr/bin/python3 -W ignore:setup.py install is deprecated -W ignore:easy_install command is deprecated setup.py egg_info --egg-base ../../build/motor_control build --build-base /home/raspi-earth/project_ws/build/motor_control/build install --record /home/raspi-earth/project_ws/build/motor_control/install.log --single-version-externally-managed install_data
