[6.750s] Invoking command in '/home/raspi-earth/project_ws/src/motor_control': PYTHONPATH=/home/raspi-earth/project_ws/build/motor_control/prefix_override:/usr/lib/python3/dist-packages/colcon_core/task/python/colcon_distutils_commands:/home/raspi-earth/project_ws/install/motor_control/lib/python3.11/site-packages:${PYTHONPATH} /usr/bin/python3 -W ignore:setup.py install is deprecated -W ignore:easy_install command is deprecated setup.py egg_info --egg-base ../../build/motor_control build --build-base /home/raspi-earth/project_ws/build/motor_control/build install --record /home/raspi-earth/project_ws/build/motor_control/install.log --single-version-externally-managed install_data
[8.258s] running egg_info
[8.319s] writing ../../build/motor_control/motor_control.egg-info/PKG-INFO
[8.320s] writing dependency_links to ../../build/motor_control/motor_control.egg-info/dependency_links.txt
[8.322s] writing entry points to ../../build/motor_control/motor_control.egg-info/entry_points.txt
[8.322s] writing requirements to ../../build/motor_control/motor_control.egg-info/requires.txt
[8.323s] writing top-level names to ../../build/motor_control/motor_control.egg-info/top_level.txt
[8.428s] reading manifest file '../../build/motor_control/motor_control.egg-info/SOURCES.txt'
[8.428s] adding license file 'LICENSE'
[8.428s] writing manifest file '../../build/motor_control/motor_control.egg-info/SOURCES.txt'
[8.428s] running build
[8.428s] running build_py
[8.428s] copying motor_control/joint1_node.py -> /home/raspi-earth/project_ws/build/motor_control/build/lib/motor_control
[8.429s] running install
[8.456s] running install_lib
[8.533s] copying /home/raspi-earth/project_ws/build/motor_control/build/lib/motor_control/joint1_node.py -> /home/raspi-earth/project_ws/install/motor_control/lib/python3.11/site-packages/motor_control
[8.537s] byte-compiling /home/raspi-earth/project_ws/install/motor_control/lib/python3.11/site-packages/motor_control/joint1_node.py to joint1_node.cpython-311.pyc
[8.541s] running install_data
[8.542s] running install_egg_info
[8.690s] removing '/home/raspi-earth/project_ws/install/motor_control/lib/python3.11/site-packages/motor_control-0.0.0-py3.11.egg-info' (and everything under it)
[8.690s] Copying ../../build/motor_control/motor_control.egg-info to /home/raspi-earth/project_ws/install/motor_control/lib/python3.11/site-packages/motor_control-0.0.0-py3.11.egg-info
[8.691s] running install_scripts
[9.006s] Installing joint1_node script to /home/raspi-earth/project_ws/install/motor_control/lib/motor_control
[9.007s] Installing servodrive script to /home/raspi-earth/project_ws/install/motor_control/lib/motor_control
[9.008s] Installing stepmotor1 script to /home/raspi-earth/project_ws/install/motor_control/lib/motor_control
[9.009s] Installing stepmotor2 script to /home/raspi-earth/project_ws/install/motor_control/lib/motor_control
[9.010s] Installing stepmotor3 script to /home/raspi-earth/project_ws/install/motor_control/lib/motor_control
[9.012s] writing list of installed files to '/home/raspi-earth/project_ws/build/motor_control/install.log'
[9.200s] Invoked command in '/home/raspi-earth/project_ws/src/motor_control' returned '0': PYTHONPATH=/home/raspi-earth/project_ws/build/motor_control/prefix_override:/usr/lib/python3/dist-packages/colcon_core/task/python/colcon_distutils_commands:/home/raspi-earth/project_ws/install/motor_control/lib/python3.11/site-packages:${PYTHONPATH} /usr/bin/python3 -W ignore:setup.py install is deprecated -W ignore:easy_install command is deprecated setup.py egg_info --egg-base ../../build/motor_control build --build-base /home/raspi-earth/project_ws/build/motor_control/build install --record /home/raspi-earth/project_ws/build/motor_control/install.log --single-version-externally-managed install_data
