[7.110s] Invoking command in '/home/raspi-earth/project_ws/src/motor_control': PYTHONPATH=/home/raspi-earth/project_ws/build/motor_control/prefix_override:/usr/lib/python3/dist-packages/colcon_core/task/python/colcon_distutils_commands:/home/raspi-earth/project_ws/install/motor_control/lib/python3.11/site-packages:${PYTHONPATH} /usr/bin/python3 -W ignore:setup.py install is deprecated -W ignore:easy_install command is deprecated setup.py egg_info --egg-base ../../build/motor_control build --build-base /home/raspi-earth/project_ws/build/motor_control/build install --record /home/raspi-earth/project_ws/build/motor_control/install.log --single-version-externally-managed install_data
[8.623s] running egg_info
[8.689s] writing ../../build/motor_control/motor_control.egg-info/PKG-INFO
[8.690s] writing dependency_links to ../../build/motor_control/motor_control.egg-info/dependency_links.txt
[8.691s] writing entry points to ../../build/motor_control/motor_control.egg-info/entry_points.txt
[8.692s] writing requirements to ../../build/motor_control/motor_control.egg-info/requires.txt
[8.693s] writing top-level names to ../../build/motor_control/motor_control.egg-info/top_level.txt
[8.802s] reading manifest file '../../build/motor_control/motor_control.egg-info/SOURCES.txt'
[8.804s] adding license file 'LICENSE'
[8.806s] writing manifest file '../../build/motor_control/motor_control.egg-info/SOURCES.txt'
[8.807s] running build
[8.807s] running build_py
[8.812s] copying motor_control/joint1_node.py -> /home/raspi-earth/project_ws/build/motor_control/build/lib/motor_control
[8.813s] running install
[8.840s] running install_lib
[8.905s] copying /home/raspi-earth/project_ws/build/motor_control/build/lib/motor_control/joint1_node.py -> /home/raspi-earth/project_ws/install/motor_control/lib/python3.11/site-packages/motor_control
[8.910s] byte-compiling /home/raspi-earth/project_ws/install/motor_control/lib/python3.11/site-packages/motor_control/joint1_node.py to joint1_node.cpython-311.pyc
[8.913s] running install_data
[8.913s] running install_egg_info
[9.099s] removing '/home/raspi-earth/project_ws/install/motor_control/lib/python3.11/site-packages/motor_control-0.0.0-py3.11.egg-info' (and everything under it)
[9.099s] Copying ../../build/motor_control/motor_control.egg-info to /home/raspi-earth/project_ws/install/motor_control/lib/python3.11/site-packages/motor_control-0.0.0-py3.11.egg-info
[9.108s] running install_scripts
[9.383s] Installing servodrive script to /home/raspi-earth/project_ws/install/motor_control/lib/motor_control
[9.385s] Installing stepmotor1 script to /home/raspi-earth/project_ws/install/motor_control/lib/motor_control
[9.388s] Installing stepmotor2 script to /home/raspi-earth/project_ws/install/motor_control/lib/motor_control
[9.390s] Installing stepmotor3 script to /home/raspi-earth/project_ws/install/motor_control/lib/motor_control
[9.394s] writing list of installed files to '/home/raspi-earth/project_ws/build/motor_control/install.log'
[9.641s] Invoked command in '/home/raspi-earth/project_ws/src/motor_control' returned '0': PYTHONPATH=/home/raspi-earth/project_ws/build/motor_control/prefix_override:/usr/lib/python3/dist-packages/colcon_core/task/python/colcon_distutils_commands:/home/raspi-earth/project_ws/install/motor_control/lib/python3.11/site-packages:${PYTHONPATH} /usr/bin/python3 -W ignore:setup.py install is deprecated -W ignore:easy_install command is deprecated setup.py egg_info --egg-base ../../build/motor_control build --build-base /home/raspi-earth/project_ws/build/motor_control/build install --record /home/raspi-earth/project_ws/build/motor_control/install.log --single-version-externally-managed install_data
