[7.991s] Invoking command in '/home/raspi-earth/project_ws/src/processor_unit': PYTHONPATH=/home/raspi-earth/project_ws/build/processor_unit/prefix_override:/usr/lib/python3/dist-packages/colcon_core/task/python/colcon_distutils_commands:/home/raspi-earth/project_ws/install/processor_unit/lib/python3.11/site-packages:${PYTHONPATH} /usr/bin/python3 -W ignore:setup.py install is deprecated -W ignore:easy_install command is deprecated setup.py egg_info --egg-base ../../build/processor_unit build --build-base /home/raspi-earth/project_ws/build/processor_unit/build install --record /home/raspi-earth/project_ws/build/processor_unit/install.log --single-version-externally-managed install_data
[9.597s] running egg_info
[9.633s] writing ../../build/processor_unit/processor_unit.egg-info/PKG-INFO
[9.634s] writing dependency_links to ../../build/processor_unit/processor_unit.egg-info/dependency_links.txt
[9.637s] writing entry points to ../../build/processor_unit/processor_unit.egg-info/entry_points.txt
[9.638s] writing requirements to ../../build/processor_unit/processor_unit.egg-info/requires.txt
[9.643s] writing top-level names to ../../build/processor_unit/processor_unit.egg-info/top_level.txt
[9.805s] reading manifest file '../../build/processor_unit/processor_unit.egg-info/SOURCES.txt'
[9.806s] adding license file 'LICENSE'
[9.807s] writing manifest file '../../build/processor_unit/processor_unit.egg-info/SOURCES.txt'
[9.808s] running build
[9.808s] running build_py
[9.810s] running install
[9.827s] running install_lib
[9.928s] running install_data
[9.929s] running install_egg_info
[10.094s] removing '/home/raspi-earth/project_ws/install/processor_unit/lib/python3.11/site-packages/processor_unit-0.0.0-py3.11.egg-info' (and everything under it)
[10.096s] Copying ../../build/processor_unit/processor_unit.egg-info to /home/raspi-earth/project_ws/install/processor_unit/lib/python3.11/site-packages/processor_unit-0.0.0-py3.11.egg-info
[10.105s] running install_scripts
[10.504s] Installing main_processor script to /home/raspi-earth/project_ws/install/processor_unit/lib/processor_unit
[10.505s] writing list of installed files to '/home/raspi-earth/project_ws/build/processor_unit/install.log'
[10.677s] Invoked command in '/home/raspi-earth/project_ws/src/processor_unit' returned '0': PYTHONPATH=/home/raspi-earth/project_ws/build/processor_unit/prefix_override:/usr/lib/python3/dist-packages/colcon_core/task/python/colcon_distutils_commands:/home/raspi-earth/project_ws/install/processor_unit/lib/python3.11/site-packages:${PYTHONPATH} /usr/bin/python3 -W ignore:setup.py install is deprecated -W ignore:easy_install command is deprecated setup.py egg_info --egg-base ../../build/processor_unit build --build-base /home/raspi-earth/project_ws/build/processor_unit/build install --record /home/raspi-earth/project_ws/build/processor_unit/install.log --single-version-externally-managed install_data
