[6.392s] Invoking command in '/home/raspi-earth/project_ws/src/motor_control': PYTHONPATH=/home/raspi-earth/project_ws/build/motor_control/prefix_override:/usr/lib/python3/dist-packages/colcon_core/task/python/colcon_distutils_commands:/home/raspi-earth/project_ws/install/motor_control/lib/python3.11/site-packages:${PYTHONPATH} /usr/bin/python3 -W ignore:setup.py install is deprecated -W ignore:easy_install command is deprecated setup.py egg_info --egg-base ../../build/motor_control build --build-base /home/raspi-earth/project_ws/build/motor_control/build install --record /home/raspi-earth/project_ws/build/motor_control/install.log --single-version-externally-managed install_data
[7.873s] running egg_info
[7.948s] writing ../../build/motor_control/motor_control.egg-info/PKG-INFO
[7.948s] writing dependency_links to ../../build/motor_control/motor_control.egg-info/dependency_links.txt
[7.952s] writing entry points to ../../build/motor_control/motor_control.egg-info/entry_points.txt
[7.952s] writing requirements to ../../build/motor_control/motor_control.egg-info/requires.txt
[7.952s] writing top-level names to ../../build/motor_control/motor_control.egg-info/top_level.txt
[8.038s] reading manifest file '../../build/motor_control/motor_control.egg-info/SOURCES.txt'
[8.039s] adding license file 'LICENSE'
[8.040s] writing manifest file '../../build/motor_control/motor_control.egg-info/SOURCES.txt'
[8.044s] running build
[8.044s] running build_py
[8.044s] copying motor_control/stepper_joint1.py -> /home/raspi-earth/project_ws/build/motor_control/build/lib/motor_control
[8.044s] running install
[8.066s] running install_lib
[8.151s] copying /home/raspi-earth/project_ws/build/motor_control/build/lib/motor_control/stepper_joint1.py -> /home/raspi-earth/project_ws/install/motor_control/lib/python3.11/site-packages/motor_control
[8.155s] byte-compiling /home/raspi-earth/project_ws/install/motor_control/lib/python3.11/site-packages/motor_control/stepper_joint1.py to stepper_joint1.cpython-311.pyc
[8.157s] running install_data
[8.157s] running install_egg_info
[8.316s] removing '/home/raspi-earth/project_ws/install/motor_control/lib/python3.11/site-packages/motor_control-0.0.0-py3.11.egg-info' (and everything under it)
[8.317s] Copying ../../build/motor_control/motor_control.egg-info to /home/raspi-earth/project_ws/install/motor_control/lib/python3.11/site-packages/motor_control-0.0.0-py3.11.egg-info
[8.320s] running install_scripts
[8.561s] Installing joint1_node script to /home/raspi-earth/project_ws/install/motor_control/lib/motor_control
[8.561s] Installing joint2_node script to /home/raspi-earth/project_ws/install/motor_control/lib/motor_control
[8.562s] Installing joint3_node script to /home/raspi-earth/project_ws/install/motor_control/lib/motor_control
[8.562s] Installing servodrive script to /home/raspi-earth/project_ws/install/motor_control/lib/motor_control
[8.562s] Installing stepmotor1 script to /home/raspi-earth/project_ws/install/motor_control/lib/motor_control
[8.562s] Installing stepmotor2 script to /home/raspi-earth/project_ws/install/motor_control/lib/motor_control
[8.562s] Installing stepmotor3 script to /home/raspi-earth/project_ws/install/motor_control/lib/motor_control
[8.568s] writing list of installed files to '/home/raspi-earth/project_ws/build/motor_control/install.log'
[8.793s] Invoked command in '/home/raspi-earth/project_ws/src/motor_control' returned '0': PYTHONPATH=/home/raspi-earth/project_ws/build/motor_control/prefix_override:/usr/lib/python3/dist-packages/colcon_core/task/python/colcon_distutils_commands:/home/raspi-earth/project_ws/install/motor_control/lib/python3.11/site-packages:${PYTHONPATH} /usr/bin/python3 -W ignore:setup.py install is deprecated -W ignore:easy_install command is deprecated setup.py egg_info --egg-base ../../build/motor_control build --build-base /home/raspi-earth/project_ws/build/motor_control/build install --record /home/raspi-earth/project_ws/build/motor_control/install.log --single-version-externally-managed install_data
