[4.642s] Invoking command in '/home/raspi-earth/project_ws/src/motor_control': PYTHONPATH=/home/raspi-earth/project_ws/build/motor_control/prefix_override:/usr/lib/python3/dist-packages/colcon_core/task/python/colcon_distutils_commands:/home/raspi-earth/project_ws/install/motor_control/lib/python3.11/site-packages:${PYTHONPATH} /usr/bin/python3 -W ignore:setup.py install is deprecated -W ignore:easy_install command is deprecated setup.py egg_info --egg-base ../../build/motor_control build --build-base /home/raspi-earth/project_ws/build/motor_control/build install --record /home/raspi-earth/project_ws/build/motor_control/install.log --single-version-externally-managed install_data
[5.629s] running egg_info
[5.667s] writing ../../build/motor_control/motor_control.egg-info/PKG-INFO
[5.669s] writing dependency_links to ../../build/motor_control/motor_control.egg-info/dependency_links.txt
[5.669s] writing entry points to ../../build/motor_control/motor_control.egg-info/entry_points.txt
[5.672s] writing requirements to ../../build/motor_control/motor_control.egg-info/requires.txt
[5.672s] writing top-level names to ../../build/motor_control/motor_control.egg-info/top_level.txt
[5.759s] reading manifest file '../../build/motor_control/motor_control.egg-info/SOURCES.txt'
[5.760s] adding license file 'LICENSE'
[5.762s] writing manifest file '../../build/motor_control/motor_control.egg-info/SOURCES.txt'
[5.762s] running build
[5.762s] running build_py
[5.763s] running install
[5.774s] running install_lib
[5.818s] running install_data
[5.819s] running install_egg_info
[5.946s] removing '/home/raspi-earth/project_ws/install/motor_control/lib/python3.11/site-packages/motor_control-0.0.0-py3.11.egg-info' (and everything under it)
[5.950s] Copying ../../build/motor_control/motor_control.egg-info to /home/raspi-earth/project_ws/install/motor_control/lib/python3.11/site-packages/motor_control-0.0.0-py3.11.egg-info
[5.950s] running install_scripts
[6.110s] Installing servodrive script to /home/raspi-earth/project_ws/install/motor_control/lib/motor_control
[6.112s] Installing stepmotor1 script to /home/raspi-earth/project_ws/install/motor_control/lib/motor_control
[6.116s] Installing stepmotor2 script to /home/raspi-earth/project_ws/install/motor_control/lib/motor_control
[6.116s] Installing stepmotor3 script to /home/raspi-earth/project_ws/install/motor_control/lib/motor_control
[6.116s] writing list of installed files to '/home/raspi-earth/project_ws/build/motor_control/install.log'
[6.322s] Invoked command in '/home/raspi-earth/project_ws/src/motor_control' returned '0': PYTHONPATH=/home/raspi-earth/project_ws/build/motor_control/prefix_override:/usr/lib/python3/dist-packages/colcon_core/task/python/colcon_distutils_commands:/home/raspi-earth/project_ws/install/motor_control/lib/python3.11/site-packages:${PYTHONPATH} /usr/bin/python3 -W ignore:setup.py install is deprecated -W ignore:easy_install command is deprecated setup.py egg_info --egg-base ../../build/motor_control build --build-base /home/raspi-earth/project_ws/build/motor_control/build install --record /home/raspi-earth/project_ws/build/motor_control/install.log --single-version-externally-managed install_data
