[4.676s] Invoking command in '/home/raspi-earth/project_ws/src/encoder_unit': PYTHONPATH=/home/raspi-earth/project_ws/build/encoder_unit/prefix_override:/usr/lib/python3/dist-packages/colcon_core/task/python/colcon_distutils_commands:/home/raspi-earth/project_ws/install/encoder_unit/lib/python3.11/site-packages:${PYTHONPATH} /usr/bin/python3 -W ignore:setup.py install is deprecated -W ignore:easy_install command is deprecated setup.py egg_info --egg-base ../../build/encoder_unit build --build-base /home/raspi-earth/project_ws/build/encoder_unit/build install --record /home/raspi-earth/project_ws/build/encoder_unit/install.log --single-version-externally-managed install_data
[5.668s] running egg_info
[5.706s] writing ../../build/encoder_unit/encoder_unit.egg-info/PKG-INFO
[5.706s] writing dependency_links to ../../build/encoder_unit/encoder_unit.egg-info/dependency_links.txt
[5.707s] writing entry points to ../../build/encoder_unit/encoder_unit.egg-info/entry_points.txt
[5.708s] writing requirements to ../../build/encoder_unit/encoder_unit.egg-info/requires.txt
[5.709s] writing top-level names to ../../build/encoder_unit/encoder_unit.egg-info/top_level.txt
[5.794s] reading manifest file '../../build/encoder_unit/encoder_unit.egg-info/SOURCES.txt'
[5.795s] adding license file 'LICENSE'
[5.795s] writing manifest file '../../build/encoder_unit/encoder_unit.egg-info/SOURCES.txt'
[5.795s] running build
[5.795s] running build_py
[5.795s] copying encoder_unit/as5600_5.py -> /home/raspi-earth/project_ws/build/encoder_unit/build/lib/encoder_unit
[5.795s] copying encoder_unit/as5600_2.py -> /home/raspi-earth/project_ws/build/encoder_unit/build/lib/encoder_unit
[5.795s] copying encoder_unit/as5600_4.py -> /home/raspi-earth/project_ws/build/encoder_unit/build/lib/encoder_unit
[5.795s] copying encoder_unit/as5600_3.py -> /home/raspi-earth/project_ws/build/encoder_unit/build/lib/encoder_unit
[5.795s] running install
[5.804s] running install_lib
[5.842s] copying /home/raspi-earth/project_ws/build/encoder_unit/build/lib/encoder_unit/as5600_5.py -> /home/raspi-earth/project_ws/install/encoder_unit/lib/python3.11/site-packages/encoder_unit
[5.843s] copying /home/raspi-earth/project_ws/build/encoder_unit/build/lib/encoder_unit/as5600_2.py -> /home/raspi-earth/project_ws/install/encoder_unit/lib/python3.11/site-packages/encoder_unit
[5.843s] copying /home/raspi-earth/project_ws/build/encoder_unit/build/lib/encoder_unit/as5600_4.py -> /home/raspi-earth/project_ws/install/encoder_unit/lib/python3.11/site-packages/encoder_unit
[5.843s] copying /home/raspi-earth/project_ws/build/encoder_unit/build/lib/encoder_unit/as5600_3.py -> /home/raspi-earth/project_ws/install/encoder_unit/lib/python3.11/site-packages/encoder_unit
[5.846s] byte-compiling /home/raspi-earth/project_ws/install/encoder_unit/lib/python3.11/site-packages/encoder_unit/as5600_5.py to as5600_5.cpython-311.pyc
[5.847s] byte-compiling /home/raspi-earth/project_ws/install/encoder_unit/lib/python3.11/site-packages/encoder_unit/as5600_2.py to as5600_2.cpython-311.pyc
[5.849s] byte-compiling /home/raspi-earth/project_ws/install/encoder_unit/lib/python3.11/site-packages/encoder_unit/as5600_4.py to as5600_4.cpython-311.pyc
[5.850s] byte-compiling /home/raspi-earth/project_ws/install/encoder_unit/lib/python3.11/site-packages/encoder_unit/as5600_3.py to as5600_3.cpython-311.pyc
[5.853s] running install_data
[5.854s] running install_egg_info
[5.973s] removing '/home/raspi-earth/project_ws/install/encoder_unit/lib/python3.11/site-packages/encoder_unit-0.0.0-py3.11.egg-info' (and everything under it)
[5.979s] Copying ../../build/encoder_unit/encoder_unit.egg-info to /home/raspi-earth/project_ws/install/encoder_unit/lib/python3.11/site-packages/encoder_unit-0.0.0-py3.11.egg-info
[5.980s] running install_scripts
[6.151s] Installing as5600_1 script to /home/raspi-earth/project_ws/install/encoder_unit/lib/encoder_unit
[6.151s] Installing as5600_2 script to /home/raspi-earth/project_ws/install/encoder_unit/lib/encoder_unit
[6.151s] Installing as5600_3 script to /home/raspi-earth/project_ws/install/encoder_unit/lib/encoder_unit
[6.153s] Installing as5600_4 script to /home/raspi-earth/project_ws/install/encoder_unit/lib/encoder_unit
[6.153s] Installing as5600_5 script to /home/raspi-earth/project_ws/install/encoder_unit/lib/encoder_unit
[6.153s] Installing limit_1 script to /home/raspi-earth/project_ws/install/encoder_unit/lib/encoder_unit
[6.153s] Installing limit_2 script to /home/raspi-earth/project_ws/install/encoder_unit/lib/encoder_unit
[6.153s] Installing limit_3 script to /home/raspi-earth/project_ws/install/encoder_unit/lib/encoder_unit
[6.153s] Installing limit_4 script to /home/raspi-earth/project_ws/install/encoder_unit/lib/encoder_unit
[6.153s] Installing limit_5 script to /home/raspi-earth/project_ws/install/encoder_unit/lib/encoder_unit
[6.153s] writing list of installed files to '/home/raspi-earth/project_ws/build/encoder_unit/install.log'
[6.369s] Invoked command in '/home/raspi-earth/project_ws/src/encoder_unit' returned '0': PYTHONPATH=/home/raspi-earth/project_ws/build/encoder_unit/prefix_override:/usr/lib/python3/dist-packages/colcon_core/task/python/colcon_distutils_commands:/home/raspi-earth/project_ws/install/encoder_unit/lib/python3.11/site-packages:${PYTHONPATH} /usr/bin/python3 -W ignore:setup.py install is deprecated -W ignore:easy_install command is deprecated setup.py egg_info --egg-base ../../build/encoder_unit build --build-base /home/raspi-earth/project_ws/build/encoder_unit/build install --record /home/raspi-earth/project_ws/build/encoder_unit/install.log --single-version-externally-managed install_data
