[11.786s] Invoking command in '/home/raspi-earth/project_ws/src/encoder_unit': PYTHONPATH=/home/raspi-earth/project_ws/build/encoder_unit/prefix_override:/usr/lib/python3/dist-packages/colcon_core/task/python/colcon_distutils_commands:/home/raspi-earth/project_ws/install/encoder_unit/lib/python3.11/site-packages:${PYTHONPATH} /usr/bin/python3 -W ignore:setup.py install is deprecated -W ignore:easy_install command is deprecated setup.py egg_info --egg-base ../../build/encoder_unit build --build-base /home/raspi-earth/project_ws/build/encoder_unit/build install --record /home/raspi-earth/project_ws/build/encoder_unit/install.log --single-version-externally-managed install_data
[14.233s] running egg_info
[14.358s] writing ../../build/encoder_unit/encoder_unit.egg-info/PKG-INFO
[14.361s] writing dependency_links to ../../build/encoder_unit/encoder_unit.egg-info/dependency_links.txt
[14.363s] writing entry points to ../../build/encoder_unit/encoder_unit.egg-info/entry_points.txt
[14.364s] writing requirements to ../../build/encoder_unit/encoder_unit.egg-info/requires.txt
[14.367s] writing top-level names to ../../build/encoder_unit/encoder_unit.egg-info/top_level.txt
[14.574s] reading manifest file '../../build/encoder_unit/encoder_unit.egg-info/SOURCES.txt'
[14.575s] adding license file 'LICENSE'
[14.577s] writing manifest file '../../build/encoder_unit/encoder_unit.egg-info/SOURCES.txt'
[14.579s] running build
[14.580s] running build_py
[14.580s] running install
[14.607s] running install_lib
[14.670s] running install_data
[14.670s] running install_egg_info
[14.832s] removing '/home/raspi-earth/project_ws/install/encoder_unit/lib/python3.11/site-packages/encoder_unit-0.0.0-py3.11.egg-info' (and everything under it)
[14.835s] Copying ../../build/encoder_unit/encoder_unit.egg-info to /home/raspi-earth/project_ws/install/encoder_unit/lib/python3.11/site-packages/encoder_unit-0.0.0-py3.11.egg-info
[14.842s] running install_scripts
[15.120s] Installing as5600_1 script to /home/raspi-earth/project_ws/install/encoder_unit/lib/encoder_unit
[15.120s] Installing as5600_2 script to /home/raspi-earth/project_ws/install/encoder_unit/lib/encoder_unit
[15.122s] Installing as5600_3 script to /home/raspi-earth/project_ws/install/encoder_unit/lib/encoder_unit
[15.123s] Installing as5600_4 script to /home/raspi-earth/project_ws/install/encoder_unit/lib/encoder_unit
[15.124s] Installing as5600_5 script to /home/raspi-earth/project_ws/install/encoder_unit/lib/encoder_unit
[15.124s] Installing limit script to /home/raspi-earth/project_ws/install/encoder_unit/lib/encoder_unit
[15.127s] writing list of installed files to '/home/raspi-earth/project_ws/build/encoder_unit/install.log'
[15.297s] Invoked command in '/home/raspi-earth/project_ws/src/encoder_unit' returned '0': PYTHONPATH=/home/raspi-earth/project_ws/build/encoder_unit/prefix_override:/usr/lib/python3/dist-packages/colcon_core/task/python/colcon_distutils_commands:/home/raspi-earth/project_ws/install/encoder_unit/lib/python3.11/site-packages:${PYTHONPATH} /usr/bin/python3 -W ignore:setup.py install is deprecated -W ignore:easy_install command is deprecated setup.py egg_info --egg-base ../../build/encoder_unit build --build-base /home/raspi-earth/project_ws/build/encoder_unit/build install --record /home/raspi-earth/project_ws/build/encoder_unit/install.log --single-version-externally-managed install_data
