[6.666s] Invoking command in '/home/raspi-earth/project_ws/build/processor_unit': PYTHONPATH=/home/raspi-earth/project_ws/build/processor_unit/prefix_override:/usr/lib/python3/dist-packages/colcon_core/task/python/colcon_distutils_commands:/home/raspi-earth/project_ws/install/processor_unit/lib/python3.11/site-packages:${PYTHONPATH} /usr/bin/python3 -W ignore:setup.py install is deprecated -W ignore:easy_install command is deprecated setup.py develop --uninstall --editable --build-directory /home/raspi-earth/project_ws/build/processor_unit/build
[8.076s] running develop
[8.666s] Removing /home/raspi-earth/project_ws/install/processor_unit/lib/python3.11/site-packages/processor-unit.egg-link (link to .)
[8.916s] Invoked command in '/home/raspi-earth/project_ws/build/processor_unit' returned '0': PYTHONPATH=/home/raspi-earth/project_ws/build/processor_unit/prefix_override:/usr/lib/python3/dist-packages/colcon_core/task/python/colcon_distutils_commands:/home/raspi-earth/project_ws/install/processor_unit/lib/python3.11/site-packages:${PYTHONPATH} /usr/bin/python3 -W ignore:setup.py install is deprecated -W ignore:easy_install command is deprecated setup.py develop --uninstall --editable --build-directory /home/raspi-earth/project_ws/build/processor_unit/build
[8.918s] Invoking command in '/home/raspi-earth/project_ws/src/processor_unit': PYTHONPATH=/home/raspi-earth/project_ws/build/processor_unit/prefix_override:/usr/lib/python3/dist-packages/colcon_core/task/python/colcon_distutils_commands:/home/raspi-earth/project_ws/install/processor_unit/lib/python3.11/site-packages:${PYTHONPATH} /usr/bin/python3 -W ignore:setup.py install is deprecated -W ignore:easy_install command is deprecated setup.py egg_info --egg-base ../../build/processor_unit build --build-base /home/raspi-earth/project_ws/build/processor_unit/build install --record /home/raspi-earth/project_ws/build/processor_unit/install.log --single-version-externally-managed install_data --force
[10.415s] running egg_info
[10.456s] writing ../../build/processor_unit/processor_unit.egg-info/PKG-INFO
[10.456s] writing dependency_links to ../../build/processor_unit/processor_unit.egg-info/dependency_links.txt
[10.460s] writing entry points to ../../build/processor_unit/processor_unit.egg-info/entry_points.txt
[10.460s] writing requirements to ../../build/processor_unit/processor_unit.egg-info/requires.txt
[10.460s] writing top-level names to ../../build/processor_unit/processor_unit.egg-info/top_level.txt
[10.580s] reading manifest file '../../build/processor_unit/processor_unit.egg-info/SOURCES.txt'
[10.581s] adding license file 'LICENSE'
[10.583s] writing manifest file '../../build/processor_unit/processor_unit.egg-info/SOURCES.txt'
[10.583s] running build
[10.583s] running build_py
[10.585s] running install
[10.612s] running install_lib
[10.664s] creating /home/raspi-earth/project_ws/install/processor_unit/lib/python3.11/site-packages/processor_unit
[10.665s] copying /home/raspi-earth/project_ws/build/processor_unit/build/lib/processor_unit/camera_front.py -> /home/raspi-earth/project_ws/install/processor_unit/lib/python3.11/site-packages/processor_unit
[10.665s] copying /home/raspi-earth/project_ws/build/processor_unit/build/lib/processor_unit/main_processor.py -> /home/raspi-earth/project_ws/install/processor_unit/lib/python3.11/site-packages/processor_unit
[10.666s] copying /home/raspi-earth/project_ws/build/processor_unit/build/lib/processor_unit/__init__.py -> /home/raspi-earth/project_ws/install/processor_unit/lib/python3.11/site-packages/processor_unit
[10.666s] copying /home/raspi-earth/project_ws/build/processor_unit/build/lib/processor_unit/camera_back.py -> /home/raspi-earth/project_ws/install/processor_unit/lib/python3.11/site-packages/processor_unit
[10.670s] byte-compiling /home/raspi-earth/project_ws/install/processor_unit/lib/python3.11/site-packages/processor_unit/camera_front.py to camera_front.cpython-311.pyc
[10.671s] byte-compiling /home/raspi-earth/project_ws/install/processor_unit/lib/python3.11/site-packages/processor_unit/main_processor.py to main_processor.cpython-311.pyc
[10.672s] byte-compiling /home/raspi-earth/project_ws/install/processor_unit/lib/python3.11/site-packages/processor_unit/__init__.py to __init__.cpython-311.pyc
[10.672s] byte-compiling /home/raspi-earth/project_ws/install/processor_unit/lib/python3.11/site-packages/processor_unit/camera_back.py to camera_back.cpython-311.pyc
[10.673s] running install_data
[10.673s] copying resource/processor_unit -> /home/raspi-earth/project_ws/install/processor_unit/share/ament_index/resource_index/packages
[10.673s] copying package.xml -> /home/raspi-earth/project_ws/install/processor_unit/share/processor_unit
[10.673s] running install_egg_info
[10.826s] Copying ../../build/processor_unit/processor_unit.egg-info to /home/raspi-earth/project_ws/install/processor_unit/lib/python3.11/site-packages/processor_unit-0.0.0-py3.11.egg-info
[10.827s] running install_scripts
[11.074s] Installing main_processor script to /home/raspi-earth/project_ws/install/processor_unit/lib/processor_unit
[11.075s] writing list of installed files to '/home/raspi-earth/project_ws/build/processor_unit/install.log'
[11.304s] Invoked command in '/home/raspi-earth/project_ws/src/processor_unit' returned '0': PYTHONPATH=/home/raspi-earth/project_ws/build/processor_unit/prefix_override:/usr/lib/python3/dist-packages/colcon_core/task/python/colcon_distutils_commands:/home/raspi-earth/project_ws/install/processor_unit/lib/python3.11/site-packages:${PYTHONPATH} /usr/bin/python3 -W ignore:setup.py install is deprecated -W ignore:easy_install command is deprecated setup.py egg_info --egg-base ../../build/processor_unit build --build-base /home/raspi-earth/project_ws/build/processor_unit/build install --record /home/raspi-earth/project_ws/build/processor_unit/install.log --single-version-externally-managed install_data --force
