[10.742s] Invoking command in '/home/raspi-earth/project_ws/src/motor_control': PYTHONPATH=/home/raspi-earth/project_ws/build/motor_control/prefix_override:/usr/lib/python3/dist-packages/colcon_core/task/python/colcon_distutils_commands:/home/raspi-earth/project_ws/install/motor_control/lib/python3.11/site-packages:${PYTHONPATH} /usr/bin/python3 -W ignore:setup.py install is deprecated -W ignore:easy_install command is deprecated setup.py egg_info --egg-base ../../build/motor_control build --build-base /home/raspi-earth/project_ws/build/motor_control/build install --record /home/raspi-earth/project_ws/build/motor_control/install.log --single-version-externally-managed install_data
[13.020s] running egg_info
[13.125s] writing ../../build/motor_control/motor_control.egg-info/PKG-INFO
[13.129s] writing dependency_links to ../../build/motor_control/motor_control.egg-info/dependency_links.txt
[13.130s] writing entry points to ../../build/motor_control/motor_control.egg-info/entry_points.txt
[13.132s] writing requirements to ../../build/motor_control/motor_control.egg-info/requires.txt
[13.132s] writing top-level names to ../../build/motor_control/motor_control.egg-info/top_level.txt
[13.371s] reading manifest file '../../build/motor_control/motor_control.egg-info/SOURCES.txt'
[13.373s] adding license file 'LICENSE'
[13.378s] writing manifest file '../../build/motor_control/motor_control.egg-info/SOURCES.txt'
[13.379s] running build
[13.380s] running build_py
[13.383s] copying motor_control/joint3_node.py -> /home/raspi-earth/project_ws/build/motor_control/build/lib/motor_control
[13.388s] running install
[13.413s] running install_lib
[13.516s] copying /home/raspi-earth/project_ws/build/motor_control/build/lib/motor_control/joint3_node.py -> /home/raspi-earth/project_ws/install/motor_control/lib/python3.11/site-packages/motor_control
[13.527s] byte-compiling /home/raspi-earth/project_ws/install/motor_control/lib/python3.11/site-packages/motor_control/joint3_node.py to joint3_node.cpython-311.pyc
[13.538s] running install_data
[13.539s] running install_egg_info
[13.741s] removing '/home/raspi-earth/project_ws/install/motor_control/lib/python3.11/site-packages/motor_control-0.0.0-py3.11.egg-info' (and everything under it)
[13.745s] Copying ../../build/motor_control/motor_control.egg-info to /home/raspi-earth/project_ws/install/motor_control/lib/python3.11/site-packages/motor_control-0.0.0-py3.11.egg-info
[13.750s] running install_scripts
[14.031s] Installing joint1_node script to /home/raspi-earth/project_ws/install/motor_control/lib/motor_control
[14.031s] Installing joint2_node script to /home/raspi-earth/project_ws/install/motor_control/lib/motor_control
[14.032s] Installing joint3_node script to /home/raspi-earth/project_ws/install/motor_control/lib/motor_control
[14.032s] Installing servodrive script to /home/raspi-earth/project_ws/install/motor_control/lib/motor_control
[14.032s] Installing stepmotor1 script to /home/raspi-earth/project_ws/install/motor_control/lib/motor_control
[14.033s] Installing stepmotor2 script to /home/raspi-earth/project_ws/install/motor_control/lib/motor_control
[14.033s] Installing stepmotor3 script to /home/raspi-earth/project_ws/install/motor_control/lib/motor_control
[14.038s] writing list of installed files to '/home/raspi-earth/project_ws/build/motor_control/install.log'
[14.228s] Invoked command in '/home/raspi-earth/project_ws/src/motor_control' returned '0': PYTHONPATH=/home/raspi-earth/project_ws/build/motor_control/prefix_override:/usr/lib/python3/dist-packages/colcon_core/task/python/colcon_distutils_commands:/home/raspi-earth/project_ws/install/motor_control/lib/python3.11/site-packages:${PYTHONPATH} /usr/bin/python3 -W ignore:setup.py install is deprecated -W ignore:easy_install command is deprecated setup.py egg_info --egg-base ../../build/motor_control build --build-base /home/raspi-earth/project_ws/build/motor_control/build install --record /home/raspi-earth/project_ws/build/motor_control/install.log --single-version-externally-managed install_data
