[6.750s] Invoking command in '/home/raspi-earth/project_ws/src/motor_control': PYTHONPATH=/home/raspi-earth/project_ws/build/motor_control/prefix_override:/usr/lib/python3/dist-packages/colcon_core/task/python/colcon_distutils_commands:/home/raspi-earth/project_ws/install/motor_control/lib/python3.11/site-packages:${PYTHONPATH} /usr/bin/python3 -W ignore:setup.py install is deprecated -W ignore:easy_install command is deprecated setup.py egg_info --egg-base ../../build/motor_control build --build-base /home/raspi-earth/project_ws/build/motor_control/build install --record /home/raspi-earth/project_ws/build/motor_control/install.log --single-version-externally-managed install_data
[8.186s] running egg_info
[8.231s] writing ../../build/motor_control/motor_control.egg-info/PKG-INFO
[8.231s] writing dependency_links to ../../build/motor_control/motor_control.egg-info/dependency_links.txt
[8.233s] writing entry points to ../../build/motor_control/motor_control.egg-info/entry_points.txt
[8.233s] writing requirements to ../../build/motor_control/motor_control.egg-info/requires.txt
[8.234s] writing top-level names to ../../build/motor_control/motor_control.egg-info/top_level.txt
[8.378s] reading manifest file '../../build/motor_control/motor_control.egg-info/SOURCES.txt'
[8.380s] adding license file 'LICENSE'
[8.381s] writing manifest file '../../build/motor_control/motor_control.egg-info/SOURCES.txt'
[8.381s] running build
[8.381s] running build_py
[8.382s] copying motor_control/joint1_node.py -> /home/raspi-earth/project_ws/build/motor_control/build/lib/motor_control
[8.382s] running install
[8.396s] running install_lib
[8.461s] copying /home/raspi-earth/project_ws/build/motor_control/build/lib/motor_control/joint1_node.py -> /home/raspi-earth/project_ws/install/motor_control/lib/python3.11/site-packages/motor_control
[8.470s] byte-compiling /home/raspi-earth/project_ws/install/motor_control/lib/python3.11/site-packages/motor_control/joint1_node.py to joint1_node.cpython-311.pyc
[8.475s] running install_data
[8.476s] running install_egg_info
[8.657s] removing '/home/raspi-earth/project_ws/install/motor_control/lib/python3.11/site-packages/motor_control-0.0.0-py3.11.egg-info' (and everything under it)
[8.659s] Copying ../../build/motor_control/motor_control.egg-info to /home/raspi-earth/project_ws/install/motor_control/lib/python3.11/site-packages/motor_control-0.0.0-py3.11.egg-info
[8.664s] running install_scripts
[8.974s] Installing joint1_node script to /home/raspi-earth/project_ws/install/motor_control/lib/motor_control
[8.975s] Installing servodrive script to /home/raspi-earth/project_ws/install/motor_control/lib/motor_control
[8.976s] Installing stepmotor1 script to /home/raspi-earth/project_ws/install/motor_control/lib/motor_control
[8.977s] Installing stepmotor2 script to /home/raspi-earth/project_ws/install/motor_control/lib/motor_control
[8.977s] Installing stepmotor3 script to /home/raspi-earth/project_ws/install/motor_control/lib/motor_control
[8.978s] writing list of installed files to '/home/raspi-earth/project_ws/build/motor_control/install.log'
[9.151s] Invoked command in '/home/raspi-earth/project_ws/src/motor_control' returned '0': PYTHONPATH=/home/raspi-earth/project_ws/build/motor_control/prefix_override:/usr/lib/python3/dist-packages/colcon_core/task/python/colcon_distutils_commands:/home/raspi-earth/project_ws/install/motor_control/lib/python3.11/site-packages:${PYTHONPATH} /usr/bin/python3 -W ignore:setup.py install is deprecated -W ignore:easy_install command is deprecated setup.py egg_info --egg-base ../../build/motor_control build --build-base /home/raspi-earth/project_ws/build/motor_control/build install --record /home/raspi-earth/project_ws/build/motor_control/install.log --single-version-externally-managed install_data
