[7.070s] Invoking command in '/home/raspi-earth/project_ws/src/motor_control': PYTHONPATH=/home/raspi-earth/project_ws/build/motor_control/prefix_override:/usr/lib/python3/dist-packages/colcon_core/task/python/colcon_distutils_commands:/home/raspi-earth/project_ws/install/motor_control/lib/python3.11/site-packages:${PYTHONPATH} /usr/bin/python3 -W ignore:setup.py install is deprecated -W ignore:easy_install command is deprecated setup.py egg_info --egg-base ../../build/motor_control build --build-base /home/raspi-earth/project_ws/build/motor_control/build install --record /home/raspi-earth/project_ws/build/motor_control/install.log --single-version-externally-managed install_data
[8.618s] running egg_info
[8.659s] writing ../../build/motor_control/motor_control.egg-info/PKG-INFO
[8.660s] writing dependency_links to ../../build/motor_control/motor_control.egg-info/dependency_links.txt
[8.662s] writing entry points to ../../build/motor_control/motor_control.egg-info/entry_points.txt
[8.663s] writing requirements to ../../build/motor_control/motor_control.egg-info/requires.txt
[8.666s] writing top-level names to ../../build/motor_control/motor_control.egg-info/top_level.txt
[8.806s] reading manifest file '../../build/motor_control/motor_control.egg-info/SOURCES.txt'
[8.808s] adding license file 'LICENSE'
[8.809s] writing manifest file '../../build/motor_control/motor_control.egg-info/SOURCES.txt'
[8.810s] running build
[8.810s] running build_py
[8.811s] copying motor_control/joint1_node.py -> /home/raspi-earth/project_ws/build/motor_control/build/lib/motor_control
[8.812s] running install
[8.825s] running install_lib
[8.888s] copying /home/raspi-earth/project_ws/build/motor_control/build/lib/motor_control/joint1_node.py -> /home/raspi-earth/project_ws/install/motor_control/lib/python3.11/site-packages/motor_control
[8.895s] byte-compiling /home/raspi-earth/project_ws/install/motor_control/lib/python3.11/site-packages/motor_control/joint1_node.py to joint1_node.cpython-311.pyc
[8.896s]   File "/home/raspi-earth/project_ws/install/motor_control/lib/python3.11/site-packages/motor_control/joint1_node.py", line 38
[8.897s]     ANGLE_TOLERANCE = 0.5  # ถ้ามุมใกล้เคียงเป้าหมายขนาดนี้ ให้ถือว่าโอเค
[8.898s]                           ^
[8.899s] SyntaxError: invalid non-printable character U+00A0
[8.900s] 
[8.901s] running install_data
[8.901s] running install_egg_info
[9.065s] removing '/home/raspi-earth/project_ws/install/motor_control/lib/python3.11/site-packages/motor_control-0.0.0-py3.11.egg-info' (and everything under it)
[9.078s] Copying ../../build/motor_control/motor_control.egg-info to /home/raspi-earth/project_ws/install/motor_control/lib/python3.11/site-packages/motor_control-0.0.0-py3.11.egg-info
[9.079s] running install_scripts
[9.329s] Installing joint1_node script to /home/raspi-earth/project_ws/install/motor_control/lib/motor_control
[9.330s] Installing joint2_node script to /home/raspi-earth/project_ws/install/motor_control/lib/motor_control
[9.331s] Installing joint3_node script to /home/raspi-earth/project_ws/install/motor_control/lib/motor_control
[9.333s] Installing servodrive script to /home/raspi-earth/project_ws/install/motor_control/lib/motor_control
[9.334s] Installing stepmotor1 script to /home/raspi-earth/project_ws/install/motor_control/lib/motor_control
[9.336s] Installing stepmotor2 script to /home/raspi-earth/project_ws/install/motor_control/lib/motor_control
[9.337s] Installing stepmotor3 script to /home/raspi-earth/project_ws/install/motor_control/lib/motor_control
[9.342s] writing list of installed files to '/home/raspi-earth/project_ws/build/motor_control/install.log'
[9.612s] Invoked command in '/home/raspi-earth/project_ws/src/motor_control' returned '0': PYTHONPATH=/home/raspi-earth/project_ws/build/motor_control/prefix_override:/usr/lib/python3/dist-packages/colcon_core/task/python/colcon_distutils_commands:/home/raspi-earth/project_ws/install/motor_control/lib/python3.11/site-packages:${PYTHONPATH} /usr/bin/python3 -W ignore:setup.py install is deprecated -W ignore:easy_install command is deprecated setup.py egg_info --egg-base ../../build/motor_control build --build-base /home/raspi-earth/project_ws/build/motor_control/build install --record /home/raspi-earth/project_ws/build/motor_control/install.log --single-version-externally-managed install_data
