[7.106s] Invoking command in '/home/raspi-earth/project_ws/src/motor_control': PYTHONPATH=/home/raspi-earth/project_ws/build/motor_control/prefix_override:/usr/lib/python3/dist-packages/colcon_core/task/python/colcon_distutils_commands:/home/raspi-earth/project_ws/install/motor_control/lib/python3.11/site-packages:${PYTHONPATH} /usr/bin/python3 -W ignore:setup.py install is deprecated -W ignore:easy_install command is deprecated setup.py egg_info --egg-base ../../build/motor_control build --build-base /home/raspi-earth/project_ws/build/motor_control/build install --record /home/raspi-earth/project_ws/build/motor_control/install.log --single-version-externally-managed install_data
[8.573s] running egg_info
[8.636s] writing ../../build/motor_control/motor_control.egg-info/PKG-INFO
[8.638s] writing dependency_links to ../../build/motor_control/motor_control.egg-info/dependency_links.txt
[8.638s] writing entry points to ../../build/motor_control/motor_control.egg-info/entry_points.txt
[8.638s] writing requirements to ../../build/motor_control/motor_control.egg-info/requires.txt
[8.638s] writing top-level names to ../../build/motor_control/motor_control.egg-info/top_level.txt
[8.749s] reading manifest file '../../build/motor_control/motor_control.egg-info/SOURCES.txt'
[8.750s] adding license file 'LICENSE'
[8.752s] writing manifest file '../../build/motor_control/motor_control.egg-info/SOURCES.txt'
[8.753s] running build
[8.753s] running build_py
[8.756s] copying motor_control/stepper_joint2.py -> /home/raspi-earth/project_ws/build/motor_control/build/lib/motor_control
[8.756s] copying motor_control/stepper_joint3.py -> /home/raspi-earth/project_ws/build/motor_control/build/lib/motor_control
[8.757s] running install
[8.771s] running install_lib
[8.832s] copying /home/raspi-earth/project_ws/build/motor_control/build/lib/motor_control/stepper_joint2.py -> /home/raspi-earth/project_ws/install/motor_control/lib/python3.11/site-packages/motor_control
[8.833s] copying /home/raspi-earth/project_ws/build/motor_control/build/lib/motor_control/stepper_joint3.py -> /home/raspi-earth/project_ws/install/motor_control/lib/python3.11/site-packages/motor_control
[8.840s] byte-compiling /home/raspi-earth/project_ws/install/motor_control/lib/python3.11/site-packages/motor_control/stepper_joint2.py to stepper_joint2.cpython-311.pyc
[8.844s] byte-compiling /home/raspi-earth/project_ws/install/motor_control/lib/python3.11/site-packages/motor_control/stepper_joint3.py to stepper_joint3.cpython-311.pyc
[8.855s] running install_data
[8.855s] running install_egg_info
[9.022s] removing '/home/raspi-earth/project_ws/install/motor_control/lib/python3.11/site-packages/motor_control-0.0.0-py3.11.egg-info' (and everything under it)
[9.028s] Copying ../../build/motor_control/motor_control.egg-info to /home/raspi-earth/project_ws/install/motor_control/lib/python3.11/site-packages/motor_control-0.0.0-py3.11.egg-info
[9.030s] running install_scripts
[9.233s] Installing servodrive script to /home/raspi-earth/project_ws/install/motor_control/lib/motor_control
[9.235s] Installing stepmotor1 script to /home/raspi-earth/project_ws/install/motor_control/lib/motor_control
[9.236s] Installing stepmotor2 script to /home/raspi-earth/project_ws/install/motor_control/lib/motor_control
[9.237s] Installing stepmotor3 script to /home/raspi-earth/project_ws/install/motor_control/lib/motor_control
[9.239s] writing list of installed files to '/home/raspi-earth/project_ws/build/motor_control/install.log'
[9.485s] Invoked command in '/home/raspi-earth/project_ws/src/motor_control' returned '0': PYTHONPATH=/home/raspi-earth/project_ws/build/motor_control/prefix_override:/usr/lib/python3/dist-packages/colcon_core/task/python/colcon_distutils_commands:/home/raspi-earth/project_ws/install/motor_control/lib/python3.11/site-packages:${PYTHONPATH} /usr/bin/python3 -W ignore:setup.py install is deprecated -W ignore:easy_install command is deprecated setup.py egg_info --egg-base ../../build/motor_control build --build-base /home/raspi-earth/project_ws/build/motor_control/build install --record /home/raspi-earth/project_ws/build/motor_control/install.log --single-version-externally-managed install_data
