[6.787s] Invoking command in '/home/raspi-earth/project_ws/build/motor_control': PYTHONPATH=/home/raspi-earth/project_ws/build/motor_control/prefix_override:/usr/lib/python3/dist-packages/colcon_core/task/python/colcon_distutils_commands:/home/raspi-earth/project_ws/install/motor_control/lib/python3.11/site-packages:${PYTHONPATH} /usr/bin/python3 -W ignore:setup.py install is deprecated -W ignore:easy_install command is deprecated setup.py develop --uninstall --editable --build-directory /home/raspi-earth/project_ws/build/motor_control/build
[8.254s] running develop
[8.984s] Removing /home/raspi-earth/project_ws/install/motor_control/lib/python3.11/site-packages/motor-control.egg-link (link to .)
[9.203s] Invoked command in '/home/raspi-earth/project_ws/build/motor_control' returned '0': PYTHONPATH=/home/raspi-earth/project_ws/build/motor_control/prefix_override:/usr/lib/python3/dist-packages/colcon_core/task/python/colcon_distutils_commands:/home/raspi-earth/project_ws/install/motor_control/lib/python3.11/site-packages:${PYTHONPATH} /usr/bin/python3 -W ignore:setup.py install is deprecated -W ignore:easy_install command is deprecated setup.py develop --uninstall --editable --build-directory /home/raspi-earth/project_ws/build/motor_control/build
[9.204s] Invoking command in '/home/raspi-earth/project_ws/src/motor_control': PYTHONPATH=/home/raspi-earth/project_ws/build/motor_control/prefix_override:/usr/lib/python3/dist-packages/colcon_core/task/python/colcon_distutils_commands:/home/raspi-earth/project_ws/install/motor_control/lib/python3.11/site-packages:${PYTHONPATH} /usr/bin/python3 -W ignore:setup.py install is deprecated -W ignore:easy_install command is deprecated setup.py egg_info --egg-base ../../build/motor_control build --build-base /home/raspi-earth/project_ws/build/motor_control/build install --record /home/raspi-earth/project_ws/build/motor_control/install.log --single-version-externally-managed install_data --force
[10.592s] running egg_info
[10.658s] writing ../../build/motor_control/motor_control.egg-info/PKG-INFO
[10.659s] writing dependency_links to ../../build/motor_control/motor_control.egg-info/dependency_links.txt
[10.660s] writing entry points to ../../build/motor_control/motor_control.egg-info/entry_points.txt
[10.661s] writing requirements to ../../build/motor_control/motor_control.egg-info/requires.txt
[10.661s] writing top-level names to ../../build/motor_control/motor_control.egg-info/top_level.txt
[10.798s] reading manifest file '../../build/motor_control/motor_control.egg-info/SOURCES.txt'
[10.799s] adding license file 'LICENSE'
[10.801s] writing manifest file '../../build/motor_control/motor_control.egg-info/SOURCES.txt'
[10.801s] running build
[10.802s] running build_py
[10.803s] copying motor_control/stepper_joint1.py -> /home/raspi-earth/project_ws/build/motor_control/build/lib/motor_control
[10.804s] running install
[10.834s] running install_lib
[10.882s] creating /home/raspi-earth/project_ws/install/motor_control/lib/python3.11/site-packages/motor_control
[10.882s] copying /home/raspi-earth/project_ws/build/motor_control/build/lib/motor_control/servo_driver_i2c.py -> /home/raspi-earth/project_ws/install/motor_control/lib/python3.11/site-packages/motor_control
[10.884s] copying /home/raspi-earth/project_ws/build/motor_control/build/lib/motor_control/joint3_node.py -> /home/raspi-earth/project_ws/install/motor_control/lib/python3.11/site-packages/motor_control
[10.884s] copying /home/raspi-earth/project_ws/build/motor_control/build/lib/motor_control/stepper_joint2.py -> /home/raspi-earth/project_ws/install/motor_control/lib/python3.11/site-packages/motor_control
[10.885s] copying /home/raspi-earth/project_ws/build/motor_control/build/lib/motor_control/stepper_joint1.py -> /home/raspi-earth/project_ws/install/motor_control/lib/python3.11/site-packages/motor_control
[10.885s] copying /home/raspi-earth/project_ws/build/motor_control/build/lib/motor_control/joint1_node.py -> /home/raspi-earth/project_ws/install/motor_control/lib/python3.11/site-packages/motor_control
[10.886s] copying /home/raspi-earth/project_ws/build/motor_control/build/lib/motor_control/__init__.py -> /home/raspi-earth/project_ws/install/motor_control/lib/python3.11/site-packages/motor_control
[10.886s] copying /home/raspi-earth/project_ws/build/motor_control/build/lib/motor_control/stepper_joint3.py -> /home/raspi-earth/project_ws/install/motor_control/lib/python3.11/site-packages/motor_control
[10.886s] copying /home/raspi-earth/project_ws/build/motor_control/build/lib/motor_control/joint2_node.py -> /home/raspi-earth/project_ws/install/motor_control/lib/python3.11/site-packages/motor_control
[10.890s] byte-compiling /home/raspi-earth/project_ws/install/motor_control/lib/python3.11/site-packages/motor_control/servo_driver_i2c.py to servo_driver_i2c.cpython-311.pyc
[10.893s] byte-compiling /home/raspi-earth/project_ws/install/motor_control/lib/python3.11/site-packages/motor_control/joint3_node.py to joint3_node.cpython-311.pyc
[10.895s] byte-compiling /home/raspi-earth/project_ws/install/motor_control/lib/python3.11/site-packages/motor_control/stepper_joint2.py to stepper_joint2.cpython-311.pyc
[10.896s] byte-compiling /home/raspi-earth/project_ws/install/motor_control/lib/python3.11/site-packages/motor_control/stepper_joint1.py to stepper_joint1.cpython-311.pyc
[10.898s] byte-compiling /home/raspi-earth/project_ws/install/motor_control/lib/python3.11/site-packages/motor_control/joint1_node.py to joint1_node.cpython-311.pyc
[10.900s] byte-compiling /home/raspi-earth/project_ws/install/motor_control/lib/python3.11/site-packages/motor_control/__init__.py to __init__.cpython-311.pyc
[10.900s] byte-compiling /home/raspi-earth/project_ws/install/motor_control/lib/python3.11/site-packages/motor_control/stepper_joint3.py to stepper_joint3.cpython-311.pyc
[10.902s] byte-compiling /home/raspi-earth/project_ws/install/motor_control/lib/python3.11/site-packages/motor_control/joint2_node.py to joint2_node.cpython-311.pyc
[10.904s] running install_data
[10.904s] copying resource/motor_control -> /home/raspi-earth/project_ws/install/motor_control/share/ament_index/resource_index/packages
[10.906s] copying package.xml -> /home/raspi-earth/project_ws/install/motor_control/share/motor_control
[10.906s] running install_egg_info
[11.040s] Copying ../../build/motor_control/motor_control.egg-info to /home/raspi-earth/project_ws/install/motor_control/lib/python3.11/site-packages/motor_control-0.0.0-py3.11.egg-info
[11.042s] running install_scripts
[11.337s] Installing joint1_node script to /home/raspi-earth/project_ws/install/motor_control/lib/motor_control
[11.337s] Installing joint2_node script to /home/raspi-earth/project_ws/install/motor_control/lib/motor_control
[11.337s] Installing joint3_node script to /home/raspi-earth/project_ws/install/motor_control/lib/motor_control
[11.337s] Installing servodrive script to /home/raspi-earth/project_ws/install/motor_control/lib/motor_control
[11.341s] Installing stepmotor1 script to /home/raspi-earth/project_ws/install/motor_control/lib/motor_control
[11.341s] Installing stepmotor2 script to /home/raspi-earth/project_ws/install/motor_control/lib/motor_control
[11.341s] Installing stepmotor3 script to /home/raspi-earth/project_ws/install/motor_control/lib/motor_control
[11.341s] writing list of installed files to '/home/raspi-earth/project_ws/build/motor_control/install.log'
[11.500s] Invoked command in '/home/raspi-earth/project_ws/src/motor_control' returned '0': PYTHONPATH=/home/raspi-earth/project_ws/build/motor_control/prefix_override:/usr/lib/python3/dist-packages/colcon_core/task/python/colcon_distutils_commands:/home/raspi-earth/project_ws/install/motor_control/lib/python3.11/site-packages:${PYTHONPATH} /usr/bin/python3 -W ignore:setup.py install is deprecated -W ignore:easy_install command is deprecated setup.py egg_info --egg-base ../../build/motor_control build --build-base /home/raspi-earth/project_ws/build/motor_control/build install --record /home/raspi-earth/project_ws/build/motor_control/install.log --single-version-externally-managed install_data --force
