[5.752s] Invoking command in '/home/raspi-earth/project_ws/src/encoder_unit': PYTHONPATH=/home/raspi-earth/project_ws/build/encoder_unit/prefix_override:/usr/lib/python3/dist-packages/colcon_core/task/python/colcon_distutils_commands:/home/raspi-earth/project_ws/install/encoder_unit/lib/python3.11/site-packages:${PYTHONPATH} /usr/bin/python3 -W ignore:setup.py install is deprecated -W ignore:easy_install command is deprecated setup.py egg_info --egg-base ../../build/encoder_unit build --build-base /home/raspi-earth/project_ws/build/encoder_unit/build install --record /home/raspi-earth/project_ws/build/encoder_unit/install.log --single-version-externally-managed install_data
[6.924s] running egg_info
[6.962s] writing ../../build/encoder_unit/encoder_unit.egg-info/PKG-INFO
[6.963s] writing dependency_links to ../../build/encoder_unit/encoder_unit.egg-info/dependency_links.txt
[6.968s] writing entry points to ../../build/encoder_unit/encoder_unit.egg-info/entry_points.txt
[6.969s] writing requirements to ../../build/encoder_unit/encoder_unit.egg-info/requires.txt
[6.970s] writing top-level names to ../../build/encoder_unit/encoder_unit.egg-info/top_level.txt
[7.054s] reading manifest file '../../build/encoder_unit/encoder_unit.egg-info/SOURCES.txt'
[7.055s] adding license file 'LICENSE'
[7.056s] writing manifest file '../../build/encoder_unit/encoder_unit.egg-info/SOURCES.txt'
[7.056s] running build
[7.056s] running build_py
[7.057s] running install
[7.074s] running install_lib
[7.120s] running install_data
[7.120s] running install_egg_info
[7.249s] removing '/home/raspi-earth/project_ws/install/encoder_unit/lib/python3.11/site-packages/encoder_unit-0.0.0-py3.11.egg-info' (and everything under it)
[7.249s] Copying ../../build/encoder_unit/encoder_unit.egg-info to /home/raspi-earth/project_ws/install/encoder_unit/lib/python3.11/site-packages/encoder_unit-0.0.0-py3.11.egg-info
[7.251s] running install_scripts
[7.442s] Installing as5600_1 script to /home/raspi-earth/project_ws/install/encoder_unit/lib/encoder_unit
[7.443s] Installing as5600_2 script to /home/raspi-earth/project_ws/install/encoder_unit/lib/encoder_unit
[7.444s] Installing as5600_3 script to /home/raspi-earth/project_ws/install/encoder_unit/lib/encoder_unit
[7.445s] Installing as5600_4 script to /home/raspi-earth/project_ws/install/encoder_unit/lib/encoder_unit
[7.446s] Installing as5600_5 script to /home/raspi-earth/project_ws/install/encoder_unit/lib/encoder_unit
[7.447s] Installing limit_1 script to /home/raspi-earth/project_ws/install/encoder_unit/lib/encoder_unit
[7.448s] Installing limit_2 script to /home/raspi-earth/project_ws/install/encoder_unit/lib/encoder_unit
[7.449s] Installing limit_3 script to /home/raspi-earth/project_ws/install/encoder_unit/lib/encoder_unit
[7.449s] Installing limit_4 script to /home/raspi-earth/project_ws/install/encoder_unit/lib/encoder_unit
[7.451s] Installing limit_5 script to /home/raspi-earth/project_ws/install/encoder_unit/lib/encoder_unit
[7.452s] writing list of installed files to '/home/raspi-earth/project_ws/build/encoder_unit/install.log'
[7.668s] Invoked command in '/home/raspi-earth/project_ws/src/encoder_unit' returned '0': PYTHONPATH=/home/raspi-earth/project_ws/build/encoder_unit/prefix_override:/usr/lib/python3/dist-packages/colcon_core/task/python/colcon_distutils_commands:/home/raspi-earth/project_ws/install/encoder_unit/lib/python3.11/site-packages:${PYTHONPATH} /usr/bin/python3 -W ignore:setup.py install is deprecated -W ignore:easy_install command is deprecated setup.py egg_info --egg-base ../../build/encoder_unit build --build-base /home/raspi-earth/project_ws/build/encoder_unit/build install --record /home/raspi-earth/project_ws/build/encoder_unit/install.log --single-version-externally-managed install_data
