[4.742s] Invoking command in '/home/raspi-earth/project_ws/src/processor_unit': PYTHONPATH=/home/raspi-earth/project_ws/build/processor_unit/prefix_override:/usr/lib/python3/dist-packages/colcon_core/task/python/colcon_distutils_commands:/home/raspi-earth/project_ws/install/processor_unit/lib/python3.11/site-packages:${PYTHONPATH} /usr/bin/python3 -W ignore:setup.py install is deprecated -W ignore:easy_install command is deprecated setup.py egg_info --egg-base ../../build/processor_unit build --build-base /home/raspi-earth/project_ws/build/processor_unit/build install --record /home/raspi-earth/project_ws/build/processor_unit/install.log --single-version-externally-managed install_data
[5.697s] running egg_info
[5.697s] creating ../../build/processor_unit/processor_unit.egg-info
[5.733s] writing ../../build/processor_unit/processor_unit.egg-info/PKG-INFO
[5.733s] writing dependency_links to ../../build/processor_unit/processor_unit.egg-info/dependency_links.txt
[5.734s] writing requirements to ../../build/processor_unit/processor_unit.egg-info/requires.txt
[5.734s] writing top-level names to ../../build/processor_unit/processor_unit.egg-info/top_level.txt
[5.734s] writing manifest file '../../build/processor_unit/processor_unit.egg-info/SOURCES.txt'
[5.810s] reading manifest file '../../build/processor_unit/processor_unit.egg-info/SOURCES.txt'
[5.810s] adding license file 'LICENSE'
[5.811s] writing manifest file '../../build/processor_unit/processor_unit.egg-info/SOURCES.txt'
[5.811s] running build
[5.811s] running build_py
[5.812s] creating /home/raspi-earth/project_ws/build/processor_unit/build
[5.812s] creating /home/raspi-earth/project_ws/build/processor_unit/build/lib
[5.812s] creating /home/raspi-earth/project_ws/build/processor_unit/build/lib/processor_unit
[5.812s] copying processor_unit/__init__.py -> /home/raspi-earth/project_ws/build/processor_unit/build/lib/processor_unit
[5.812s] running install
[5.823s] running install_lib
[5.861s] creating /home/raspi-earth/project_ws/install/processor_unit/lib/python3.11/site-packages/processor_unit
[5.861s] copying /home/raspi-earth/project_ws/build/processor_unit/build/lib/processor_unit/__init__.py -> /home/raspi-earth/project_ws/install/processor_unit/lib/python3.11/site-packages/processor_unit
[5.865s] byte-compiling /home/raspi-earth/project_ws/install/processor_unit/lib/python3.11/site-packages/processor_unit/__init__.py to __init__.cpython-311.pyc
[5.865s] running install_data
[5.865s] creating /home/raspi-earth/project_ws/install/processor_unit/share/ament_index
[5.865s] creating /home/raspi-earth/project_ws/install/processor_unit/share/ament_index/resource_index
[5.866s] creating /home/raspi-earth/project_ws/install/processor_unit/share/ament_index/resource_index/packages
[5.866s] copying resource/processor_unit -> /home/raspi-earth/project_ws/install/processor_unit/share/ament_index/resource_index/packages
[5.866s] copying package.xml -> /home/raspi-earth/project_ws/install/processor_unit/share/processor_unit
[5.866s] running install_egg_info
[5.973s] Copying ../../build/processor_unit/processor_unit.egg-info to /home/raspi-earth/project_ws/install/processor_unit/lib/python3.11/site-packages/processor_unit-0.0.0-py3.11.egg-info
[5.974s] running install_scripts
[6.131s] writing list of installed files to '/home/raspi-earth/project_ws/build/processor_unit/install.log'
[6.313s] Invoked command in '/home/raspi-earth/project_ws/src/processor_unit' returned '0': PYTHONPATH=/home/raspi-earth/project_ws/build/processor_unit/prefix_override:/usr/lib/python3/dist-packages/colcon_core/task/python/colcon_distutils_commands:/home/raspi-earth/project_ws/install/processor_unit/lib/python3.11/site-packages:${PYTHONPATH} /usr/bin/python3 -W ignore:setup.py install is deprecated -W ignore:easy_install command is deprecated setup.py egg_info --egg-base ../../build/processor_unit build --build-base /home/raspi-earth/project_ws/build/processor_unit/build install --record /home/raspi-earth/project_ws/build/processor_unit/install.log --single-version-externally-managed install_data
