[2.510s] Invoking command in '/home/raspi-earth/project_ws/src/motor_control': PYTHONPATH=/home/raspi-earth/project_ws/build/motor_control/prefix_override:/usr/lib/python3/dist-packages/colcon_core/task/python/colcon_distutils_commands:/home/raspi-earth/project_ws/install/motor_control/lib/python3.11/site-packages:${PYTHONPATH} /usr/bin/python3 -W ignore:setup.py install is deprecated -W ignore:easy_install command is deprecated setup.py egg_info --egg-base ../../build/motor_control build --build-base /home/raspi-earth/project_ws/build/motor_control/build install --record /home/raspi-earth/project_ws/build/motor_control/install.log --single-version-externally-managed install_data
[3.405s] running egg_info
[3.439s] writing ../../build/motor_control/motor_control.egg-info/PKG-INFO
[3.440s] writing dependency_links to ../../build/motor_control/motor_control.egg-info/dependency_links.txt
[3.440s] writing entry points to ../../build/motor_control/motor_control.egg-info/entry_points.txt
[3.441s] writing requirements to ../../build/motor_control/motor_control.egg-info/requires.txt
[3.442s] writing top-level names to ../../build/motor_control/motor_control.egg-info/top_level.txt
[3.513s] reading manifest file '../../build/motor_control/motor_control.egg-info/SOURCES.txt'
[3.513s] adding license file 'LICENSE'
[3.514s] writing manifest file '../../build/motor_control/motor_control.egg-info/SOURCES.txt'
[3.514s] running build
[3.515s] running build_py
[3.515s] running install
[3.525s] running install_lib
[3.566s] running install_data
[3.566s] running install_egg_info
[3.650s] removing '/home/raspi-earth/project_ws/install/motor_control/lib/python3.11/site-packages/motor_control-0.0.0-py3.11.egg-info' (and everything under it)
[3.650s] Copying ../../build/motor_control/motor_control.egg-info to /home/raspi-earth/project_ws/install/motor_control/lib/python3.11/site-packages/motor_control-0.0.0-py3.11.egg-info
[3.651s] running install_scripts
[3.794s] Installing servodrive script to /home/raspi-earth/project_ws/install/motor_control/lib/motor_control
[3.795s] Installing stepmotor1 script to /home/raspi-earth/project_ws/install/motor_control/lib/motor_control
[3.796s] Installing stepmotor2 script to /home/raspi-earth/project_ws/install/motor_control/lib/motor_control
[3.796s] Installing stepmotor3 script to /home/raspi-earth/project_ws/install/motor_control/lib/motor_control
[3.799s] writing list of installed files to '/home/raspi-earth/project_ws/build/motor_control/install.log'
[3.920s] Invoked command in '/home/raspi-earth/project_ws/src/motor_control' returned '0': PYTHONPATH=/home/raspi-earth/project_ws/build/motor_control/prefix_override:/usr/lib/python3/dist-packages/colcon_core/task/python/colcon_distutils_commands:/home/raspi-earth/project_ws/install/motor_control/lib/python3.11/site-packages:${PYTHONPATH} /usr/bin/python3 -W ignore:setup.py install is deprecated -W ignore:easy_install command is deprecated setup.py egg_info --egg-base ../../build/motor_control build --build-base /home/raspi-earth/project_ws/build/motor_control/build install --record /home/raspi-earth/project_ws/build/motor_control/install.log --single-version-externally-managed install_data
