[6.485s] Invoking command in '/home/raspi-earth/project_ws/src/processor_unit': PYTHONPATH=/home/raspi-earth/project_ws/build/processor_unit/prefix_override:/usr/lib/python3/dist-packages/colcon_core/task/python/colcon_distutils_commands:/home/raspi-earth/project_ws/install/processor_unit/lib/python3.11/site-packages:${PYTHONPATH} /usr/bin/python3 -W ignore:setup.py install is deprecated -W ignore:easy_install command is deprecated setup.py egg_info --egg-base ../../build/processor_unit build --build-base /home/raspi-earth/project_ws/build/processor_unit/build install --record /home/raspi-earth/project_ws/build/processor_unit/install.log --single-version-externally-managed install_data
[7.946s] running egg_info
[7.986s] writing ../../build/processor_unit/processor_unit.egg-info/PKG-INFO
[7.987s] writing dependency_links to ../../build/processor_unit/processor_unit.egg-info/dependency_links.txt
[7.988s] writing entry points to ../../build/processor_unit/processor_unit.egg-info/entry_points.txt
[7.988s] writing requirements to ../../build/processor_unit/processor_unit.egg-info/requires.txt
[7.989s] writing top-level names to ../../build/processor_unit/processor_unit.egg-info/top_level.txt
[8.131s] reading manifest file '../../build/processor_unit/processor_unit.egg-info/SOURCES.txt'
[8.132s] adding license file 'LICENSE'
[8.133s] writing manifest file '../../build/processor_unit/processor_unit.egg-info/SOURCES.txt'
[8.134s] running build
[8.134s] running build_py
[8.134s] running install
[8.146s] running install_lib
[8.216s] running install_data
[8.217s] running install_egg_info
[8.376s] removing '/home/raspi-earth/project_ws/install/processor_unit/lib/python3.11/site-packages/processor_unit-0.0.0-py3.11.egg-info' (and everything under it)
[8.376s] Copying ../../build/processor_unit/processor_unit.egg-info to /home/raspi-earth/project_ws/install/processor_unit/lib/python3.11/site-packages/processor_unit-0.0.0-py3.11.egg-info
[8.376s] running install_scripts
[8.650s] Installing main_processor script to /home/raspi-earth/project_ws/install/processor_unit/lib/processor_unit
[8.651s] writing list of installed files to '/home/raspi-earth/project_ws/build/processor_unit/install.log'
[8.865s] Invoked command in '/home/raspi-earth/project_ws/src/processor_unit' returned '0': PYTHONPATH=/home/raspi-earth/project_ws/build/processor_unit/prefix_override:/usr/lib/python3/dist-packages/colcon_core/task/python/colcon_distutils_commands:/home/raspi-earth/project_ws/install/processor_unit/lib/python3.11/site-packages:${PYTHONPATH} /usr/bin/python3 -W ignore:setup.py install is deprecated -W ignore:easy_install command is deprecated setup.py egg_info --egg-base ../../build/processor_unit build --build-base /home/raspi-earth/project_ws/build/processor_unit/build install --record /home/raspi-earth/project_ws/build/processor_unit/install.log --single-version-externally-managed install_data
