[11.797s] Invoking command in '/home/raspi-earth/project_ws/src/encoder_unit': PYTHONPATH=/home/raspi-earth/project_ws/build/encoder_unit/prefix_override:/usr/lib/python3/dist-packages/colcon_core/task/python/colcon_distutils_commands:/home/raspi-earth/project_ws/install/encoder_unit/lib/python3.11/site-packages:${PYTHONPATH} /usr/bin/python3 -W ignore:setup.py install is deprecated -W ignore:easy_install command is deprecated setup.py egg_info --egg-base ../../build/encoder_unit build --build-base /home/raspi-earth/project_ws/build/encoder_unit/build install --record /home/raspi-earth/project_ws/build/encoder_unit/install.log --single-version-externally-managed install_data
[14.139s] running egg_info
[14.231s] writing ../../build/encoder_unit/encoder_unit.egg-info/PKG-INFO
[14.231s] writing dependency_links to ../../build/encoder_unit/encoder_unit.egg-info/dependency_links.txt
[14.234s] writing entry points to ../../build/encoder_unit/encoder_unit.egg-info/entry_points.txt
[14.235s] writing requirements to ../../build/encoder_unit/encoder_unit.egg-info/requires.txt
[14.236s] writing top-level names to ../../build/encoder_unit/encoder_unit.egg-info/top_level.txt
[14.356s] reading manifest file '../../build/encoder_unit/encoder_unit.egg-info/SOURCES.txt'
[14.356s] adding license file 'LICENSE'
[14.358s] writing manifest file '../../build/encoder_unit/encoder_unit.egg-info/SOURCES.txt'
[14.358s] running build
[14.359s] running build_py
[14.360s] running install
[14.376s] running install_lib
[14.437s] running install_data
[14.437s] running install_egg_info
[14.574s] removing '/home/raspi-earth/project_ws/install/encoder_unit/lib/python3.11/site-packages/encoder_unit-0.0.0-py3.11.egg-info' (and everything under it)
[14.581s] Copying ../../build/encoder_unit/encoder_unit.egg-info to /home/raspi-earth/project_ws/install/encoder_unit/lib/python3.11/site-packages/encoder_unit-0.0.0-py3.11.egg-info
[14.581s] running install_scripts
[14.802s] Installing as5600_1 script to /home/raspi-earth/project_ws/install/encoder_unit/lib/encoder_unit
[14.803s] Installing as5600_2 script to /home/raspi-earth/project_ws/install/encoder_unit/lib/encoder_unit
[14.804s] Installing as5600_3 script to /home/raspi-earth/project_ws/install/encoder_unit/lib/encoder_unit
[14.805s] Installing as5600_4 script to /home/raspi-earth/project_ws/install/encoder_unit/lib/encoder_unit
[14.806s] Installing as5600_5 script to /home/raspi-earth/project_ws/install/encoder_unit/lib/encoder_unit
[14.809s] Installing limit script to /home/raspi-earth/project_ws/install/encoder_unit/lib/encoder_unit
[14.810s] writing list of installed files to '/home/raspi-earth/project_ws/build/encoder_unit/install.log'
[14.997s] Invoked command in '/home/raspi-earth/project_ws/src/encoder_unit' returned '0': PYTHONPATH=/home/raspi-earth/project_ws/build/encoder_unit/prefix_override:/usr/lib/python3/dist-packages/colcon_core/task/python/colcon_distutils_commands:/home/raspi-earth/project_ws/install/encoder_unit/lib/python3.11/site-packages:${PYTHONPATH} /usr/bin/python3 -W ignore:setup.py install is deprecated -W ignore:easy_install command is deprecated setup.py egg_info --egg-base ../../build/encoder_unit build --build-base /home/raspi-earth/project_ws/build/encoder_unit/build install --record /home/raspi-earth/project_ws/build/encoder_unit/install.log --single-version-externally-managed install_data
