[10.888s] Invoking command in '/home/raspi-earth/project_ws/src/motor_control': PYTHONPATH=/home/raspi-earth/project_ws/build/motor_control/prefix_override:/usr/lib/python3/dist-packages/colcon_core/task/python/colcon_distutils_commands:/home/raspi-earth/project_ws/install/motor_control/lib/python3.11/site-packages:${PYTHONPATH} /usr/bin/python3 -W ignore:setup.py install is deprecated -W ignore:easy_install command is deprecated setup.py egg_info --egg-base ../../build/motor_control build --build-base /home/raspi-earth/project_ws/build/motor_control/build install --record /home/raspi-earth/project_ws/build/motor_control/install.log --single-version-externally-managed install_data
[13.378s] running egg_info
[13.446s] writing ../../build/motor_control/motor_control.egg-info/PKG-INFO
[13.450s] writing dependency_links to ../../build/motor_control/motor_control.egg-info/dependency_links.txt
[13.450s] writing entry points to ../../build/motor_control/motor_control.egg-info/entry_points.txt
[13.450s] writing requirements to ../../build/motor_control/motor_control.egg-info/requires.txt
[13.450s] writing top-level names to ../../build/motor_control/motor_control.egg-info/top_level.txt
[13.601s] reading manifest file '../../build/motor_control/motor_control.egg-info/SOURCES.txt'
[13.601s] adding license file 'LICENSE'
[13.601s] writing manifest file '../../build/motor_control/motor_control.egg-info/SOURCES.txt'
[13.602s] running build
[13.603s] running build_py
[13.603s] running install
[13.617s] running install_lib
[13.770s] running install_data
[13.771s] running install_egg_info
[13.957s] removing '/home/raspi-earth/project_ws/install/motor_control/lib/python3.11/site-packages/motor_control-0.0.0-py3.11.egg-info' (and everything under it)
[13.958s] Copying ../../build/motor_control/motor_control.egg-info to /home/raspi-earth/project_ws/install/motor_control/lib/python3.11/site-packages/motor_control-0.0.0-py3.11.egg-info
[13.963s] running install_scripts
[14.313s] Installing joint1_node script to /home/raspi-earth/project_ws/install/motor_control/lib/motor_control
[14.314s] Installing joint2_node script to /home/raspi-earth/project_ws/install/motor_control/lib/motor_control
[14.314s] Installing joint3_node script to /home/raspi-earth/project_ws/install/motor_control/lib/motor_control
[14.314s] Installing servodrive script to /home/raspi-earth/project_ws/install/motor_control/lib/motor_control
[14.315s] Installing stepmotor1 script to /home/raspi-earth/project_ws/install/motor_control/lib/motor_control
[14.316s] Installing stepmotor2 script to /home/raspi-earth/project_ws/install/motor_control/lib/motor_control
[14.317s] Installing stepmotor3 script to /home/raspi-earth/project_ws/install/motor_control/lib/motor_control
[14.319s] writing list of installed files to '/home/raspi-earth/project_ws/build/motor_control/install.log'
[14.510s] Invoked command in '/home/raspi-earth/project_ws/src/motor_control' returned '0': PYTHONPATH=/home/raspi-earth/project_ws/build/motor_control/prefix_override:/usr/lib/python3/dist-packages/colcon_core/task/python/colcon_distutils_commands:/home/raspi-earth/project_ws/install/motor_control/lib/python3.11/site-packages:${PYTHONPATH} /usr/bin/python3 -W ignore:setup.py install is deprecated -W ignore:easy_install command is deprecated setup.py egg_info --egg-base ../../build/motor_control build --build-base /home/raspi-earth/project_ws/build/motor_control/build install --record /home/raspi-earth/project_ws/build/motor_control/install.log --single-version-externally-managed install_data
