[4.511s] Invoking command in '/home/raspi-earth/project_ws/src/processor_unit': PYTHONPATH=/home/raspi-earth/project_ws/build/processor_unit/prefix_override:/usr/lib/python3/dist-packages/colcon_core/task/python/colcon_distutils_commands:/home/raspi-earth/project_ws/install/processor_unit/lib/python3.11/site-packages:${PYTHONPATH} /usr/bin/python3 -W ignore:setup.py install is deprecated -W ignore:easy_install command is deprecated setup.py egg_info --egg-base ../../build/processor_unit build --build-base /home/raspi-earth/project_ws/build/processor_unit/build install --record /home/raspi-earth/project_ws/build/processor_unit/install.log --single-version-externally-managed install_data
[5.498s] running egg_info
[5.534s] writing ../../build/processor_unit/processor_unit.egg-info/PKG-INFO
[5.534s] writing dependency_links to ../../build/processor_unit/processor_unit.egg-info/dependency_links.txt
[5.535s] writing requirements to ../../build/processor_unit/processor_unit.egg-info/requires.txt
[5.536s] writing top-level names to ../../build/processor_unit/processor_unit.egg-info/top_level.txt
[5.611s] reading manifest file '../../build/processor_unit/processor_unit.egg-info/SOURCES.txt'
[5.611s] adding license file 'LICENSE'
[5.612s] writing manifest file '../../build/processor_unit/processor_unit.egg-info/SOURCES.txt'
[5.612s] running build
[5.612s] running build_py
[5.613s] running install
[5.623s] running install_lib
[5.664s] running install_data
[5.665s] running install_egg_info
[5.774s] removing '/home/raspi-earth/project_ws/install/processor_unit/lib/python3.11/site-packages/processor_unit-0.0.0-py3.11.egg-info' (and everything under it)
[5.774s] Copying ../../build/processor_unit/processor_unit.egg-info to /home/raspi-earth/project_ws/install/processor_unit/lib/python3.11/site-packages/processor_unit-0.0.0-py3.11.egg-info
[5.776s] running install_scripts
[5.936s] writing list of installed files to '/home/raspi-earth/project_ws/build/processor_unit/install.log'
[6.116s] Invoked command in '/home/raspi-earth/project_ws/src/processor_unit' returned '0': PYTHONPATH=/home/raspi-earth/project_ws/build/processor_unit/prefix_override:/usr/lib/python3/dist-packages/colcon_core/task/python/colcon_distutils_commands:/home/raspi-earth/project_ws/install/processor_unit/lib/python3.11/site-packages:${PYTHONPATH} /usr/bin/python3 -W ignore:setup.py install is deprecated -W ignore:easy_install command is deprecated setup.py egg_info --egg-base ../../build/processor_unit build --build-base /home/raspi-earth/project_ws/build/processor_unit/build install --record /home/raspi-earth/project_ws/build/processor_unit/install.log --single-version-externally-managed install_data
