[10.437s] Invoking command in '/home/raspi-earth/project_ws/src/motor_control': PYTHONPATH=/home/raspi-earth/project_ws/build/motor_control/prefix_override:/usr/lib/python3/dist-packages/colcon_core/task/python/colcon_distutils_commands:/home/raspi-earth/project_ws/install/motor_control/lib/python3.11/site-packages:${PYTHONPATH} /usr/bin/python3 -W ignore:setup.py install is deprecated -W ignore:easy_install command is deprecated setup.py egg_info --egg-base ../../build/motor_control build --build-base /home/raspi-earth/project_ws/build/motor_control/build install --record /home/raspi-earth/project_ws/build/motor_control/install.log --single-version-externally-managed install_data
[12.495s] running egg_info
[12.583s] writing ../../build/motor_control/motor_control.egg-info/PKG-INFO
[12.584s] writing dependency_links to ../../build/motor_control/motor_control.egg-info/dependency_links.txt
[12.596s] writing entry points to ../../build/motor_control/motor_control.egg-info/entry_points.txt
[12.596s] writing requirements to ../../build/motor_control/motor_control.egg-info/requires.txt
[12.596s] writing top-level names to ../../build/motor_control/motor_control.egg-info/top_level.txt
[12.794s] reading manifest file '../../build/motor_control/motor_control.egg-info/SOURCES.txt'
[12.795s] adding license file 'LICENSE'
[12.798s] writing manifest file '../../build/motor_control/motor_control.egg-info/SOURCES.txt'
[12.804s] running build
[12.804s] running build_py
[12.806s] running install
[12.847s] running install_lib
[12.946s] running install_data
[12.947s] running install_egg_info
[13.089s] removing '/home/raspi-earth/project_ws/install/motor_control/lib/python3.11/site-packages/motor_control-0.0.0-py3.11.egg-info' (and everything under it)
[13.089s] Copying ../../build/motor_control/motor_control.egg-info to /home/raspi-earth/project_ws/install/motor_control/lib/python3.11/site-packages/motor_control-0.0.0-py3.11.egg-info
[13.091s] running install_scripts
[13.383s] Installing joint1_node script to /home/raspi-earth/project_ws/install/motor_control/lib/motor_control
[13.383s] Installing joint2_node script to /home/raspi-earth/project_ws/install/motor_control/lib/motor_control
[13.385s] Installing joint3_node script to /home/raspi-earth/project_ws/install/motor_control/lib/motor_control
[13.386s] Installing servodrive script to /home/raspi-earth/project_ws/install/motor_control/lib/motor_control
[13.387s] Installing stepmotor1 script to /home/raspi-earth/project_ws/install/motor_control/lib/motor_control
[13.388s] Installing stepmotor2 script to /home/raspi-earth/project_ws/install/motor_control/lib/motor_control
[13.389s] Installing stepmotor3 script to /home/raspi-earth/project_ws/install/motor_control/lib/motor_control
[13.392s] writing list of installed files to '/home/raspi-earth/project_ws/build/motor_control/install.log'
[13.569s] Invoked command in '/home/raspi-earth/project_ws/src/motor_control' returned '0': PYTHONPATH=/home/raspi-earth/project_ws/build/motor_control/prefix_override:/usr/lib/python3/dist-packages/colcon_core/task/python/colcon_distutils_commands:/home/raspi-earth/project_ws/install/motor_control/lib/python3.11/site-packages:${PYTHONPATH} /usr/bin/python3 -W ignore:setup.py install is deprecated -W ignore:easy_install command is deprecated setup.py egg_info --egg-base ../../build/motor_control build --build-base /home/raspi-earth/project_ws/build/motor_control/build install --record /home/raspi-earth/project_ws/build/motor_control/install.log --single-version-externally-managed install_data
