[6.913s] Invoking command in '/home/raspi-earth/project_ws/src/processor_unit': PYTHONPATH=/home/raspi-earth/project_ws/build/processor_unit/prefix_override:/usr/lib/python3/dist-packages/colcon_core/task/python/colcon_distutils_commands:/home/raspi-earth/project_ws/install/processor_unit/lib/python3.11/site-packages:${PYTHONPATH} /usr/bin/python3 -W ignore:setup.py install is deprecated -W ignore:easy_install command is deprecated setup.py egg_info --egg-base ../../build/processor_unit build --build-base /home/raspi-earth/project_ws/build/processor_unit/build install --record /home/raspi-earth/project_ws/build/processor_unit/install.log --single-version-externally-managed install_data
[8.485s] running egg_info
[8.557s] writing ../../build/processor_unit/processor_unit.egg-info/PKG-INFO
[8.557s] writing dependency_links to ../../build/processor_unit/processor_unit.egg-info/dependency_links.txt
[8.558s] writing requirements to ../../build/processor_unit/processor_unit.egg-info/requires.txt
[8.559s] writing top-level names to ../../build/processor_unit/processor_unit.egg-info/top_level.txt
[8.708s] reading manifest file '../../build/processor_unit/processor_unit.egg-info/SOURCES.txt'
[8.716s] adding license file 'LICENSE'
[8.716s] writing manifest file '../../build/processor_unit/processor_unit.egg-info/SOURCES.txt'
[8.717s] running build
[8.718s] running build_py
[8.723s] running install
[8.751s] running install_lib
[8.807s] running install_data
[8.808s] running install_egg_info
[8.957s] removing '/home/raspi-earth/project_ws/install/processor_unit/lib/python3.11/site-packages/processor_unit-0.0.0-py3.11.egg-info' (and everything under it)
[8.957s] Copying ../../build/processor_unit/processor_unit.egg-info to /home/raspi-earth/project_ws/install/processor_unit/lib/python3.11/site-packages/processor_unit-0.0.0-py3.11.egg-info
[8.963s] running install_scripts
[9.300s] writing list of installed files to '/home/raspi-earth/project_ws/build/processor_unit/install.log'
[9.472s] Invoked command in '/home/raspi-earth/project_ws/src/processor_unit' returned '0': PYTHONPATH=/home/raspi-earth/project_ws/build/processor_unit/prefix_override:/usr/lib/python3/dist-packages/colcon_core/task/python/colcon_distutils_commands:/home/raspi-earth/project_ws/install/processor_unit/lib/python3.11/site-packages:${PYTHONPATH} /usr/bin/python3 -W ignore:setup.py install is deprecated -W ignore:easy_install command is deprecated setup.py egg_info --egg-base ../../build/processor_unit build --build-base /home/raspi-earth/project_ws/build/processor_unit/build install --record /home/raspi-earth/project_ws/build/processor_unit/install.log --single-version-externally-managed install_data
