[7.432s] Invoking command in '/home/raspi-earth/project_ws/src/motor_control': PYTHONPATH=/home/raspi-earth/project_ws/build/motor_control/prefix_override:/usr/lib/python3/dist-packages/colcon_core/task/python/colcon_distutils_commands:/home/raspi-earth/project_ws/install/motor_control/lib/python3.11/site-packages:${PYTHONPATH} /usr/bin/python3 -W ignore:setup.py install is deprecated -W ignore:easy_install command is deprecated setup.py egg_info --egg-base ../../build/motor_control build --build-base /home/raspi-earth/project_ws/build/motor_control/build install --record /home/raspi-earth/project_ws/build/motor_control/install.log --single-version-externally-managed install_data
[9.001s] running egg_info
[9.038s] writing ../../build/motor_control/motor_control.egg-info/PKG-INFO
[9.040s] writing dependency_links to ../../build/motor_control/motor_control.egg-info/dependency_links.txt
[9.045s] writing entry points to ../../build/motor_control/motor_control.egg-info/entry_points.txt
[9.045s] writing requirements to ../../build/motor_control/motor_control.egg-info/requires.txt
[9.045s] writing top-level names to ../../build/motor_control/motor_control.egg-info/top_level.txt
[9.169s] reading manifest file '../../build/motor_control/motor_control.egg-info/SOURCES.txt'
[9.170s] adding license file 'LICENSE'
[9.172s] writing manifest file '../../build/motor_control/motor_control.egg-info/SOURCES.txt'
[9.172s] running build
[9.172s] running build_py
[9.174s] copying motor_control/joint1_node.py -> /home/raspi-earth/project_ws/build/motor_control/build/lib/motor_control
[9.175s] running install
[9.205s] running install_lib
[9.300s] copying /home/raspi-earth/project_ws/build/motor_control/build/lib/motor_control/joint1_node.py -> /home/raspi-earth/project_ws/install/motor_control/lib/python3.11/site-packages/motor_control
[9.301s] byte-compiling /home/raspi-earth/project_ws/install/motor_control/lib/python3.11/site-packages/motor_control/joint1_node.py to joint1_node.cpython-311.pyc
[9.301s]   File "/home/raspi-earth/project_ws/install/motor_control/lib/python3.11/site-packages/motor_control/joint1_node.py", line 43
[9.302s]         def __init__(self):
[9.302s]     ^
[9.303s] SyntaxError: invalid non-printable character U+00A0
[9.303s] 
[9.304s] running install_data
[9.304s] running install_egg_info
[9.440s] removing '/home/raspi-earth/project_ws/install/motor_control/lib/python3.11/site-packages/motor_control-0.0.0-py3.11.egg-info' (and everything under it)
[9.446s] Copying ../../build/motor_control/motor_control.egg-info to /home/raspi-earth/project_ws/install/motor_control/lib/python3.11/site-packages/motor_control-0.0.0-py3.11.egg-info
[9.446s] running install_scripts
[9.728s] Installing joint1_node script to /home/raspi-earth/project_ws/install/motor_control/lib/motor_control
[9.729s] Installing joint2_node script to /home/raspi-earth/project_ws/install/motor_control/lib/motor_control
[9.730s] Installing joint3_node script to /home/raspi-earth/project_ws/install/motor_control/lib/motor_control
[9.730s] Installing servodrive script to /home/raspi-earth/project_ws/install/motor_control/lib/motor_control
[9.731s] Installing stepmotor1 script to /home/raspi-earth/project_ws/install/motor_control/lib/motor_control
[9.732s] Installing stepmotor2 script to /home/raspi-earth/project_ws/install/motor_control/lib/motor_control
[9.733s] Installing stepmotor3 script to /home/raspi-earth/project_ws/install/motor_control/lib/motor_control
[9.736s] writing list of installed files to '/home/raspi-earth/project_ws/build/motor_control/install.log'
[9.929s] Invoked command in '/home/raspi-earth/project_ws/src/motor_control' returned '0': PYTHONPATH=/home/raspi-earth/project_ws/build/motor_control/prefix_override:/usr/lib/python3/dist-packages/colcon_core/task/python/colcon_distutils_commands:/home/raspi-earth/project_ws/install/motor_control/lib/python3.11/site-packages:${PYTHONPATH} /usr/bin/python3 -W ignore:setup.py install is deprecated -W ignore:easy_install command is deprecated setup.py egg_info --egg-base ../../build/motor_control build --build-base /home/raspi-earth/project_ws/build/motor_control/build install --record /home/raspi-earth/project_ws/build/motor_control/install.log --single-version-externally-managed install_data
