[6.407s] Invoking command in '/home/raspi-earth/project_ws/src/processor_unit': PYTHONPATH=/home/raspi-earth/project_ws/build/processor_unit/prefix_override:/usr/lib/python3/dist-packages/colcon_core/task/python/colcon_distutils_commands:/home/raspi-earth/project_ws/install/processor_unit/lib/python3.11/site-packages:${PYTHONPATH} /usr/bin/python3 -W ignore:setup.py install is deprecated -W ignore:easy_install command is deprecated setup.py egg_info --egg-base ../../build/processor_unit build --build-base /home/raspi-earth/project_ws/build/processor_unit/build install --record /home/raspi-earth/project_ws/build/processor_unit/install.log --single-version-externally-managed install_data
[7.929s] running egg_info
[7.996s] writing ../../build/processor_unit/processor_unit.egg-info/PKG-INFO
[7.996s] writing dependency_links to ../../build/processor_unit/processor_unit.egg-info/dependency_links.txt
[7.998s] writing requirements to ../../build/processor_unit/processor_unit.egg-info/requires.txt
[7.999s] writing top-level names to ../../build/processor_unit/processor_unit.egg-info/top_level.txt
[8.097s] reading manifest file '../../build/processor_unit/processor_unit.egg-info/SOURCES.txt'
[8.098s] adding license file 'LICENSE'
[8.100s] writing manifest file '../../build/processor_unit/processor_unit.egg-info/SOURCES.txt'
[8.100s] running build
[8.100s] running build_py
[8.104s] running install
[8.126s] running install_lib
[8.207s] running install_data
[8.208s] running install_egg_info
[8.360s] removing '/home/raspi-earth/project_ws/install/processor_unit/lib/python3.11/site-packages/processor_unit-0.0.0-py3.11.egg-info' (and everything under it)
[8.360s] Copying ../../build/processor_unit/processor_unit.egg-info to /home/raspi-earth/project_ws/install/processor_unit/lib/python3.11/site-packages/processor_unit-0.0.0-py3.11.egg-info
[8.361s] running install_scripts
[8.605s] writing list of installed files to '/home/raspi-earth/project_ws/build/processor_unit/install.log'
[8.831s] Invoked command in '/home/raspi-earth/project_ws/src/processor_unit' returned '0': PYTHONPATH=/home/raspi-earth/project_ws/build/processor_unit/prefix_override:/usr/lib/python3/dist-packages/colcon_core/task/python/colcon_distutils_commands:/home/raspi-earth/project_ws/install/processor_unit/lib/python3.11/site-packages:${PYTHONPATH} /usr/bin/python3 -W ignore:setup.py install is deprecated -W ignore:easy_install command is deprecated setup.py egg_info --egg-base ../../build/processor_unit build --build-base /home/raspi-earth/project_ws/build/processor_unit/build install --record /home/raspi-earth/project_ws/build/processor_unit/install.log --single-version-externally-managed install_data
