[6.538s] Invoking command in '/home/raspi-earth/project_ws/src/processor_unit': PYTHONPATH=/home/raspi-earth/project_ws/build/processor_unit/prefix_override:/usr/lib/python3/dist-packages/colcon_core/task/python/colcon_distutils_commands:/home/raspi-earth/project_ws/install/processor_unit/lib/python3.11/site-packages:${PYTHONPATH} /usr/bin/python3 -W ignore:setup.py install is deprecated -W ignore:easy_install command is deprecated setup.py egg_info --egg-base ../../build/processor_unit build --build-base /home/raspi-earth/project_ws/build/processor_unit/build install --record /home/raspi-earth/project_ws/build/processor_unit/install.log --single-version-externally-managed install_data
[7.997s] running egg_info
[8.062s] writing ../../build/processor_unit/processor_unit.egg-info/PKG-INFO
[8.062s] writing dependency_links to ../../build/processor_unit/processor_unit.egg-info/dependency_links.txt
[8.063s] writing requirements to ../../build/processor_unit/processor_unit.egg-info/requires.txt
[8.064s] writing top-level names to ../../build/processor_unit/processor_unit.egg-info/top_level.txt
[8.160s] reading manifest file '../../build/processor_unit/processor_unit.egg-info/SOURCES.txt'
[8.162s] adding license file 'LICENSE'
[8.164s] writing manifest file '../../build/processor_unit/processor_unit.egg-info/SOURCES.txt'
[8.165s] running build
[8.165s] running build_py
[8.166s] running install
[8.192s] running install_lib
[8.261s] running install_data
[8.261s] running install_egg_info
[8.396s] removing '/home/raspi-earth/project_ws/install/processor_unit/lib/python3.11/site-packages/processor_unit-0.0.0-py3.11.egg-info' (and everything under it)
[8.397s] Copying ../../build/processor_unit/processor_unit.egg-info to /home/raspi-earth/project_ws/install/processor_unit/lib/python3.11/site-packages/processor_unit-0.0.0-py3.11.egg-info
[8.400s] running install_scripts
[8.634s] writing list of installed files to '/home/raspi-earth/project_ws/build/processor_unit/install.log'
[8.859s] Invoked command in '/home/raspi-earth/project_ws/src/processor_unit' returned '0': PYTHONPATH=/home/raspi-earth/project_ws/build/processor_unit/prefix_override:/usr/lib/python3/dist-packages/colcon_core/task/python/colcon_distutils_commands:/home/raspi-earth/project_ws/install/processor_unit/lib/python3.11/site-packages:${PYTHONPATH} /usr/bin/python3 -W ignore:setup.py install is deprecated -W ignore:easy_install command is deprecated setup.py egg_info --egg-base ../../build/processor_unit build --build-base /home/raspi-earth/project_ws/build/processor_unit/build install --record /home/raspi-earth/project_ws/build/processor_unit/install.log --single-version-externally-managed install_data
