[6.368s] Invoking command in '/home/raspi-earth/project_ws/src/motor_control': PYTHONPATH=/home/raspi-earth/project_ws/build/motor_control/prefix_override:/usr/lib/python3/dist-packages/colcon_core/task/python/colcon_distutils_commands:/home/raspi-earth/project_ws/install/motor_control/lib/python3.11/site-packages:${PYTHONPATH} /usr/bin/python3 -W ignore:setup.py install is deprecated -W ignore:easy_install command is deprecated setup.py egg_info --egg-base ../../build/motor_control build --build-base /home/raspi-earth/project_ws/build/motor_control/build install --record /home/raspi-earth/project_ws/build/motor_control/install.log --single-version-externally-managed install_data
[7.842s] running egg_info
[7.935s] writing ../../build/motor_control/motor_control.egg-info/PKG-INFO
[7.935s] writing dependency_links to ../../build/motor_control/motor_control.egg-info/dependency_links.txt
[7.936s] writing entry points to ../../build/motor_control/motor_control.egg-info/entry_points.txt
[7.937s] writing requirements to ../../build/motor_control/motor_control.egg-info/requires.txt
[7.938s] writing top-level names to ../../build/motor_control/motor_control.egg-info/top_level.txt
[8.037s] reading manifest file '../../build/motor_control/motor_control.egg-info/SOURCES.txt'
[8.037s] adding license file 'LICENSE'
[8.037s] writing manifest file '../../build/motor_control/motor_control.egg-info/SOURCES.txt'
[8.037s] running build
[8.037s] running build_py
[8.038s] copying motor_control/stepper_joint1.py -> /home/raspi-earth/project_ws/build/motor_control/build/lib/motor_control
[8.038s] running install
[8.067s] running install_lib
[8.148s] copying /home/raspi-earth/project_ws/build/motor_control/build/lib/motor_control/stepper_joint1.py -> /home/raspi-earth/project_ws/install/motor_control/lib/python3.11/site-packages/motor_control
[8.153s] byte-compiling /home/raspi-earth/project_ws/install/motor_control/lib/python3.11/site-packages/motor_control/stepper_joint1.py to stepper_joint1.cpython-311.pyc
[8.155s] running install_data
[8.156s] running install_egg_info
[8.332s] removing '/home/raspi-earth/project_ws/install/motor_control/lib/python3.11/site-packages/motor_control-0.0.0-py3.11.egg-info' (and everything under it)
[8.332s] Copying ../../build/motor_control/motor_control.egg-info to /home/raspi-earth/project_ws/install/motor_control/lib/python3.11/site-packages/motor_control-0.0.0-py3.11.egg-info
[8.334s] running install_scripts
[8.586s] Installing joint1_node script to /home/raspi-earth/project_ws/install/motor_control/lib/motor_control
[8.587s] Installing joint2_node script to /home/raspi-earth/project_ws/install/motor_control/lib/motor_control
[8.588s] Installing joint3_node script to /home/raspi-earth/project_ws/install/motor_control/lib/motor_control
[8.590s] Installing servodrive script to /home/raspi-earth/project_ws/install/motor_control/lib/motor_control
[8.591s] Installing stepmotor1 script to /home/raspi-earth/project_ws/install/motor_control/lib/motor_control
[8.592s] Installing stepmotor2 script to /home/raspi-earth/project_ws/install/motor_control/lib/motor_control
[8.593s] Installing stepmotor3 script to /home/raspi-earth/project_ws/install/motor_control/lib/motor_control
[8.604s] writing list of installed files to '/home/raspi-earth/project_ws/build/motor_control/install.log'
[8.860s] Invoked command in '/home/raspi-earth/project_ws/src/motor_control' returned '0': PYTHONPATH=/home/raspi-earth/project_ws/build/motor_control/prefix_override:/usr/lib/python3/dist-packages/colcon_core/task/python/colcon_distutils_commands:/home/raspi-earth/project_ws/install/motor_control/lib/python3.11/site-packages:${PYTHONPATH} /usr/bin/python3 -W ignore:setup.py install is deprecated -W ignore:easy_install command is deprecated setup.py egg_info --egg-base ../../build/motor_control build --build-base /home/raspi-earth/project_ws/build/motor_control/build install --record /home/raspi-earth/project_ws/build/motor_control/install.log --single-version-externally-managed install_data
