[6.314s] Invoking command in '/home/raspi-earth/project_ws/src/motor_control': PYTHONPATH=/home/raspi-earth/project_ws/build/motor_control/prefix_override:/usr/lib/python3/dist-packages/colcon_core/task/python/colcon_distutils_commands:/home/raspi-earth/project_ws/install/motor_control/lib/python3.11/site-packages:${PYTHONPATH} /usr/bin/python3 -W ignore:setup.py install is deprecated -W ignore:easy_install command is deprecated setup.py egg_info --egg-base ../../build/motor_control build --build-base /home/raspi-earth/project_ws/build/motor_control/build install --record /home/raspi-earth/project_ws/build/motor_control/install.log --single-version-externally-managed install_data
[7.890s] running egg_info
[7.952s] writing ../../build/motor_control/motor_control.egg-info/PKG-INFO
[7.952s] writing dependency_links to ../../build/motor_control/motor_control.egg-info/dependency_links.txt
[7.953s] writing entry points to ../../build/motor_control/motor_control.egg-info/entry_points.txt
[7.955s] writing requirements to ../../build/motor_control/motor_control.egg-info/requires.txt
[7.956s] writing top-level names to ../../build/motor_control/motor_control.egg-info/top_level.txt
[8.050s] reading manifest file '../../build/motor_control/motor_control.egg-info/SOURCES.txt'
[8.050s] adding license file 'LICENSE'
[8.052s] writing manifest file '../../build/motor_control/motor_control.egg-info/SOURCES.txt'
[8.057s] running build
[8.057s] running build_py
[8.057s] copying motor_control/joint1_node.py -> /home/raspi-earth/project_ws/build/motor_control/build/lib/motor_control
[8.057s] running install
[8.079s] running install_lib
[8.152s] copying /home/raspi-earth/project_ws/build/motor_control/build/lib/motor_control/joint1_node.py -> /home/raspi-earth/project_ws/install/motor_control/lib/python3.11/site-packages/motor_control
[8.156s] byte-compiling /home/raspi-earth/project_ws/install/motor_control/lib/python3.11/site-packages/motor_control/joint1_node.py to joint1_node.cpython-311.pyc
[8.158s] running install_data
[8.158s] running install_egg_info
[8.293s] removing '/home/raspi-earth/project_ws/install/motor_control/lib/python3.11/site-packages/motor_control-0.0.0-py3.11.egg-info' (and everything under it)
[8.294s] Copying ../../build/motor_control/motor_control.egg-info to /home/raspi-earth/project_ws/install/motor_control/lib/python3.11/site-packages/motor_control-0.0.0-py3.11.egg-info
[8.297s] running install_scripts
[8.576s] Installing joint1_node script to /home/raspi-earth/project_ws/install/motor_control/lib/motor_control
[8.576s] Installing servodrive script to /home/raspi-earth/project_ws/install/motor_control/lib/motor_control
[8.577s] Installing stepmotor1 script to /home/raspi-earth/project_ws/install/motor_control/lib/motor_control
[8.578s] Installing stepmotor2 script to /home/raspi-earth/project_ws/install/motor_control/lib/motor_control
[8.579s] Installing stepmotor3 script to /home/raspi-earth/project_ws/install/motor_control/lib/motor_control
[8.580s] writing list of installed files to '/home/raspi-earth/project_ws/build/motor_control/install.log'
[8.794s] Invoked command in '/home/raspi-earth/project_ws/src/motor_control' returned '0': PYTHONPATH=/home/raspi-earth/project_ws/build/motor_control/prefix_override:/usr/lib/python3/dist-packages/colcon_core/task/python/colcon_distutils_commands:/home/raspi-earth/project_ws/install/motor_control/lib/python3.11/site-packages:${PYTHONPATH} /usr/bin/python3 -W ignore:setup.py install is deprecated -W ignore:easy_install command is deprecated setup.py egg_info --egg-base ../../build/motor_control build --build-base /home/raspi-earth/project_ws/build/motor_control/build install --record /home/raspi-earth/project_ws/build/motor_control/install.log --single-version-externally-managed install_data
