[7.412s] Invoking command in '/home/raspi-earth/project_ws/src/motor_control': PYTHONPATH=/home/raspi-earth/project_ws/build/motor_control/prefix_override:/usr/lib/python3/dist-packages/colcon_core/task/python/colcon_distutils_commands:/home/raspi-earth/project_ws/install/motor_control/lib/python3.11/site-packages:${PYTHONPATH} /usr/bin/python3 -W ignore:setup.py install is deprecated -W ignore:easy_install command is deprecated setup.py egg_info --egg-base ../../build/motor_control build --build-base /home/raspi-earth/project_ws/build/motor_control/build install --record /home/raspi-earth/project_ws/build/motor_control/install.log --single-version-externally-managed install_data
[9.029s] running egg_info
[9.072s] writing ../../build/motor_control/motor_control.egg-info/PKG-INFO
[9.073s] writing dependency_links to ../../build/motor_control/motor_control.egg-info/dependency_links.txt
[9.074s] writing entry points to ../../build/motor_control/motor_control.egg-info/entry_points.txt
[9.074s] writing requirements to ../../build/motor_control/motor_control.egg-info/requires.txt
[9.074s] writing top-level names to ../../build/motor_control/motor_control.egg-info/top_level.txt
[9.229s] reading manifest file '../../build/motor_control/motor_control.egg-info/SOURCES.txt'
[9.229s] adding license file 'LICENSE'
[9.231s] writing manifest file '../../build/motor_control/motor_control.egg-info/SOURCES.txt'
[9.231s] running build
[9.231s] running build_py
[9.231s] copying motor_control/joint1_node.py -> /home/raspi-earth/project_ws/build/motor_control/build/lib/motor_control
[9.232s] running install
[9.248s] running install_lib
[9.321s] copying /home/raspi-earth/project_ws/build/motor_control/build/lib/motor_control/joint1_node.py -> /home/raspi-earth/project_ws/install/motor_control/lib/python3.11/site-packages/motor_control
[9.329s] byte-compiling /home/raspi-earth/project_ws/install/motor_control/lib/python3.11/site-packages/motor_control/joint1_node.py to joint1_node.cpython-311.pyc
[9.331s]   File "/home/raspi-earth/project_ws/install/motor_control/lib/python3.11/site-packages/motor_control/joint1_node.py", line 45
[9.331s]             self.zero_offset = 0.0
[9.334s]     ^
[9.334s] SyntaxError: invalid non-printable character U+00A0
[9.334s] 
[9.334s] running install_data
[9.334s] running install_egg_info
[9.478s] removing '/home/raspi-earth/project_ws/install/motor_control/lib/python3.11/site-packages/motor_control-0.0.0-py3.11.egg-info' (and everything under it)
[9.483s] Copying ../../build/motor_control/motor_control.egg-info to /home/raspi-earth/project_ws/install/motor_control/lib/python3.11/site-packages/motor_control-0.0.0-py3.11.egg-info
[9.487s] running install_scripts
[10.058s] Installing joint1_node script to /home/raspi-earth/project_ws/install/motor_control/lib/motor_control
[10.059s] Installing joint2_node script to /home/raspi-earth/project_ws/install/motor_control/lib/motor_control
[10.059s] Installing joint3_node script to /home/raspi-earth/project_ws/install/motor_control/lib/motor_control
[10.060s] Installing servodrive script to /home/raspi-earth/project_ws/install/motor_control/lib/motor_control
[10.061s] Installing stepmotor1 script to /home/raspi-earth/project_ws/install/motor_control/lib/motor_control
[10.061s] Installing stepmotor2 script to /home/raspi-earth/project_ws/install/motor_control/lib/motor_control
[10.061s] Installing stepmotor3 script to /home/raspi-earth/project_ws/install/motor_control/lib/motor_control
[10.062s] writing list of installed files to '/home/raspi-earth/project_ws/build/motor_control/install.log'
[10.224s] Invoked command in '/home/raspi-earth/project_ws/src/motor_control' returned '0': PYTHONPATH=/home/raspi-earth/project_ws/build/motor_control/prefix_override:/usr/lib/python3/dist-packages/colcon_core/task/python/colcon_distutils_commands:/home/raspi-earth/project_ws/install/motor_control/lib/python3.11/site-packages:${PYTHONPATH} /usr/bin/python3 -W ignore:setup.py install is deprecated -W ignore:easy_install command is deprecated setup.py egg_info --egg-base ../../build/motor_control build --build-base /home/raspi-earth/project_ws/build/motor_control/build install --record /home/raspi-earth/project_ws/build/motor_control/install.log --single-version-externally-managed install_data
