[4.750s] Invoking command in '/home/raspi-earth/project_ws/src/motor_control': PYTHONPATH=/home/raspi-earth/project_ws/build/motor_control/prefix_override:/usr/lib/python3/dist-packages/colcon_core/task/python/colcon_distutils_commands:/home/raspi-earth/project_ws/install/motor_control/lib/python3.11/site-packages:${PYTHONPATH} /usr/bin/python3 -W ignore:setup.py install is deprecated -W ignore:easy_install command is deprecated setup.py egg_info --egg-base ../../build/motor_control build --build-base /home/raspi-earth/project_ws/build/motor_control/build install --record /home/raspi-earth/project_ws/build/motor_control/install.log --single-version-externally-managed install_data
[5.720s] running egg_info
[5.721s] creating ../../build/motor_control/motor_control.egg-info
[5.757s] writing ../../build/motor_control/motor_control.egg-info/PKG-INFO
[5.757s] writing dependency_links to ../../build/motor_control/motor_control.egg-info/dependency_links.txt
[5.758s] writing entry points to ../../build/motor_control/motor_control.egg-info/entry_points.txt
[5.758s] writing requirements to ../../build/motor_control/motor_control.egg-info/requires.txt
[5.758s] writing top-level names to ../../build/motor_control/motor_control.egg-info/top_level.txt
[5.758s] writing manifest file '../../build/motor_control/motor_control.egg-info/SOURCES.txt'
[5.834s] reading manifest file '../../build/motor_control/motor_control.egg-info/SOURCES.txt'
[5.835s] adding license file 'LICENSE'
[5.835s] writing manifest file '../../build/motor_control/motor_control.egg-info/SOURCES.txt'
[5.835s] running build
[5.835s] running build_py
[5.836s] creating /home/raspi-earth/project_ws/build/motor_control/build
[5.836s] creating /home/raspi-earth/project_ws/build/motor_control/build/lib
[5.836s] creating /home/raspi-earth/project_ws/build/motor_control/build/lib/motor_control
[5.836s] copying motor_control/servo_driver_i2c.py -> /home/raspi-earth/project_ws/build/motor_control/build/lib/motor_control
[5.836s] copying motor_control/stepper_joint2.py -> /home/raspi-earth/project_ws/build/motor_control/build/lib/motor_control
[5.836s] copying motor_control/stepper_joint1.py -> /home/raspi-earth/project_ws/build/motor_control/build/lib/motor_control
[5.836s] copying motor_control/__init__.py -> /home/raspi-earth/project_ws/build/motor_control/build/lib/motor_control
[5.837s] copying motor_control/stepper_joint3.py -> /home/raspi-earth/project_ws/build/motor_control/build/lib/motor_control
[5.837s] running install
[5.847s] running install_lib
[5.885s] creating /home/raspi-earth/project_ws/install/motor_control/lib/python3.11/site-packages/motor_control
[5.885s] copying /home/raspi-earth/project_ws/build/motor_control/build/lib/motor_control/servo_driver_i2c.py -> /home/raspi-earth/project_ws/install/motor_control/lib/python3.11/site-packages/motor_control
[5.885s] copying /home/raspi-earth/project_ws/build/motor_control/build/lib/motor_control/stepper_joint2.py -> /home/raspi-earth/project_ws/install/motor_control/lib/python3.11/site-packages/motor_control
[5.885s] copying /home/raspi-earth/project_ws/build/motor_control/build/lib/motor_control/stepper_joint1.py -> /home/raspi-earth/project_ws/install/motor_control/lib/python3.11/site-packages/motor_control
[5.885s] copying /home/raspi-earth/project_ws/build/motor_control/build/lib/motor_control/__init__.py -> /home/raspi-earth/project_ws/install/motor_control/lib/python3.11/site-packages/motor_control
[5.886s] copying /home/raspi-earth/project_ws/build/motor_control/build/lib/motor_control/stepper_joint3.py -> /home/raspi-earth/project_ws/install/motor_control/lib/python3.11/site-packages/motor_control
[5.889s] byte-compiling /home/raspi-earth/project_ws/install/motor_control/lib/python3.11/site-packages/motor_control/servo_driver_i2c.py to servo_driver_i2c.cpython-311.pyc
[5.892s] byte-compiling /home/raspi-earth/project_ws/install/motor_control/lib/python3.11/site-packages/motor_control/stepper_joint2.py to stepper_joint2.cpython-311.pyc
[5.893s] byte-compiling /home/raspi-earth/project_ws/install/motor_control/lib/python3.11/site-packages/motor_control/stepper_joint1.py to stepper_joint1.cpython-311.pyc
[5.895s] byte-compiling /home/raspi-earth/project_ws/install/motor_control/lib/python3.11/site-packages/motor_control/__init__.py to __init__.cpython-311.pyc
[5.895s] byte-compiling /home/raspi-earth/project_ws/install/motor_control/lib/python3.11/site-packages/motor_control/stepper_joint3.py to stepper_joint3.cpython-311.pyc
[5.896s] running install_data
[5.896s] creating /home/raspi-earth/project_ws/install/motor_control/share/ament_index
[5.896s] creating /home/raspi-earth/project_ws/install/motor_control/share/ament_index/resource_index
[5.896s] creating /home/raspi-earth/project_ws/install/motor_control/share/ament_index/resource_index/packages
[5.896s] copying resource/motor_control -> /home/raspi-earth/project_ws/install/motor_control/share/ament_index/resource_index/packages
[5.897s] copying package.xml -> /home/raspi-earth/project_ws/install/motor_control/share/motor_control
[5.897s] running install_egg_info
[6.004s] Copying ../../build/motor_control/motor_control.egg-info to /home/raspi-earth/project_ws/install/motor_control/lib/python3.11/site-packages/motor_control-0.0.0-py3.11.egg-info
[6.005s] running install_scripts
[6.161s] Installing servodrive script to /home/raspi-earth/project_ws/install/motor_control/lib/motor_control
[6.162s] Installing stepmotor1 script to /home/raspi-earth/project_ws/install/motor_control/lib/motor_control
[6.162s] Installing stepmotor2 script to /home/raspi-earth/project_ws/install/motor_control/lib/motor_control
[6.162s] Installing stepmotor3 script to /home/raspi-earth/project_ws/install/motor_control/lib/motor_control
[6.163s] writing list of installed files to '/home/raspi-earth/project_ws/build/motor_control/install.log'
[6.357s] Invoked command in '/home/raspi-earth/project_ws/src/motor_control' returned '0': PYTHONPATH=/home/raspi-earth/project_ws/build/motor_control/prefix_override:/usr/lib/python3/dist-packages/colcon_core/task/python/colcon_distutils_commands:/home/raspi-earth/project_ws/install/motor_control/lib/python3.11/site-packages:${PYTHONPATH} /usr/bin/python3 -W ignore:setup.py install is deprecated -W ignore:easy_install command is deprecated setup.py egg_info --egg-base ../../build/motor_control build --build-base /home/raspi-earth/project_ws/build/motor_control/build install --record /home/raspi-earth/project_ws/build/motor_control/install.log --single-version-externally-managed install_data
