[5.842s] Invoking command in '/home/raspi-earth/project_ws/src/encoder_unit': PYTHONPATH=/home/raspi-earth/project_ws/build/encoder_unit/prefix_override:/usr/lib/python3/dist-packages/colcon_core/task/python/colcon_distutils_commands:/home/raspi-earth/project_ws/install/encoder_unit/lib/python3.11/site-packages:${PYTHONPATH} /usr/bin/python3 -W ignore:setup.py install is deprecated -W ignore:easy_install command is deprecated setup.py egg_info --egg-base ../../build/encoder_unit build --build-base /home/raspi-earth/project_ws/build/encoder_unit/build install --record /home/raspi-earth/project_ws/build/encoder_unit/install.log --single-version-externally-managed install_data
[6.968s] running egg_info
[7.008s] writing ../../build/encoder_unit/encoder_unit.egg-info/PKG-INFO
[7.008s] writing dependency_links to ../../build/encoder_unit/encoder_unit.egg-info/dependency_links.txt
[7.010s] writing entry points to ../../build/encoder_unit/encoder_unit.egg-info/entry_points.txt
[7.012s] writing requirements to ../../build/encoder_unit/encoder_unit.egg-info/requires.txt
[7.012s] writing top-level names to ../../build/encoder_unit/encoder_unit.egg-info/top_level.txt
[7.098s] reading manifest file '../../build/encoder_unit/encoder_unit.egg-info/SOURCES.txt'
[7.098s] adding license file 'LICENSE'
[7.099s] writing manifest file '../../build/encoder_unit/encoder_unit.egg-info/SOURCES.txt'
[7.099s] running build
[7.099s] running build_py
[7.100s] running install
[7.112s] running install_lib
[7.160s] running install_data
[7.160s] running install_egg_info
[7.271s] removing '/home/raspi-earth/project_ws/install/encoder_unit/lib/python3.11/site-packages/encoder_unit-0.0.0-py3.11.egg-info' (and everything under it)
[7.271s] Copying ../../build/encoder_unit/encoder_unit.egg-info to /home/raspi-earth/project_ws/install/encoder_unit/lib/python3.11/site-packages/encoder_unit-0.0.0-py3.11.egg-info
[7.273s] running install_scripts
[7.467s] Installing as5600_1 script to /home/raspi-earth/project_ws/install/encoder_unit/lib/encoder_unit
[7.468s] Installing as5600_2 script to /home/raspi-earth/project_ws/install/encoder_unit/lib/encoder_unit
[7.469s] Installing as5600_3 script to /home/raspi-earth/project_ws/install/encoder_unit/lib/encoder_unit
[7.470s] Installing as5600_4 script to /home/raspi-earth/project_ws/install/encoder_unit/lib/encoder_unit
[7.471s] Installing as5600_5 script to /home/raspi-earth/project_ws/install/encoder_unit/lib/encoder_unit
[7.472s] Installing limit_1 script to /home/raspi-earth/project_ws/install/encoder_unit/lib/encoder_unit
[7.472s] Installing limit_2 script to /home/raspi-earth/project_ws/install/encoder_unit/lib/encoder_unit
[7.473s] Installing limit_3 script to /home/raspi-earth/project_ws/install/encoder_unit/lib/encoder_unit
[7.474s] Installing limit_4 script to /home/raspi-earth/project_ws/install/encoder_unit/lib/encoder_unit
[7.475s] Installing limit_5 script to /home/raspi-earth/project_ws/install/encoder_unit/lib/encoder_unit
[7.476s] writing list of installed files to '/home/raspi-earth/project_ws/build/encoder_unit/install.log'
[7.660s] Invoked command in '/home/raspi-earth/project_ws/src/encoder_unit' returned '0': PYTHONPATH=/home/raspi-earth/project_ws/build/encoder_unit/prefix_override:/usr/lib/python3/dist-packages/colcon_core/task/python/colcon_distutils_commands:/home/raspi-earth/project_ws/install/encoder_unit/lib/python3.11/site-packages:${PYTHONPATH} /usr/bin/python3 -W ignore:setup.py install is deprecated -W ignore:easy_install command is deprecated setup.py egg_info --egg-base ../../build/encoder_unit build --build-base /home/raspi-earth/project_ws/build/encoder_unit/build install --record /home/raspi-earth/project_ws/build/encoder_unit/install.log --single-version-externally-managed install_data
