[6.447s] Invoking command in '/home/raspi-earth/project_ws/build/encoder_unit': PYTHONPATH=/home/raspi-earth/project_ws/build/encoder_unit/prefix_override:/usr/lib/python3/dist-packages/colcon_core/task/python/colcon_distutils_commands:/home/raspi-earth/project_ws/install/encoder_unit/lib/python3.11/site-packages:${PYTHONPATH} /usr/bin/python3 -W ignore:setup.py install is deprecated -W ignore:easy_install command is deprecated setup.py develop --editable --build-directory /home/raspi-earth/project_ws/build/encoder_unit/build --no-deps symlink_data --force
[7.948s] running develop
[8.693s] running egg_info
[8.750s] writing encoder_unit.egg-info/PKG-INFO
[8.751s] writing dependency_links to encoder_unit.egg-info/dependency_links.txt
[8.752s] writing entry points to encoder_unit.egg-info/entry_points.txt
[8.753s] writing requirements to encoder_unit.egg-info/requires.txt
[8.753s] writing top-level names to encoder_unit.egg-info/top_level.txt
[8.851s] reading manifest file 'encoder_unit.egg-info/SOURCES.txt'
[8.853s] writing manifest file 'encoder_unit.egg-info/SOURCES.txt'
[8.952s] running build_ext
[8.952s] Creating /home/raspi-earth/project_ws/install/encoder_unit/lib/python3.11/site-packages/encoder-unit.egg-link (link to .)
[8.953s] Installing as5600_1 script to /home/raspi-earth/project_ws/install/encoder_unit/lib/encoder_unit
[8.954s] Installing as5600_2 script to /home/raspi-earth/project_ws/install/encoder_unit/lib/encoder_unit
[8.954s] Installing as5600_3 script to /home/raspi-earth/project_ws/install/encoder_unit/lib/encoder_unit
[8.955s] Installing as5600_4 script to /home/raspi-earth/project_ws/install/encoder_unit/lib/encoder_unit
[8.955s] Installing as5600_5 script to /home/raspi-earth/project_ws/install/encoder_unit/lib/encoder_unit
[8.956s] Installing limit script to /home/raspi-earth/project_ws/install/encoder_unit/lib/encoder_unit
[8.957s] 
[8.957s] Installed /home/raspi-earth/project_ws/build/encoder_unit
[8.957s] running symlink_data
[8.958s] symbolically linking /home/raspi-earth/project_ws/build/encoder_unit/resource/encoder_unit -> /home/raspi-earth/project_ws/install/encoder_unit/share/ament_index/resource_index/packages
[8.958s] symbolically linking /home/raspi-earth/project_ws/build/encoder_unit/package.xml -> /home/raspi-earth/project_ws/install/encoder_unit/share/encoder_unit
[9.252s] Invoked command in '/home/raspi-earth/project_ws/build/encoder_unit' returned '0': PYTHONPATH=/home/raspi-earth/project_ws/build/encoder_unit/prefix_override:/usr/lib/python3/dist-packages/colcon_core/task/python/colcon_distutils_commands:/home/raspi-earth/project_ws/install/encoder_unit/lib/python3.11/site-packages:${PYTHONPATH} /usr/bin/python3 -W ignore:setup.py install is deprecated -W ignore:easy_install command is deprecated setup.py develop --editable --build-directory /home/raspi-earth/project_ws/build/encoder_unit/build --no-deps symlink_data --force
