[11.511s] Invoking command in '/home/raspi-earth/project_ws/src/launch_project': PYTHONPATH=/home/raspi-earth/project_ws/build/launch_project/prefix_override:/usr/lib/python3/dist-packages/colcon_core/task/python/colcon_distutils_commands:/home/raspi-earth/project_ws/install/launch_project/lib/python3.11/site-packages:${PYTHONPATH} /usr/bin/python3 -W ignore:setup.py install is deprecated -W ignore:easy_install command is deprecated setup.py egg_info --egg-base ../../build/launch_project build --build-base /home/raspi-earth/project_ws/build/launch_project/build install --record /home/raspi-earth/project_ws/build/launch_project/install.log --single-version-externally-managed install_data
[13.835s] running egg_info
[13.886s] writing ../../build/launch_project/launch_project.egg-info/PKG-INFO
[13.889s] writing dependency_links to ../../build/launch_project/launch_project.egg-info/dependency_links.txt
[13.889s] writing requirements to ../../build/launch_project/launch_project.egg-info/requires.txt
[13.890s] writing top-level names to ../../build/launch_project/launch_project.egg-info/top_level.txt
[14.037s] reading manifest file '../../build/launch_project/launch_project.egg-info/SOURCES.txt'
[14.039s] adding license file 'LICENSE'
[14.039s] writing manifest file '../../build/launch_project/launch_project.egg-info/SOURCES.txt'
[14.040s] running build
[14.040s] running build_py
[14.042s] running install
[14.053s] running install_lib
[14.133s] running install_data
[14.134s] running install_egg_info
[14.324s] removing '/home/raspi-earth/project_ws/install/launch_project/lib/python3.11/site-packages/launch_project-0.0.0-py3.11.egg-info' (and everything under it)
[14.330s] Copying ../../build/launch_project/launch_project.egg-info to /home/raspi-earth/project_ws/install/launch_project/lib/python3.11/site-packages/launch_project-0.0.0-py3.11.egg-info
[14.330s] running install_scripts
[14.589s] writing list of installed files to '/home/raspi-earth/project_ws/build/launch_project/install.log'
[14.802s] Invoked command in '/home/raspi-earth/project_ws/src/launch_project' returned '0': PYTHONPATH=/home/raspi-earth/project_ws/build/launch_project/prefix_override:/usr/lib/python3/dist-packages/colcon_core/task/python/colcon_distutils_commands:/home/raspi-earth/project_ws/install/launch_project/lib/python3.11/site-packages:${PYTHONPATH} /usr/bin/python3 -W ignore:setup.py install is deprecated -W ignore:easy_install command is deprecated setup.py egg_info --egg-base ../../build/launch_project build --build-base /home/raspi-earth/project_ws/build/launch_project/build install --record /home/raspi-earth/project_ws/build/launch_project/install.log --single-version-externally-managed install_data
