[7.420s] Invoking command in '/home/raspi-earth/project_ws/src/encoder_unit': PYTHONPATH=/home/raspi-earth/project_ws/build/encoder_unit/prefix_override:/usr/lib/python3/dist-packages/colcon_core/task/python/colcon_distutils_commands:/home/raspi-earth/project_ws/install/encoder_unit/lib/python3.11/site-packages:${PYTHONPATH} /usr/bin/python3 -W ignore:setup.py install is deprecated -W ignore:easy_install command is deprecated setup.py egg_info --egg-base ../../build/encoder_unit build --build-base /home/raspi-earth/project_ws/build/encoder_unit/build install --record /home/raspi-earth/project_ws/build/encoder_unit/install.log --single-version-externally-managed install_data
[8.957s] running egg_info
[8.998s] writing ../../build/encoder_unit/encoder_unit.egg-info/PKG-INFO
[8.999s] writing dependency_links to ../../build/encoder_unit/encoder_unit.egg-info/dependency_links.txt
[9.001s] writing entry points to ../../build/encoder_unit/encoder_unit.egg-info/entry_points.txt
[9.002s] writing requirements to ../../build/encoder_unit/encoder_unit.egg-info/requires.txt
[9.002s] writing top-level names to ../../build/encoder_unit/encoder_unit.egg-info/top_level.txt
[9.155s] reading manifest file '../../build/encoder_unit/encoder_unit.egg-info/SOURCES.txt'
[9.156s] adding license file 'LICENSE'
[9.157s] writing manifest file '../../build/encoder_unit/encoder_unit.egg-info/SOURCES.txt'
[9.163s] running build
[9.163s] running build_py
[9.163s] running install
[9.170s] running install_lib
[9.231s] running install_data
[9.235s] running install_egg_info
[9.386s] removing '/home/raspi-earth/project_ws/install/encoder_unit/lib/python3.11/site-packages/encoder_unit-0.0.0-py3.11.egg-info' (and everything under it)
[9.392s] Copying ../../build/encoder_unit/encoder_unit.egg-info to /home/raspi-earth/project_ws/install/encoder_unit/lib/python3.11/site-packages/encoder_unit-0.0.0-py3.11.egg-info
[9.393s] running install_scripts
[9.677s] Installing as5600_1 script to /home/raspi-earth/project_ws/install/encoder_unit/lib/encoder_unit
[9.678s] Installing as5600_2 script to /home/raspi-earth/project_ws/install/encoder_unit/lib/encoder_unit
[9.679s] Installing as5600_3 script to /home/raspi-earth/project_ws/install/encoder_unit/lib/encoder_unit
[9.680s] Installing as5600_4 script to /home/raspi-earth/project_ws/install/encoder_unit/lib/encoder_unit
[9.680s] Installing as5600_5 script to /home/raspi-earth/project_ws/install/encoder_unit/lib/encoder_unit
[9.681s] Installing limit script to /home/raspi-earth/project_ws/install/encoder_unit/lib/encoder_unit
[9.682s] writing list of installed files to '/home/raspi-earth/project_ws/build/encoder_unit/install.log'
[9.907s] Invoked command in '/home/raspi-earth/project_ws/src/encoder_unit' returned '0': PYTHONPATH=/home/raspi-earth/project_ws/build/encoder_unit/prefix_override:/usr/lib/python3/dist-packages/colcon_core/task/python/colcon_distutils_commands:/home/raspi-earth/project_ws/install/encoder_unit/lib/python3.11/site-packages:${PYTHONPATH} /usr/bin/python3 -W ignore:setup.py install is deprecated -W ignore:easy_install command is deprecated setup.py egg_info --egg-base ../../build/encoder_unit build --build-base /home/raspi-earth/project_ws/build/encoder_unit/build install --record /home/raspi-earth/project_ws/build/encoder_unit/install.log --single-version-externally-managed install_data
