[7.837s] Invoking command in '/home/raspi-earth/project_ws/src/processor_unit': PYTHONPATH=/home/raspi-earth/project_ws/build/processor_unit/prefix_override:/usr/lib/python3/dist-packages/colcon_core/task/python/colcon_distutils_commands:/home/raspi-earth/project_ws/install/processor_unit/lib/python3.11/site-packages:${PYTHONPATH} /usr/bin/python3 -W ignore:setup.py install is deprecated -W ignore:easy_install command is deprecated setup.py egg_info --egg-base ../../build/processor_unit build --build-base /home/raspi-earth/project_ws/build/processor_unit/build install --record /home/raspi-earth/project_ws/build/processor_unit/install.log --single-version-externally-managed install_data
[9.418s] running egg_info
[9.462s] writing ../../build/processor_unit/processor_unit.egg-info/PKG-INFO
[9.463s] writing dependency_links to ../../build/processor_unit/processor_unit.egg-info/dependency_links.txt
[9.464s] writing entry points to ../../build/processor_unit/processor_unit.egg-info/entry_points.txt
[9.465s] writing requirements to ../../build/processor_unit/processor_unit.egg-info/requires.txt
[9.467s] writing top-level names to ../../build/processor_unit/processor_unit.egg-info/top_level.txt
[9.611s] reading manifest file '../../build/processor_unit/processor_unit.egg-info/SOURCES.txt'
[9.611s] adding license file 'LICENSE'
[9.611s] writing manifest file '../../build/processor_unit/processor_unit.egg-info/SOURCES.txt'
[9.611s] running build
[9.611s] running build_py
[9.616s] running install
[9.632s] running install_lib
[9.682s] running install_data
[9.685s] running install_egg_info
[9.840s] removing '/home/raspi-earth/project_ws/install/processor_unit/lib/python3.11/site-packages/processor_unit-0.0.0-py3.11.egg-info' (and everything under it)
[9.840s] Copying ../../build/processor_unit/processor_unit.egg-info to /home/raspi-earth/project_ws/install/processor_unit/lib/python3.11/site-packages/processor_unit-0.0.0-py3.11.egg-info
[9.840s] running install_scripts
[10.104s] Installing main_processor script to /home/raspi-earth/project_ws/install/processor_unit/lib/processor_unit
[10.104s] writing list of installed files to '/home/raspi-earth/project_ws/build/processor_unit/install.log'
[10.333s] Invoked command in '/home/raspi-earth/project_ws/src/processor_unit' returned '0': PYTHONPATH=/home/raspi-earth/project_ws/build/processor_unit/prefix_override:/usr/lib/python3/dist-packages/colcon_core/task/python/colcon_distutils_commands:/home/raspi-earth/project_ws/install/processor_unit/lib/python3.11/site-packages:${PYTHONPATH} /usr/bin/python3 -W ignore:setup.py install is deprecated -W ignore:easy_install command is deprecated setup.py egg_info --egg-base ../../build/processor_unit build --build-base /home/raspi-earth/project_ws/build/processor_unit/build install --record /home/raspi-earth/project_ws/build/processor_unit/install.log --single-version-externally-managed install_data
