[6.860s] Invoking command in '/home/raspi-earth/project_ws/src/motor_control': PYTHONPATH=/home/raspi-earth/project_ws/build/motor_control/prefix_override:/usr/lib/python3/dist-packages/colcon_core/task/python/colcon_distutils_commands:/home/raspi-earth/project_ws/install/motor_control/lib/python3.11/site-packages:${PYTHONPATH} /usr/bin/python3 -W ignore:setup.py install is deprecated -W ignore:easy_install command is deprecated setup.py egg_info --egg-base ../../build/motor_control build --build-base /home/raspi-earth/project_ws/build/motor_control/build install --record /home/raspi-earth/project_ws/build/motor_control/install.log --single-version-externally-managed install_data
[8.324s] running egg_info
[8.366s] writing ../../build/motor_control/motor_control.egg-info/PKG-INFO
[8.367s] writing dependency_links to ../../build/motor_control/motor_control.egg-info/dependency_links.txt
[8.368s] writing entry points to ../../build/motor_control/motor_control.egg-info/entry_points.txt
[8.368s] writing requirements to ../../build/motor_control/motor_control.egg-info/requires.txt
[8.369s] writing top-level names to ../../build/motor_control/motor_control.egg-info/top_level.txt
[8.524s] reading manifest file '../../build/motor_control/motor_control.egg-info/SOURCES.txt'
[8.524s] adding license file 'LICENSE'
[8.524s] writing manifest file '../../build/motor_control/motor_control.egg-info/SOURCES.txt'
[8.524s] running build
[8.524s] running build_py
[8.524s] copying motor_control/stepper_joint1.py -> /home/raspi-earth/project_ws/build/motor_control/build/lib/motor_control
[8.524s] copying motor_control/joint1_node.py -> /home/raspi-earth/project_ws/build/motor_control/build/lib/motor_control
[8.524s] running install
[8.542s] running install_lib
[8.598s] copying /home/raspi-earth/project_ws/build/motor_control/build/lib/motor_control/stepper_joint1.py -> /home/raspi-earth/project_ws/install/motor_control/lib/python3.11/site-packages/motor_control
[8.599s] copying /home/raspi-earth/project_ws/build/motor_control/build/lib/motor_control/joint1_node.py -> /home/raspi-earth/project_ws/install/motor_control/lib/python3.11/site-packages/motor_control
[8.606s] byte-compiling /home/raspi-earth/project_ws/install/motor_control/lib/python3.11/site-packages/motor_control/stepper_joint1.py to stepper_joint1.cpython-311.pyc
[8.610s] byte-compiling /home/raspi-earth/project_ws/install/motor_control/lib/python3.11/site-packages/motor_control/joint1_node.py to joint1_node.cpython-311.pyc
[8.615s] running install_data
[8.616s] running install_egg_info
[8.756s] removing '/home/raspi-earth/project_ws/install/motor_control/lib/python3.11/site-packages/motor_control-0.0.0-py3.11.egg-info' (and everything under it)
[8.757s] Copying ../../build/motor_control/motor_control.egg-info to /home/raspi-earth/project_ws/install/motor_control/lib/python3.11/site-packages/motor_control-0.0.0-py3.11.egg-info
[8.758s] running install_scripts
[9.096s] Installing joint1_node script to /home/raspi-earth/project_ws/install/motor_control/lib/motor_control
[9.096s] Installing joint2_node script to /home/raspi-earth/project_ws/install/motor_control/lib/motor_control
[9.100s] Installing joint3_node script to /home/raspi-earth/project_ws/install/motor_control/lib/motor_control
[9.100s] Installing servodrive script to /home/raspi-earth/project_ws/install/motor_control/lib/motor_control
[9.100s] Installing stepmotor1 script to /home/raspi-earth/project_ws/install/motor_control/lib/motor_control
[9.101s] Installing stepmotor2 script to /home/raspi-earth/project_ws/install/motor_control/lib/motor_control
[9.102s] Installing stepmotor3 script to /home/raspi-earth/project_ws/install/motor_control/lib/motor_control
[9.106s] writing list of installed files to '/home/raspi-earth/project_ws/build/motor_control/install.log'
[9.296s] Invoked command in '/home/raspi-earth/project_ws/src/motor_control' returned '0': PYTHONPATH=/home/raspi-earth/project_ws/build/motor_control/prefix_override:/usr/lib/python3/dist-packages/colcon_core/task/python/colcon_distutils_commands:/home/raspi-earth/project_ws/install/motor_control/lib/python3.11/site-packages:${PYTHONPATH} /usr/bin/python3 -W ignore:setup.py install is deprecated -W ignore:easy_install command is deprecated setup.py egg_info --egg-base ../../build/motor_control build --build-base /home/raspi-earth/project_ws/build/motor_control/build install --record /home/raspi-earth/project_ws/build/motor_control/install.log --single-version-externally-managed install_data
