[7.128s] Invoking command in '/home/raspi-earth/project_ws/src/encoder_unit': PYTHONPATH=/home/raspi-earth/project_ws/build/encoder_unit/prefix_override:/usr/lib/python3/dist-packages/colcon_core/task/python/colcon_distutils_commands:/home/raspi-earth/project_ws/install/encoder_unit/lib/python3.11/site-packages:${PYTHONPATH} /usr/bin/python3 -W ignore:setup.py install is deprecated -W ignore:easy_install command is deprecated setup.py egg_info --egg-base ../../build/encoder_unit build --build-base /home/raspi-earth/project_ws/build/encoder_unit/build install --record /home/raspi-earth/project_ws/build/encoder_unit/install.log --single-version-externally-managed install_data
[8.642s] running egg_info
[8.722s] writing ../../build/encoder_unit/encoder_unit.egg-info/PKG-INFO
[8.723s] writing dependency_links to ../../build/encoder_unit/encoder_unit.egg-info/dependency_links.txt
[8.726s] writing entry points to ../../build/encoder_unit/encoder_unit.egg-info/entry_points.txt
[8.728s] writing requirements to ../../build/encoder_unit/encoder_unit.egg-info/requires.txt
[8.729s] writing top-level names to ../../build/encoder_unit/encoder_unit.egg-info/top_level.txt
[8.829s] reading manifest file '../../build/encoder_unit/encoder_unit.egg-info/SOURCES.txt'
[8.830s] adding license file 'LICENSE'
[8.830s] writing manifest file '../../build/encoder_unit/encoder_unit.egg-info/SOURCES.txt'
[8.831s] running build
[8.832s] running build_py
[8.832s] copying encoder_unit/as5600_1.py -> /home/raspi-earth/project_ws/build/encoder_unit/build/lib/encoder_unit
[8.834s] running install
[8.851s] running install_lib
[8.954s] copying /home/raspi-earth/project_ws/build/encoder_unit/build/lib/encoder_unit/as5600_1.py -> /home/raspi-earth/project_ws/install/encoder_unit/lib/python3.11/site-packages/encoder_unit
[8.956s] byte-compiling /home/raspi-earth/project_ws/install/encoder_unit/lib/python3.11/site-packages/encoder_unit/as5600_1.py to as5600_1.cpython-311.pyc
[8.957s] running install_data
[8.957s] running install_egg_info
[9.128s] removing '/home/raspi-earth/project_ws/install/encoder_unit/lib/python3.11/site-packages/encoder_unit-0.0.0-py3.11.egg-info' (and everything under it)
[9.136s] Copying ../../build/encoder_unit/encoder_unit.egg-info to /home/raspi-earth/project_ws/install/encoder_unit/lib/python3.11/site-packages/encoder_unit-0.0.0-py3.11.egg-info
[9.146s] running install_scripts
[9.378s] Installing as5600_1 script to /home/raspi-earth/project_ws/install/encoder_unit/lib/encoder_unit
[9.379s] Installing as5600_2 script to /home/raspi-earth/project_ws/install/encoder_unit/lib/encoder_unit
[9.381s] Installing as5600_3 script to /home/raspi-earth/project_ws/install/encoder_unit/lib/encoder_unit
[9.383s] Installing as5600_4 script to /home/raspi-earth/project_ws/install/encoder_unit/lib/encoder_unit
[9.383s] Installing as5600_5 script to /home/raspi-earth/project_ws/install/encoder_unit/lib/encoder_unit
[9.384s] Installing limit script to /home/raspi-earth/project_ws/install/encoder_unit/lib/encoder_unit
[9.386s] writing list of installed files to '/home/raspi-earth/project_ws/build/encoder_unit/install.log'
[9.639s] Invoked command in '/home/raspi-earth/project_ws/src/encoder_unit' returned '0': PYTHONPATH=/home/raspi-earth/project_ws/build/encoder_unit/prefix_override:/usr/lib/python3/dist-packages/colcon_core/task/python/colcon_distutils_commands:/home/raspi-earth/project_ws/install/encoder_unit/lib/python3.11/site-packages:${PYTHONPATH} /usr/bin/python3 -W ignore:setup.py install is deprecated -W ignore:easy_install command is deprecated setup.py egg_info --egg-base ../../build/encoder_unit build --build-base /home/raspi-earth/project_ws/build/encoder_unit/build install --record /home/raspi-earth/project_ws/build/encoder_unit/install.log --single-version-externally-managed install_data
