[6.440s] Invoking command in '/home/raspi-earth/project_ws/src/motor_control': PYTHONPATH=/home/raspi-earth/project_ws/build/motor_control/prefix_override:/usr/lib/python3/dist-packages/colcon_core/task/python/colcon_distutils_commands:/home/raspi-earth/project_ws/install/motor_control/lib/python3.11/site-packages:${PYTHONPATH} /usr/bin/python3 -W ignore:setup.py install is deprecated -W ignore:easy_install command is deprecated setup.py egg_info --egg-base ../../build/motor_control build --build-base /home/raspi-earth/project_ws/build/motor_control/build install --record /home/raspi-earth/project_ws/build/motor_control/install.log --single-version-externally-managed install_data
[7.969s] running egg_info
[8.025s] writing ../../build/motor_control/motor_control.egg-info/PKG-INFO
[8.026s] writing dependency_links to ../../build/motor_control/motor_control.egg-info/dependency_links.txt
[8.027s] writing entry points to ../../build/motor_control/motor_control.egg-info/entry_points.txt
[8.028s] writing requirements to ../../build/motor_control/motor_control.egg-info/requires.txt
[8.029s] writing top-level names to ../../build/motor_control/motor_control.egg-info/top_level.txt
[8.134s] reading manifest file '../../build/motor_control/motor_control.egg-info/SOURCES.txt'
[8.135s] adding license file 'LICENSE'
[8.137s] writing manifest file '../../build/motor_control/motor_control.egg-info/SOURCES.txt'
[8.138s] running build
[8.139s] running build_py
[8.139s] copying motor_control/joint1_node.py -> /home/raspi-earth/project_ws/build/motor_control/build/lib/motor_control
[8.141s] running install
[8.173s] running install_lib
[8.239s] copying /home/raspi-earth/project_ws/build/motor_control/build/lib/motor_control/joint1_node.py -> /home/raspi-earth/project_ws/install/motor_control/lib/python3.11/site-packages/motor_control
[8.243s] byte-compiling /home/raspi-earth/project_ws/install/motor_control/lib/python3.11/site-packages/motor_control/joint1_node.py to joint1_node.cpython-311.pyc
[8.247s] running install_data
[8.249s] running install_egg_info
[8.393s] removing '/home/raspi-earth/project_ws/install/motor_control/lib/python3.11/site-packages/motor_control-0.0.0-py3.11.egg-info' (and everything under it)
[8.394s] Copying ../../build/motor_control/motor_control.egg-info to /home/raspi-earth/project_ws/install/motor_control/lib/python3.11/site-packages/motor_control-0.0.0-py3.11.egg-info
[8.395s] running install_scripts
[8.644s] Installing joint1_node script to /home/raspi-earth/project_ws/install/motor_control/lib/motor_control
[8.645s] Installing servodrive script to /home/raspi-earth/project_ws/install/motor_control/lib/motor_control
[8.646s] Installing stepmotor1 script to /home/raspi-earth/project_ws/install/motor_control/lib/motor_control
[8.647s] Installing stepmotor2 script to /home/raspi-earth/project_ws/install/motor_control/lib/motor_control
[8.648s] Installing stepmotor3 script to /home/raspi-earth/project_ws/install/motor_control/lib/motor_control
[8.653s] writing list of installed files to '/home/raspi-earth/project_ws/build/motor_control/install.log'
[8.873s] Invoked command in '/home/raspi-earth/project_ws/src/motor_control' returned '0': PYTHONPATH=/home/raspi-earth/project_ws/build/motor_control/prefix_override:/usr/lib/python3/dist-packages/colcon_core/task/python/colcon_distutils_commands:/home/raspi-earth/project_ws/install/motor_control/lib/python3.11/site-packages:${PYTHONPATH} /usr/bin/python3 -W ignore:setup.py install is deprecated -W ignore:easy_install command is deprecated setup.py egg_info --egg-base ../../build/motor_control build --build-base /home/raspi-earth/project_ws/build/motor_control/build install --record /home/raspi-earth/project_ws/build/motor_control/install.log --single-version-externally-managed install_data
