[10.803s] Invoking command in '/home/raspi-earth/project_ws/src/encoder_unit': PYTHONPATH=/home/raspi-earth/project_ws/build/encoder_unit/prefix_override:/usr/lib/python3/dist-packages/colcon_core/task/python/colcon_distutils_commands:/home/raspi-earth/project_ws/install/encoder_unit/lib/python3.11/site-packages:${PYTHONPATH} /usr/bin/python3 -W ignore:setup.py install is deprecated -W ignore:easy_install command is deprecated setup.py egg_info --egg-base ../../build/encoder_unit build --build-base /home/raspi-earth/project_ws/build/encoder_unit/build install --record /home/raspi-earth/project_ws/build/encoder_unit/install.log --single-version-externally-managed install_data
[13.554s] running egg_info
[13.653s] writing ../../build/encoder_unit/encoder_unit.egg-info/PKG-INFO
[13.655s] writing dependency_links to ../../build/encoder_unit/encoder_unit.egg-info/dependency_links.txt
[13.655s] writing entry points to ../../build/encoder_unit/encoder_unit.egg-info/entry_points.txt
[13.656s] writing requirements to ../../build/encoder_unit/encoder_unit.egg-info/requires.txt
[13.657s] writing top-level names to ../../build/encoder_unit/encoder_unit.egg-info/top_level.txt
[13.768s] reading manifest file '../../build/encoder_unit/encoder_unit.egg-info/SOURCES.txt'
[13.768s] adding license file 'LICENSE'
[13.769s] writing manifest file '../../build/encoder_unit/encoder_unit.egg-info/SOURCES.txt'
[13.769s] running build
[13.769s] running build_py
[13.770s] running install
[13.782s] running install_lib
[13.836s] running install_data
[13.840s] running install_egg_info
[13.965s] removing '/home/raspi-earth/project_ws/install/encoder_unit/lib/python3.11/site-packages/encoder_unit-0.0.0-py3.11.egg-info' (and everything under it)
[13.971s] Copying ../../build/encoder_unit/encoder_unit.egg-info to /home/raspi-earth/project_ws/install/encoder_unit/lib/python3.11/site-packages/encoder_unit-0.0.0-py3.11.egg-info
[13.972s] running install_scripts
[14.272s] Installing as5600_1 script to /home/raspi-earth/project_ws/install/encoder_unit/lib/encoder_unit
[14.273s] Installing as5600_2 script to /home/raspi-earth/project_ws/install/encoder_unit/lib/encoder_unit
[14.274s] Installing as5600_3 script to /home/raspi-earth/project_ws/install/encoder_unit/lib/encoder_unit
[14.275s] Installing as5600_4 script to /home/raspi-earth/project_ws/install/encoder_unit/lib/encoder_unit
[14.276s] Installing as5600_5 script to /home/raspi-earth/project_ws/install/encoder_unit/lib/encoder_unit
[14.276s] Installing limit script to /home/raspi-earth/project_ws/install/encoder_unit/lib/encoder_unit
[14.278s] writing list of installed files to '/home/raspi-earth/project_ws/build/encoder_unit/install.log'
[14.483s] Invoked command in '/home/raspi-earth/project_ws/src/encoder_unit' returned '0': PYTHONPATH=/home/raspi-earth/project_ws/build/encoder_unit/prefix_override:/usr/lib/python3/dist-packages/colcon_core/task/python/colcon_distutils_commands:/home/raspi-earth/project_ws/install/encoder_unit/lib/python3.11/site-packages:${PYTHONPATH} /usr/bin/python3 -W ignore:setup.py install is deprecated -W ignore:easy_install command is deprecated setup.py egg_info --egg-base ../../build/encoder_unit build --build-base /home/raspi-earth/project_ws/build/encoder_unit/build install --record /home/raspi-earth/project_ws/build/encoder_unit/install.log --single-version-externally-managed install_data
