[7.409s] Invoking command in '/home/raspi-earth/project_ws/src/motor_control': PYTHONPATH=/home/raspi-earth/project_ws/build/motor_control/prefix_override:/usr/lib/python3/dist-packages/colcon_core/task/python/colcon_distutils_commands:/home/raspi-earth/project_ws/install/motor_control/lib/python3.11/site-packages:${PYTHONPATH} /usr/bin/python3 -W ignore:setup.py install is deprecated -W ignore:easy_install command is deprecated setup.py egg_info --egg-base ../../build/motor_control build --build-base /home/raspi-earth/project_ws/build/motor_control/build install --record /home/raspi-earth/project_ws/build/motor_control/install.log --single-version-externally-managed install_data
[8.886s] running egg_info
[8.929s] writing ../../build/motor_control/motor_control.egg-info/PKG-INFO
[8.930s] writing dependency_links to ../../build/motor_control/motor_control.egg-info/dependency_links.txt
[8.931s] writing entry points to ../../build/motor_control/motor_control.egg-info/entry_points.txt
[8.932s] writing requirements to ../../build/motor_control/motor_control.egg-info/requires.txt
[8.933s] writing top-level names to ../../build/motor_control/motor_control.egg-info/top_level.txt
[9.060s] reading manifest file '../../build/motor_control/motor_control.egg-info/SOURCES.txt'
[9.062s] adding license file 'LICENSE'
[9.066s] writing manifest file '../../build/motor_control/motor_control.egg-info/SOURCES.txt'
[9.067s] running build
[9.067s] running build_py
[9.067s] copying motor_control/joint3_node.py -> /home/raspi-earth/project_ws/build/motor_control/build/lib/motor_control
[9.070s] copying motor_control/joint1_node.py -> /home/raspi-earth/project_ws/build/motor_control/build/lib/motor_control
[9.078s] running install
[9.096s] running install_lib
[9.152s] copying /home/raspi-earth/project_ws/build/motor_control/build/lib/motor_control/joint3_node.py -> /home/raspi-earth/project_ws/install/motor_control/lib/python3.11/site-packages/motor_control
[9.152s] copying /home/raspi-earth/project_ws/build/motor_control/build/lib/motor_control/joint1_node.py -> /home/raspi-earth/project_ws/install/motor_control/lib/python3.11/site-packages/motor_control
[9.154s] byte-compiling /home/raspi-earth/project_ws/install/motor_control/lib/python3.11/site-packages/motor_control/joint3_node.py to joint3_node.cpython-311.pyc
[9.159s] byte-compiling /home/raspi-earth/project_ws/install/motor_control/lib/python3.11/site-packages/motor_control/joint1_node.py to joint1_node.cpython-311.pyc
[9.164s] running install_data
[9.164s] running install_egg_info
[9.322s] removing '/home/raspi-earth/project_ws/install/motor_control/lib/python3.11/site-packages/motor_control-0.0.0-py3.11.egg-info' (and everything under it)
[9.330s] Copying ../../build/motor_control/motor_control.egg-info to /home/raspi-earth/project_ws/install/motor_control/lib/python3.11/site-packages/motor_control-0.0.0-py3.11.egg-info
[9.332s] running install_scripts
[9.620s] Installing joint1_node script to /home/raspi-earth/project_ws/install/motor_control/lib/motor_control
[9.625s] Installing joint2_node script to /home/raspi-earth/project_ws/install/motor_control/lib/motor_control
[9.626s] Installing joint3_node script to /home/raspi-earth/project_ws/install/motor_control/lib/motor_control
[9.628s] Installing servodrive script to /home/raspi-earth/project_ws/install/motor_control/lib/motor_control
[9.629s] Installing stepmotor1 script to /home/raspi-earth/project_ws/install/motor_control/lib/motor_control
[9.637s] Installing stepmotor2 script to /home/raspi-earth/project_ws/install/motor_control/lib/motor_control
[9.639s] Installing stepmotor3 script to /home/raspi-earth/project_ws/install/motor_control/lib/motor_control
[9.640s] writing list of installed files to '/home/raspi-earth/project_ws/build/motor_control/install.log'
[9.881s] Invoked command in '/home/raspi-earth/project_ws/src/motor_control' returned '0': PYTHONPATH=/home/raspi-earth/project_ws/build/motor_control/prefix_override:/usr/lib/python3/dist-packages/colcon_core/task/python/colcon_distutils_commands:/home/raspi-earth/project_ws/install/motor_control/lib/python3.11/site-packages:${PYTHONPATH} /usr/bin/python3 -W ignore:setup.py install is deprecated -W ignore:easy_install command is deprecated setup.py egg_info --egg-base ../../build/motor_control build --build-base /home/raspi-earth/project_ws/build/motor_control/build install --record /home/raspi-earth/project_ws/build/motor_control/install.log --single-version-externally-managed install_data
