[4.457s] Invoking command in '/home/raspi-earth/project_ws/src/motor_control': PYTHONPATH=/home/raspi-earth/project_ws/build/motor_control/prefix_override:/usr/lib/python3/dist-packages/colcon_core/task/python/colcon_distutils_commands:/home/raspi-earth/project_ws/install/motor_control/lib/python3.11/site-packages:${PYTHONPATH} /usr/bin/python3 -W ignore:setup.py install is deprecated -W ignore:easy_install command is deprecated setup.py egg_info --egg-base ../../build/motor_control build --build-base /home/raspi-earth/project_ws/build/motor_control/build install --record /home/raspi-earth/project_ws/build/motor_control/install.log --single-version-externally-managed install_data
[5.420s] running egg_info
[5.454s] writing ../../build/motor_control/motor_control.egg-info/PKG-INFO
[5.455s] writing dependency_links to ../../build/motor_control/motor_control.egg-info/dependency_links.txt
[5.456s] writing entry points to ../../build/motor_control/motor_control.egg-info/entry_points.txt
[5.457s] writing requirements to ../../build/motor_control/motor_control.egg-info/requires.txt
[5.457s] writing top-level names to ../../build/motor_control/motor_control.egg-info/top_level.txt
[5.532s] reading manifest file '../../build/motor_control/motor_control.egg-info/SOURCES.txt'
[5.533s] adding license file 'LICENSE'
[5.534s] writing manifest file '../../build/motor_control/motor_control.egg-info/SOURCES.txt'
[5.534s] running build
[5.534s] running build_py
[5.535s] running install
[5.545s] running install_lib
[5.586s] running install_data
[5.586s] running install_egg_info
[5.689s] removing '/home/raspi-earth/project_ws/install/motor_control/lib/python3.11/site-packages/motor_control-0.0.0-py3.11.egg-info' (and everything under it)
[5.689s] Copying ../../build/motor_control/motor_control.egg-info to /home/raspi-earth/project_ws/install/motor_control/lib/python3.11/site-packages/motor_control-0.0.0-py3.11.egg-info
[5.690s] running install_scripts
[5.851s] Installing servodrive script to /home/raspi-earth/project_ws/install/motor_control/lib/motor_control
[5.851s] Installing stepmotor1 script to /home/raspi-earth/project_ws/install/motor_control/lib/motor_control
[5.852s] Installing stepmotor2 script to /home/raspi-earth/project_ws/install/motor_control/lib/motor_control
[5.853s] Installing stepmotor3 script to /home/raspi-earth/project_ws/install/motor_control/lib/motor_control
[5.855s] writing list of installed files to '/home/raspi-earth/project_ws/build/motor_control/install.log'
[6.028s] Invoked command in '/home/raspi-earth/project_ws/src/motor_control' returned '0': PYTHONPATH=/home/raspi-earth/project_ws/build/motor_control/prefix_override:/usr/lib/python3/dist-packages/colcon_core/task/python/colcon_distutils_commands:/home/raspi-earth/project_ws/install/motor_control/lib/python3.11/site-packages:${PYTHONPATH} /usr/bin/python3 -W ignore:setup.py install is deprecated -W ignore:easy_install command is deprecated setup.py egg_info --egg-base ../../build/motor_control build --build-base /home/raspi-earth/project_ws/build/motor_control/build install --record /home/raspi-earth/project_ws/build/motor_control/install.log --single-version-externally-managed install_data
