[7.994s] Invoking command in '/home/raspi-earth/project_ws/src/processor_unit': PYTHONPATH=/home/raspi-earth/project_ws/build/processor_unit/prefix_override:/usr/lib/python3/dist-packages/colcon_core/task/python/colcon_distutils_commands:/home/raspi-earth/project_ws/install/processor_unit/lib/python3.11/site-packages:${PYTHONPATH} /usr/bin/python3 -W ignore:setup.py install is deprecated -W ignore:easy_install command is deprecated setup.py egg_info --egg-base ../../build/processor_unit build --build-base /home/raspi-earth/project_ws/build/processor_unit/build install --record /home/raspi-earth/project_ws/build/processor_unit/install.log --single-version-externally-managed install_data
[10.091s] running egg_info
[10.142s] writing ../../build/processor_unit/processor_unit.egg-info/PKG-INFO
[10.143s] writing dependency_links to ../../build/processor_unit/processor_unit.egg-info/dependency_links.txt
[10.143s] writing entry points to ../../build/processor_unit/processor_unit.egg-info/entry_points.txt
[10.149s] writing requirements to ../../build/processor_unit/processor_unit.egg-info/requires.txt
[10.150s] writing top-level names to ../../build/processor_unit/processor_unit.egg-info/top_level.txt
[10.287s] reading manifest file '../../build/processor_unit/processor_unit.egg-info/SOURCES.txt'
[10.288s] adding license file 'LICENSE'
[10.288s] writing manifest file '../../build/processor_unit/processor_unit.egg-info/SOURCES.txt'
[10.289s] running build
[10.290s] running build_py
[10.291s] running install
[10.302s] running install_lib
[10.381s] running install_data
[10.381s] running install_egg_info
[10.522s] removing '/home/raspi-earth/project_ws/install/processor_unit/lib/python3.11/site-packages/processor_unit-0.0.0-py3.11.egg-info' (and everything under it)
[10.530s] Copying ../../build/processor_unit/processor_unit.egg-info to /home/raspi-earth/project_ws/install/processor_unit/lib/python3.11/site-packages/processor_unit-0.0.0-py3.11.egg-info
[10.530s] running install_scripts
[10.881s] Installing main_processor script to /home/raspi-earth/project_ws/install/processor_unit/lib/processor_unit
[10.887s] writing list of installed files to '/home/raspi-earth/project_ws/build/processor_unit/install.log'
[11.100s] Invoked command in '/home/raspi-earth/project_ws/src/processor_unit' returned '0': PYTHONPATH=/home/raspi-earth/project_ws/build/processor_unit/prefix_override:/usr/lib/python3/dist-packages/colcon_core/task/python/colcon_distutils_commands:/home/raspi-earth/project_ws/install/processor_unit/lib/python3.11/site-packages:${PYTHONPATH} /usr/bin/python3 -W ignore:setup.py install is deprecated -W ignore:easy_install command is deprecated setup.py egg_info --egg-base ../../build/processor_unit build --build-base /home/raspi-earth/project_ws/build/processor_unit/build install --record /home/raspi-earth/project_ws/build/processor_unit/install.log --single-version-externally-managed install_data
