[6.838s] Invoking command in '/home/raspi-earth/project_ws/src/encoder_unit': PYTHONPATH=/home/raspi-earth/project_ws/build/encoder_unit/prefix_override:/usr/lib/python3/dist-packages/colcon_core/task/python/colcon_distutils_commands:/home/raspi-earth/project_ws/install/encoder_unit/lib/python3.11/site-packages:${PYTHONPATH} /usr/bin/python3 -W ignore:setup.py install is deprecated -W ignore:easy_install command is deprecated setup.py egg_info --egg-base ../../build/encoder_unit build --build-base /home/raspi-earth/project_ws/build/encoder_unit/build install --record /home/raspi-earth/project_ws/build/encoder_unit/install.log --single-version-externally-managed install_data
[8.271s] running egg_info
[8.331s] writing ../../build/encoder_unit/encoder_unit.egg-info/PKG-INFO
[8.332s] writing dependency_links to ../../build/encoder_unit/encoder_unit.egg-info/dependency_links.txt
[8.337s] writing entry points to ../../build/encoder_unit/encoder_unit.egg-info/entry_points.txt
[8.337s] writing requirements to ../../build/encoder_unit/encoder_unit.egg-info/requires.txt
[8.337s] writing top-level names to ../../build/encoder_unit/encoder_unit.egg-info/top_level.txt
[8.466s] reading manifest file '../../build/encoder_unit/encoder_unit.egg-info/SOURCES.txt'
[8.467s] adding license file 'LICENSE'
[8.469s] writing manifest file '../../build/encoder_unit/encoder_unit.egg-info/SOURCES.txt'
[8.469s] running build
[8.469s] running build_py
[8.469s] copying encoder_unit/limit_switch_node.py -> /home/raspi-earth/project_ws/build/encoder_unit/build/lib/encoder_unit
[8.469s] running install
[8.482s] running install_lib
[8.535s] copying /home/raspi-earth/project_ws/build/encoder_unit/build/lib/encoder_unit/limit_switch_node.py -> /home/raspi-earth/project_ws/install/encoder_unit/lib/python3.11/site-packages/encoder_unit
[8.543s] byte-compiling /home/raspi-earth/project_ws/install/encoder_unit/lib/python3.11/site-packages/encoder_unit/limit_switch_node.py to limit_switch_node.cpython-311.pyc
[8.545s] running install_data
[8.545s] running install_egg_info
[8.717s] removing '/home/raspi-earth/project_ws/install/encoder_unit/lib/python3.11/site-packages/encoder_unit-0.0.0-py3.11.egg-info' (and everything under it)
[8.717s] Copying ../../build/encoder_unit/encoder_unit.egg-info to /home/raspi-earth/project_ws/install/encoder_unit/lib/python3.11/site-packages/encoder_unit-0.0.0-py3.11.egg-info
[8.719s] running install_scripts
[8.964s] Installing as5600_1 script to /home/raspi-earth/project_ws/install/encoder_unit/lib/encoder_unit
[8.967s] Installing as5600_2 script to /home/raspi-earth/project_ws/install/encoder_unit/lib/encoder_unit
[8.968s] Installing as5600_3 script to /home/raspi-earth/project_ws/install/encoder_unit/lib/encoder_unit
[8.972s] Installing as5600_4 script to /home/raspi-earth/project_ws/install/encoder_unit/lib/encoder_unit
[8.972s] Installing as5600_5 script to /home/raspi-earth/project_ws/install/encoder_unit/lib/encoder_unit
[8.972s] Installing limit script to /home/raspi-earth/project_ws/install/encoder_unit/lib/encoder_unit
[8.972s] writing list of installed files to '/home/raspi-earth/project_ws/build/encoder_unit/install.log'
[9.264s] Invoked command in '/home/raspi-earth/project_ws/src/encoder_unit' returned '0': PYTHONPATH=/home/raspi-earth/project_ws/build/encoder_unit/prefix_override:/usr/lib/python3/dist-packages/colcon_core/task/python/colcon_distutils_commands:/home/raspi-earth/project_ws/install/encoder_unit/lib/python3.11/site-packages:${PYTHONPATH} /usr/bin/python3 -W ignore:setup.py install is deprecated -W ignore:easy_install command is deprecated setup.py egg_info --egg-base ../../build/encoder_unit build --build-base /home/raspi-earth/project_ws/build/encoder_unit/build install --record /home/raspi-earth/project_ws/build/encoder_unit/install.log --single-version-externally-managed install_data
