[11.311s] Invoking command in '/home/raspi-earth/project_ws/src/processor_unit': PYTHONPATH=/home/raspi-earth/project_ws/build/processor_unit/prefix_override:/usr/lib/python3/dist-packages/colcon_core/task/python/colcon_distutils_commands:/home/raspi-earth/project_ws/install/processor_unit/lib/python3.11/site-packages:${PYTHONPATH} /usr/bin/python3 -W ignore:setup.py install is deprecated -W ignore:easy_install command is deprecated setup.py egg_info --egg-base ../../build/processor_unit build --build-base /home/raspi-earth/project_ws/build/processor_unit/build install --record /home/raspi-earth/project_ws/build/processor_unit/install.log --single-version-externally-managed install_data
[13.968s] running egg_info
[14.051s] writing ../../build/processor_unit/processor_unit.egg-info/PKG-INFO
[14.051s] writing dependency_links to ../../build/processor_unit/processor_unit.egg-info/dependency_links.txt
[14.052s] writing entry points to ../../build/processor_unit/processor_unit.egg-info/entry_points.txt
[14.054s] writing requirements to ../../build/processor_unit/processor_unit.egg-info/requires.txt
[14.055s] writing top-level names to ../../build/processor_unit/processor_unit.egg-info/top_level.txt
[14.199s] reading manifest file '../../build/processor_unit/processor_unit.egg-info/SOURCES.txt'
[14.200s] adding license file 'LICENSE'
[14.201s] writing manifest file '../../build/processor_unit/processor_unit.egg-info/SOURCES.txt'
[14.201s] running build
[14.202s] running build_py
[14.205s] copying processor_unit/test.py -> /home/raspi-earth/project_ws/build/processor_unit/build/lib/processor_unit
[14.205s] running install
[14.231s] running install_lib
[14.318s] copying /home/raspi-earth/project_ws/build/processor_unit/build/lib/processor_unit/test.py -> /home/raspi-earth/project_ws/install/processor_unit/lib/python3.11/site-packages/processor_unit
[14.323s] byte-compiling /home/raspi-earth/project_ws/install/processor_unit/lib/python3.11/site-packages/processor_unit/test.py to test.cpython-311.pyc
[14.325s] running install_data
[14.325s] running install_egg_info
[14.448s] removing '/home/raspi-earth/project_ws/install/processor_unit/lib/python3.11/site-packages/processor_unit-0.0.0-py3.11.egg-info' (and everything under it)
[14.449s] Copying ../../build/processor_unit/processor_unit.egg-info to /home/raspi-earth/project_ws/install/processor_unit/lib/python3.11/site-packages/processor_unit-0.0.0-py3.11.egg-info
[14.451s] running install_scripts
[14.668s] Installing main_processor script to /home/raspi-earth/project_ws/install/processor_unit/lib/processor_unit
[14.668s] Installing test script to /home/raspi-earth/project_ws/install/processor_unit/lib/processor_unit
[14.669s] Installing test1 script to /home/raspi-earth/project_ws/install/processor_unit/lib/processor_unit
[14.670s] writing list of installed files to '/home/raspi-earth/project_ws/build/processor_unit/install.log'
[14.858s] Invoked command in '/home/raspi-earth/project_ws/src/processor_unit' returned '0': PYTHONPATH=/home/raspi-earth/project_ws/build/processor_unit/prefix_override:/usr/lib/python3/dist-packages/colcon_core/task/python/colcon_distutils_commands:/home/raspi-earth/project_ws/install/processor_unit/lib/python3.11/site-packages:${PYTHONPATH} /usr/bin/python3 -W ignore:setup.py install is deprecated -W ignore:easy_install command is deprecated setup.py egg_info --egg-base ../../build/processor_unit build --build-base /home/raspi-earth/project_ws/build/processor_unit/build install --record /home/raspi-earth/project_ws/build/processor_unit/install.log --single-version-externally-managed install_data
