[6.590s] Invoking command in '/home/raspi-earth/project_ws/build/encoder_unit': PYTHONPATH=/home/raspi-earth/project_ws/build/encoder_unit/prefix_override:/usr/lib/python3/dist-packages/colcon_core/task/python/colcon_distutils_commands:/home/raspi-earth/project_ws/install/encoder_unit/lib/python3.11/site-packages:${PYTHONPATH} /usr/bin/python3 -W ignore:setup.py install is deprecated -W ignore:easy_install command is deprecated setup.py develop --uninstall --editable --build-directory /home/raspi-earth/project_ws/build/encoder_unit/build
[8.095s] running develop
[8.751s] Removing /home/raspi-earth/project_ws/install/encoder_unit/lib/python3.11/site-packages/encoder-unit.egg-link (link to .)
[9.026s] Invoked command in '/home/raspi-earth/project_ws/build/encoder_unit' returned '0': PYTHONPATH=/home/raspi-earth/project_ws/build/encoder_unit/prefix_override:/usr/lib/python3/dist-packages/colcon_core/task/python/colcon_distutils_commands:/home/raspi-earth/project_ws/install/encoder_unit/lib/python3.11/site-packages:${PYTHONPATH} /usr/bin/python3 -W ignore:setup.py install is deprecated -W ignore:easy_install command is deprecated setup.py develop --uninstall --editable --build-directory /home/raspi-earth/project_ws/build/encoder_unit/build
[9.027s] Invoking command in '/home/raspi-earth/project_ws/src/encoder_unit': PYTHONPATH=/home/raspi-earth/project_ws/build/encoder_unit/prefix_override:/usr/lib/python3/dist-packages/colcon_core/task/python/colcon_distutils_commands:/home/raspi-earth/project_ws/install/encoder_unit/lib/python3.11/site-packages:${PYTHONPATH} /usr/bin/python3 -W ignore:setup.py install is deprecated -W ignore:easy_install command is deprecated setup.py egg_info --egg-base ../../build/encoder_unit build --build-base /home/raspi-earth/project_ws/build/encoder_unit/build install --record /home/raspi-earth/project_ws/build/encoder_unit/install.log --single-version-externally-managed install_data --force
[10.471s] running egg_info
[10.525s] writing ../../build/encoder_unit/encoder_unit.egg-info/PKG-INFO
[10.526s] writing dependency_links to ../../build/encoder_unit/encoder_unit.egg-info/dependency_links.txt
[10.527s] writing entry points to ../../build/encoder_unit/encoder_unit.egg-info/entry_points.txt
[10.528s] writing requirements to ../../build/encoder_unit/encoder_unit.egg-info/requires.txt
[10.528s] writing top-level names to ../../build/encoder_unit/encoder_unit.egg-info/top_level.txt
[10.637s] reading manifest file '../../build/encoder_unit/encoder_unit.egg-info/SOURCES.txt'
[10.637s] adding license file 'LICENSE'
[10.640s] writing manifest file '../../build/encoder_unit/encoder_unit.egg-info/SOURCES.txt'
[10.641s] running build
[10.643s] running build_py
[10.643s] running install
[10.670s] running install_lib
[10.735s] copying /home/raspi-earth/project_ws/build/encoder_unit/build/lib/encoder_unit/as5600_5.py -> /home/raspi-earth/project_ws/install/encoder_unit/lib/python3.11/site-packages/encoder_unit
[10.736s] copying /home/raspi-earth/project_ws/build/encoder_unit/build/lib/encoder_unit/as5600_2.py -> /home/raspi-earth/project_ws/install/encoder_unit/lib/python3.11/site-packages/encoder_unit
[10.737s] copying /home/raspi-earth/project_ws/build/encoder_unit/build/lib/encoder_unit/as5600_4.py -> /home/raspi-earth/project_ws/install/encoder_unit/lib/python3.11/site-packages/encoder_unit
[10.738s] copying /home/raspi-earth/project_ws/build/encoder_unit/build/lib/encoder_unit/as5600_3.py -> /home/raspi-earth/project_ws/install/encoder_unit/lib/python3.11/site-packages/encoder_unit
[10.739s] copying /home/raspi-earth/project_ws/build/encoder_unit/build/lib/encoder_unit/__init__.py -> /home/raspi-earth/project_ws/install/encoder_unit/lib/python3.11/site-packages/encoder_unit
[10.739s] copying /home/raspi-earth/project_ws/build/encoder_unit/build/lib/encoder_unit/as5600_1.py -> /home/raspi-earth/project_ws/install/encoder_unit/lib/python3.11/site-packages/encoder_unit
[10.740s] copying /home/raspi-earth/project_ws/build/encoder_unit/build/lib/encoder_unit/limit_switch_node.py -> /home/raspi-earth/project_ws/install/encoder_unit/lib/python3.11/site-packages/encoder_unit
[10.747s] byte-compiling /home/raspi-earth/project_ws/install/encoder_unit/lib/python3.11/site-packages/encoder_unit/as5600_5.py to as5600_5.cpython-311.pyc
[10.747s] byte-compiling /home/raspi-earth/project_ws/install/encoder_unit/lib/python3.11/site-packages/encoder_unit/as5600_2.py to as5600_2.cpython-311.pyc
[10.749s] byte-compiling /home/raspi-earth/project_ws/install/encoder_unit/lib/python3.11/site-packages/encoder_unit/as5600_4.py to as5600_4.cpython-311.pyc
[10.752s] byte-compiling /home/raspi-earth/project_ws/install/encoder_unit/lib/python3.11/site-packages/encoder_unit/as5600_3.py to as5600_3.cpython-311.pyc
[10.754s] byte-compiling /home/raspi-earth/project_ws/install/encoder_unit/lib/python3.11/site-packages/encoder_unit/__init__.py to __init__.cpython-311.pyc
[10.754s] byte-compiling /home/raspi-earth/project_ws/install/encoder_unit/lib/python3.11/site-packages/encoder_unit/as5600_1.py to as5600_1.cpython-311.pyc
[10.757s] byte-compiling /home/raspi-earth/project_ws/install/encoder_unit/lib/python3.11/site-packages/encoder_unit/limit_switch_node.py to limit_switch_node.cpython-311.pyc
[10.759s] running install_data
[10.759s] copying resource/encoder_unit -> /home/raspi-earth/project_ws/install/encoder_unit/share/ament_index/resource_index/packages
[10.760s] copying package.xml -> /home/raspi-earth/project_ws/install/encoder_unit/share/encoder_unit
[10.760s] running install_egg_info
[10.914s] Copying ../../build/encoder_unit/encoder_unit.egg-info to /home/raspi-earth/project_ws/install/encoder_unit/lib/python3.11/site-packages/encoder_unit-0.0.0-py3.11.egg-info
[10.916s] running install_scripts
[11.160s] Installing as5600_1 script to /home/raspi-earth/project_ws/install/encoder_unit/lib/encoder_unit
[11.162s] Installing as5600_2 script to /home/raspi-earth/project_ws/install/encoder_unit/lib/encoder_unit
[11.162s] Installing as5600_3 script to /home/raspi-earth/project_ws/install/encoder_unit/lib/encoder_unit
[11.163s] Installing as5600_4 script to /home/raspi-earth/project_ws/install/encoder_unit/lib/encoder_unit
[11.165s] Installing as5600_5 script to /home/raspi-earth/project_ws/install/encoder_unit/lib/encoder_unit
[11.166s] Installing limit script to /home/raspi-earth/project_ws/install/encoder_unit/lib/encoder_unit
[11.168s] writing list of installed files to '/home/raspi-earth/project_ws/build/encoder_unit/install.log'
[11.402s] Invoked command in '/home/raspi-earth/project_ws/src/encoder_unit' returned '0': PYTHONPATH=/home/raspi-earth/project_ws/build/encoder_unit/prefix_override:/usr/lib/python3/dist-packages/colcon_core/task/python/colcon_distutils_commands:/home/raspi-earth/project_ws/install/encoder_unit/lib/python3.11/site-packages:${PYTHONPATH} /usr/bin/python3 -W ignore:setup.py install is deprecated -W ignore:easy_install command is deprecated setup.py egg_info --egg-base ../../build/encoder_unit build --build-base /home/raspi-earth/project_ws/build/encoder_unit/build install --record /home/raspi-earth/project_ws/build/encoder_unit/install.log --single-version-externally-managed install_data --force
